<?xml version="1.0" encoding="UTF-8"?>
<testsuite name="com.example.platform.sandbox.ContainerSandboxProcessLauncherIntegrationTest" tests="1" skipped="0" failures="0" errors="0" timestamp="2026-09-08T20:53:00.448Z" hostname="localhost.localdomain" time="20.977">
  <properties/>
  <testcase name="rootless_container_mechanically_enforces_the_advertised_boundaries()" classname="com.example.platform.sandbox.ContainerSandboxProcessLauncherIntegrationTest" time="20.977"/>
  <system-out><![CDATA[]]></system-out>
  <system-err><![CDATA[]]></system-err>
</testsuite>
