<?xml version="1.0" encoding="UTF-8"?>
<testsuite name="com.example.platform.sandbox.BubblewrapSandboxProcessLauncherIntegrationTest" tests="1" skipped="0" failures="0" errors="0" timestamp="2026-09-08T20:52:58.785Z" hostname="localhost.localdomain" time="1.659">
  <properties/>
  <testcase name="real_bubblewrap_enforces_the_advertised_host_binary_boundaries()" classname="com.example.platform.sandbox.BubblewrapSandboxProcessLauncherIntegrationTest" time="1.659"/>
  <system-out><![CDATA[]]></system-out>
  <system-err><![CDATA[]]></system-err>
</testsuite>
