{"numTotalTestSuites":20,"numPassedTestSuites":20,"numFailedTestSuites":0,"numPendingTestSuites":0,"numTotalTests":204,"numPassedTests":204,"numFailedTests":0,"numPendingTests":0,"numTodoTests":0,"snapshot":{"added":0,"failure":false,"filesAdded":0,"filesRemoved":0,"filesRemovedList":[],"filesUnmatched":0,"filesUpdated":0,"matched":0,"total":0,"unchecked":0,"uncheckedKeysByFile":[],"unmatched":0,"updated":0,"didUpdate":false},"startTime":1788850713777,"success":true,"testResults":[{"assertionResults":[{"ancestorTitles":["runtime route registration and deep-link restoration"],"fullName":"runtime route registration and deep-link restoration registers every implemented page and preserved legacy link exactly once","status":"passed","title":"registers every implemented page and preserved legacy link exactly once","duration":14.545344999999998,"failureMessages":[],"meta":{}},{"ancestorTitles":["runtime route registration and deep-link restoration"],"fullName":"runtime route registration and deep-link restoration restores Workspace, Project, and surface identity from a creative deep link and fails unauthorized commands closed","status":"passed","title":"restores Workspace, Project, and surface identity from a creative deep link and fails unauthorized commands closed","duration":536.6075220000002,"failureMessages":[],"meta":{}},{"ancestorTitles":["runtime route registration and deep-link restoration"],"fullName":"runtime route registration and deep-link restoration remounts the ProjectFrame subtree when same-route Workspace or Project parameters change","status":"passed","title":"remounts the ProjectFrame subtree when same-route Workspace or Project parameters change","duration":145.90378599999985,"failureMessages":[],"meta":{}},{"ancestorTitles":["runtime route registration and deep-link restoration"],"fullName":"runtime route registration and deep-link restoration integrates the disposable sketch on the Workflow route while invoke remains unavailable","status":"passed","title":"integrates the disposable sketch on the Workflow route while invoke remains unavailable","duration":368.1737539999999,"failureMessages":[],"meta":{}},{"ancestorTitles":["runtime route registration and deep-link restoration"],"fullName":"runtime route registration and deep-link restoration reaches the post-H7 edit route and loads explicit canonical HEAD authority","status":"passed","title":"reaches the post-H7 edit route and loads explicit canonical HEAD authority","duration":394.369823,"failureMessages":[],"meta":{}},{"ancestorTitles":["runtime route registration and deep-link restoration"],"fullName":"runtime route registration and deep-link restoration renders the Workspace to Projects entry without synthesizing a Project selection","status":"passed","title":"renders the Workspace to Projects entry without synthesizing a Project selection","duration":356.4680619999999,"failureMessages":[],"meta":{}},{"ancestorTitles":["runtime route registration and deep-link restoration"],"fullName":"runtime route registration and deep-link restoration routes the existing Projects destination to the fail-closed recent-project browser without using Workspace home as its source","status":"passed","title":"routes the existing Projects destination to the fail-closed recent-project browser without using Workspace home as its source","duration":333.6337910000002,"failureMessages":[],"meta":{}},{"ancestorTitles":["runtime route registration and deep-link restoration"],"fullName":"runtime route registration and deep-link restoration routes Operations renders to the fail-closed source browser and leaves Storage behavior unchanged","status":"passed","title":"routes Operations renders to the fail-closed source browser and leaves Storage behavior unchanged","duration":354.545263,"failureMessages":[],"meta":{}},{"ancestorTitles":["runtime route registration and deep-link restoration"],"fullName":"runtime route registration and deep-link restoration registers the Project Production consumer with exact route scope and no implicit fixture or request","status":"passed","title":"registers the Project Production consumer with exact route scope and no implicit fixture or request","duration":350.56572400000005,"failureMessages":[],"meta":{}},{"ancestorTitles":["runtime route registration and deep-link restoration"],"fullName":"runtime route registration and deep-link restoration handles Workspace API errors without inventing an empty state","status":"passed","title":"handles Workspace API errors without inventing an empty state","duration":35.03935300000012,"failureMessages":[],"meta":{}},{"ancestorTitles":["runtime route registration and deep-link restoration"],"fullName":"runtime route registration and deep-link restoration preserves the historical default API export alongside the additive platform client","status":"passed","title":"preserves the historical default API export alongside the additive platform client","duration":0.41281700000035926,"failureMessages":[],"meta":{}}],"startTime":1788850716741,"endTime":1788850719631.4128,"status":"passed","message":"","name":"/home/user/Documents/workspace/projects/.worktrees/frontend-wave2-product-ux-v1/frontend/src/app/routeTree.test.tsx"},{"assertionResults":[{"ancestorTitles":[],"fullName":"converges direct keyboard, toolbar, inspector, command and Agent reveal on the same selection","status":"passed","title":"converges direct keyboard, toolbar, inspector, command and Agent reveal on the same selection","duration":258.38815699999986,"failureMessages":[],"meta":{}},{"ancestorTitles":[],"fullName":"modifies a synthetic rename, applies only local presentation, and updates palette discovery","status":"passed","title":"modifies a synthetic rename, applies only local presentation, and updates palette discovery","duration":211.0357509999999,"failureMessages":[],"meta":{}},{"ancestorTitles":[],"fullName":"offers two explicit synthetic clips whose modifier selection drives shared shell contexts","status":"passed","title":"offers two explicit synthetic clips whose modifier selection drives shared shell contexts","duration":280.80570899999975,"failureMessages":[],"meta":{}},{"ancestorTitles":[],"fullName":"keeps Product UI locale independent from generated Agent conversation language","status":"passed","title":"keeps Product UI locale independent from generated Agent conversation language","duration":18.78932999999961,"failureMessages":[],"meta":{}},{"ancestorTitles":[],"fullName":"rejects stale UI proposals and resets context synchronously across project and surface changes","status":"passed","title":"rejects stale UI proposals and resets context synchronously across project and surface changes","duration":29.210257999999158,"failureMessages":[],"meta":{}},{"ancestorTitles":[],"fullName":"opens Inspector through the local Agent action, closes the dialog, and restores launcher focus","status":"passed","title":"opens Inspector through the local Agent action, closes the dialog, and restores launcher focus","duration":93.72651700000006,"failureMessages":[],"meta":{}},{"ancestorTitles":[],"fullName":"keeps technical proposal evidence closed until diagnostics are explicitly opened","status":"passed","title":"keeps technical proposal evidence closed until diagnostics are explicitly opened","duration":138.07987799999955,"failureMessages":[],"meta":{}},{"ancestorTitles":[],"fullName":"traps Agent focus and restores its launcher after Escape and backdrop dismissal","status":"passed","title":"traps Agent focus and restores its launcher after Escape and backdrop dismissal","duration":18.7127330000003,"failureMessages":[],"meta":{}},{"ancestorTitles":[],"fullName":"keeps Agent header, conversation body, and composer in independent regions","status":"passed","title":"keeps Agent header, conversation body, and composer in independent regions","duration":18.777264000000287,"failureMessages":[],"meta":{}},{"ancestorTitles":[],"fullName":"preserves internal dialog mousedown defaults, text entry and button clicks","status":"passed","title":"preserves internal dialog mousedown defaults, text entry and button clicks","duration":17.28053699999964,"failureMessages":[],"meta":{}},{"ancestorTitles":[],"fullName":"refreshes adapter projections after render, invalidates old proposals, and prunes without a render loop","status":"passed","title":"refreshes adapter projections after render, invalidates old proposals, and prunes without a render loop","duration":25.627352999999857,"failureMessages":[],"meta":{}},{"ancestorTitles":[],"fullName":"localizes shared multi-selection and unavailable commands with stable action IDs","status":"passed","title":"localizes shared multi-selection and unavailable commands with stable action IDs","duration":24.343259999999646,"failureMessages":[],"meta":{}},{"ancestorTitles":[],"fullName":"binds Canvas multi-selection to Inspector, toolbar, Command and Agent and invalidates a primary-only proposal","status":"passed","title":"binds Canvas multi-selection to Inspector, toolbar, Command and Agent and invalidates a primary-only proposal","duration":136.28525600000012,"failureMessages":[],"meta":{}},{"ancestorTitles":[],"fullName":"increases mounted provider revision across workspace, project and surface scopes with fresh empty lifetimes","status":"passed","title":"increases mounted provider revision across workspace, project and surface scopes with fresh empty lifetimes","duration":14.729690000000119,"failureMessages":[],"meta":{}},{"ancestorTitles":[],"fullName":"Slice1C pagehide persisted=false retires synchronously and pageshow starts fresh without restoring proposals","status":"passed","title":"Slice1C pagehide persisted=false retires synchronously and pageshow starts fresh without restoring proposals","duration":15.18325299999924,"failureMessages":[],"meta":{}},{"ancestorTitles":[],"fullName":"Slice1C pagehide persisted=true retires synchronously and pageshow starts fresh without restoring proposals","status":"passed","title":"Slice1C pagehide persisted=true retires synchronously and pageshow starts fresh without restoring proposals","duration":14.584522999999535,"failureMessages":[],"meta":{}},{"ancestorTitles":[],"fullName":"Slice1C actual route query and hash preserve the same live exact owner and proposal; focus is independent","status":"passed","title":"Slice1C actual route query and hash preserve the same live exact owner and proposal; focus is independent","duration":418.34807699999965,"failureMessages":[],"meta":{}},{"ancestorTitles":[],"fullName":"Slice1C actual route surface change is empty and fresh with no colliding localId carry and atomic observations","status":"passed","title":"Slice1C actual route surface change is empty and fresh with no colliding localId carry and atomic observations","duration":88.17742200000066,"failureMessages":[],"meta":{}},{"ancestorTitles":[],"fullName":"Slice1C actual route project change is empty and fresh with no colliding localId carry and atomic observations","status":"passed","title":"Slice1C actual route project change is empty and fresh with no colliding localId carry and atomic observations","duration":99.80064499999935,"failureMessages":[],"meta":{}},{"ancestorTitles":[],"fullName":"Slice1C actual route workspace change is empty and fresh with no colliding localId carry and atomic observations","status":"passed","title":"Slice1C actual route workspace change is empty and fresh with no colliding localId carry and atomic observations","duration":90.62727799999993,"failureMessages":[],"meta":{}},{"ancestorTitles":[],"fullName":"Slice1C actual Back and Forward recreate owners without historical membership","status":"passed","title":"Slice1C actual Back and Forward recreate owners without historical membership","duration":151.96219500000007,"failureMessages":[],"meta":{}},{"ancestorTitles":[],"fullName":"Slice1C aborted precommit navigation retains the actual old owner and exact valid proposal","status":"passed","title":"Slice1C aborted precommit navigation retains the actual old owner and exact valid proposal","duration":50.028471999999965,"failureMessages":[],"meta":{}},{"ancestorTitles":[],"fullName":"Slice1C committed unresolved and ERROR targets expose no old selection or adapter and late responses cannot reactivate them","status":"passed","title":"Slice1C committed unresolved and ERROR targets expose no old selection or adapter and late responses cannot reactivate them","duration":59.451962000000094,"failureMessages":[],"meta":{}},{"ancestorTitles":[],"fullName":"Slice1C malformed or missing route IDs and unsupported surface /w/w/projects/%20/canvas expose no old owner","status":"passed","title":"Slice1C malformed or missing route IDs and unsupported surface /w/w/projects/%20/canvas expose no old owner","duration":47.692667999999685,"failureMessages":[],"meta":{}},{"ancestorTitles":[],"fullName":"Slice1C malformed or missing route IDs and unsupported surface /w/%20/projects/p/canvas expose no old owner","status":"passed","title":"Slice1C malformed or missing route IDs and unsupported surface /w/%20/projects/p/canvas expose no old owner","duration":49.620788000000175,"failureMessages":[],"meta":{}},{"ancestorTitles":[],"fullName":"Slice1C malformed or missing route IDs and unsupported surface /w/w/projects/p/unsupported expose no old owner","status":"passed","title":"Slice1C malformed or missing route IDs and unsupported surface /w/w/projects/p/unsupported expose no old owner","duration":53.63097000000016,"failureMessages":[],"meta":{}},{"ancestorTitles":[],"fullName":"Slice1C malformed or missing route IDs and unsupported surface /w/w/projects/canvas expose no old owner","status":"passed","title":"Slice1C malformed or missing route IDs and unsupported surface /w/w/projects/canvas expose no old owner","duration":48.60528400000021,"failureMessages":[],"meta":{}},{"ancestorTitles":[],"fullName":"Slice1C BLOCKED unknown project is explicitly provisional and confers no canonical authorization","status":"passed","title":"Slice1C BLOCKED unknown project is explicitly provisional and confers no canonical authorization","duration":57.962477999999464,"failureMessages":[],"meta":{}},{"ancestorTitles":[],"fullName":"Slice1C StrictMode adapter and owner recreation stays usable but never resurrects a retired proposal","status":"passed","title":"Slice1C StrictMode adapter and owner recreation stays usable but never resurrects a retired proposal","duration":7.047039000000041,"failureMessages":[],"meta":{}},{"ancestorTitles":[],"fullName":"Slice1C actual route commit cancels drag before old DOM retirement without partial geometry commit","status":"passed","title":"Slice1C actual route commit cancels drag before old DOM retirement without partial geometry commit","duration":86.41975000000002,"failureMessages":[],"meta":{}},{"ancestorTitles":[],"fullName":"Slice1C actual route commit cancels marquee before old DOM retirement without partial geometry commit","status":"passed","title":"Slice1C actual route commit cancels marquee before old DOM retirement without partial geometry commit","duration":93.90678200000002,"failureMessages":[],"meta":{}},{"ancestorTitles":[],"fullName":"Slice1C actual route commit cancels pan before old DOM retirement without partial geometry commit","status":"passed","title":"Slice1C actual route commit cancels pan before old DOM retirement without partial geometry commit","duration":73.18135600000005,"failureMessages":[],"meta":{}},{"ancestorTitles":[],"fullName":"palette enters search, clamps enabled arrows, owns result Home/End and scrolls focused buttons","status":"passed","title":"palette enters search, clamps enabled arrows, owns result Home/End and scrolls focused buttons","duration":8.228746999999203,"failureMessages":[],"meta":{}},{"ancestorTitles":[],"fullName":"palette preserves editing and modified keys; input Enter is inert and native result click executes once","status":"passed","title":"palette preserves editing and modified keys; input Enter is inert and native result click executes once","duration":8.932718000000023,"failureMessages":[],"meta":{}},{"ancestorTitles":[],"fullName":"palette reconciles filter, no-match, all-unavailable and removed or disabled active results","status":"passed","title":"palette reconciles filter, no-match, all-unavailable and removed or disabled active results","duration":9.481066000000283,"failureMessages":[],"meta":{}},{"ancestorTitles":[],"fullName":"palette resolves replacement by stable ID despite label and order changes","status":"passed","title":"palette resolves replacement by stable ID despite label and order changes","duration":8.405205999999453,"failureMessages":[],"meta":{}},{"ancestorTitles":[],"fullName":"palette blocks simulated IME navigation, activation and Escape (events)","status":"passed","title":"palette blocks simulated IME navigation, activation and Escape (events)","duration":12.653392000000167,"failureMessages":[],"meta":{}},{"ancestorTitles":[],"fullName":"palette blocks simulated IME navigation, activation and Escape (native)","status":"passed","title":"palette blocks simulated IME navigation, activation and Escape (native)","duration":8.165528999999879,"failureMessages":[],"meta":{}},{"ancestorTitles":[],"fullName":"palette blocks simulated IME navigation, activation and Escape (legacy)","status":"passed","title":"palette blocks simulated IME navigation, activation and Escape (legacy)","duration":7.851906999999301,"failureMessages":[],"meta":{}},{"ancestorTitles":[],"fullName":"palette has localized purpose, one live status and external unavailable descriptions in en","status":"passed","title":"palette has localized purpose, one live status and external unavailable descriptions in en","duration":6.980091000000357,"failureMessages":[],"meta":{}},{"ancestorTitles":[],"fullName":"palette has localized purpose, one live status and external unavailable descriptions in zh-CN","status":"passed","title":"palette has localized purpose, one live status and external unavailable descriptions in zh-CN","duration":6.43704500000058,"failureMessages":[],"meta":{}},{"ancestorTitles":[],"fullName":"palette retains dialog Tab boundary trap, Escape and launcher restoration","status":"passed","title":"palette retains dialog Tab boundary trap, Escape and launcher restoration","duration":44.519868999999744,"failureMessages":[],"meta":{}},{"ancestorTitles":[],"fullName":"palette selection projections reject retained closures and dispatch current primary/query without focus selection changes","status":"passed","title":"palette selection projections reject retained closures and dispatch current primary/query without focus selection changes","duration":14.737240000000384,"failureMessages":[],"meta":{}},{"ancestorTitles":[],"fullName":"palette suppresses a simulated composing Space release after composition ends","status":"passed","title":"palette suppresses a simulated composing Space release after composition ends","duration":5.240062000000762,"failureMessages":[],"meta":{}},{"ancestorTitles":[],"fullName":"retained Selection commands reject changed revisions before dispatch, including untargeted actions","status":"passed","title":"retained Selection commands reject changed revisions before dispatch, including untargeted actions","duration":13.551762000000053,"failureMessages":[],"meta":{}},{"ancestorTitles":[],"fullName":"V5 discovers Canvas history in the shared palette, reconciles Inspector and keeps canonical actions disabled","status":"passed","title":"V5 discovers Canvas history in the shared palette, reconciles Inspector and keeps canonical actions disabled","duration":151.2413150000002,"failureMessages":[],"meta":{}},{"ancestorTitles":[],"fullName":"V5 retained contextual history checks live adapter availability even before a new render","status":"passed","title":"V5 retained contextual history checks live adapter availability even before a new render","duration":1.7272200000006706,"failureMessages":[],"meta":{}}],"startTime":1788850717388,"endTime":1788850720488.7273,"status":"passed","message":"","name":"/home/user/Documents/workspace/projects/.worktrees/frontend-wave2-product-ux-v1/frontend/src/interaction/InteractionShell.test.tsx"},{"assertionResults":[{"ancestorTitles":["product selection and intent boundary"],"fullName":"product selection and intent boundary owns structural multiselection and rejects unknown presentation IDs","status":"passed","title":"owns structural multiselection and rejects unknown presentation IDs","duration":10.963347999999996,"failureMessages":[],"meta":{}},{"ancestorTitles":["product selection and intent boundary"],"fullName":"product selection and intent boundary keeps an explicit primary while multi-selection can contract, and invalidates a proposal on time or selection","status":"passed","title":"keeps an explicit primary while multi-selection can contract, and invalidates a proposal on time or selection","duration":5.08190599999989,"failureMessages":[],"meta":{}},{"ancestorTitles":["product selection and intent boundary"],"fullName":"product selection and intent boundary lowers the same rename intent identically from every invocation source","status":"passed","title":"lowers the same rename intent identically from every invocation source","duration":2.012324999999919,"failureMessages":[],"meta":{}},{"ancestorTitles":["product selection and intent boundary"],"fullName":"product selection and intent boundary rejects canonical requests before invoking any surface adapter","status":"passed","title":"rejects canonical requests before invoking any surface adapter","duration":1.5802229999999327,"failureMessages":[],"meta":{}},{"ancestorTitles":["product selection and intent boundary"],"fullName":"product selection and intent boundary preserves selection while hiding inspector and resets in a fresh scope","status":"passed","title":"preserves selection while hiding inspector and resets in a fresh scope","duration":0.5172150000000784,"failureMessages":[],"meta":{}},{"ancestorTitles":["product selection and intent boundary"],"fullName":"product selection and intent boundary interprets supplied local title and rejects stale proposals even after selection returns","status":"passed","title":"interprets supplied local title and rejects stale proposals even after selection returns","duration":0.8244400000000951,"failureMessages":[],"meta":{}},{"ancestorTitles":["product selection and intent boundary"],"fullName":"product selection and intent boundary fails closed for unknown interpretation, cross-store proposal and wrong categories","status":"passed","title":"fails closed for unknown interpretation, cross-store proposal and wrong categories","duration":0.6972889999999552,"failureMessages":[],"meta":{}},{"ancestorTitles":["product selection and intent boundary"],"fullName":"product selection and intent boundary bounds explicit simulated time and projects revision questions without fabricating facts","status":"passed","title":"bounds explicit simulated time and projects revision questions without fabricating facts","duration":0.5322599999999511,"failureMessages":[],"meta":{}},{"ancestorTitles":["scoped ordered selection invariants"],"fullName":"scoped ordered selection invariants replaces in input order, toggles additions, removes primary, and clears with true no-ops","status":"passed","title":"replaces in input order, toggles additions, removes primary, and clears with true no-ops","duration":3.7471130000001267,"failureMessages":[],"meta":{}},{"ancestorTitles":["scoped ordered selection invariants"],"fullName":"scoped ordered selection invariants rejects wrong scope, kind, unknown, edge, stale revision and lifetime without changing membership","status":"passed","title":"rejects wrong scope, kind, unknown, edge, stale revision and lifetime without changing membership","duration":1.2889479999998912,"failureMessages":[],"meta":{}},{"ancestorTitles":["scoped ordered selection invariants"],"fullName":"scoped ordered selection invariants reconciles changed projections and missing objects before Agent apply; leave rotates lifetime","status":"passed","title":"reconciles changed projections and missing objects before Agent apply; leave rotates lifetime","duration":2.1697580000000016,"failureMessages":[],"meta":{}},{"ancestorTitles":["scoped ordered selection invariants"],"fullName":"scoped ordered selection invariants does not invalidate on inspector, Agent, reveal, or unchanged local geometry/title","status":"passed","title":"does not invalidate on inspector, Agent, reveal, or unchanged local geometry/title","duration":0.5794390000000931,"failureMessages":[],"meta":{}},{"ancestorTitles":[],"fullName":"keeps published snapshots immutable and rejects a second active adapter","status":"passed","title":"keeps published snapshots immutable and rejects a second active adapter","duration":1.369470999999976,"failureMessages":[],"meta":{}},{"ancestorTitles":[],"fullName":"distinguishes presentation kinds sharing a local ID and rejects ambiguous ID-only operations","status":"passed","title":"distinguishes presentation kinds sharing a local ID and rejects ambiguous ID-only operations","duration":0.5299919999999929,"failureMessages":[],"meta":{}},{"ancestorTitles":[],"fullName":"increments revision for a primary-only change and preserves ordered membership on a repeated no-op","status":"passed","title":"increments revision for a primary-only change and preserves ordered membership on a repeated no-op","duration":0.8974450000000616,"failureMessages":[],"meta":{}},{"ancestorTitles":[],"fullName":"Slice1C retirement invalidates ownership synchronously and rejects retained mutations and proposals","status":"passed","title":"Slice1C retirement invalidates ownership synchronously and rejects retained mutations and proposals","duration":0.9348650000001726,"failureMessages":[],"meta":{}},{"ancestorTitles":[],"fullName":"V5 dispatch enforces live history availability without selection and rejects canonical and other surfaces","status":"passed","title":"V5 dispatch enforces live history availability without selection and rejects canonical and other surfaces","duration":0.9015819999999621,"failureMessages":[],"meta":{}}],"startTime":1788850715088,"endTime":1788850715123.9016,"status":"passed","message":"","name":"/home/user/Documents/workspace/projects/.worktrees/frontend-wave2-product-ux-v1/frontend/src/interaction/model.test.ts"},{"assertionResults":[{"ancestorTitles":["localization runtime"],"fullName":"localization runtime renders bundled English and Chinese, switches at runtime, formats values, and falls back per key","status":"passed","title":"renders bundled English and Chinese, switches at runtime, formats values, and falls back per key","duration":81.2498149999999,"failureMessages":[],"meta":{}},{"ancestorTitles":["localization runtime"],"fullName":"localization runtime uses an explicit development marker for an unknown key","status":"passed","title":"uses an explicit development marker for an unknown key","duration":2.2960579999999027,"failureMessages":[],"meta":{}},{"ancestorTitles":["localization runtime"],"fullName":"localization runtime validates required interpolation parameters and ignores extras","status":"passed","title":"validates required interpolation parameters and ignores extras","duration":2.7505599999999504,"failureMessages":[],"meta":{}},{"ancestorTitles":["localization runtime"],"fullName":"localization runtime keeps synchronous bundled copy through remote outage and invalid payloads, then accepts valid remote copy","status":"passed","title":"keeps synchronous bundled copy through remote outage and invalid payloads, then accepts valid remote copy","duration":40.57237199999986,"failureMessages":[],"meta":{}},{"ancestorTitles":["localization runtime"],"fullName":"localization runtime prevents a stale locale request from replacing the current locale","status":"passed","title":"prevents a stale locale request from replacing the current locale","duration":18.022457999999915,"failureMessages":[],"meta":{}},{"ancestorTitles":["localization runtime"],"fullName":"localization runtime loads a fresh-object provider once per unresolved locale and reuses resolved cache entries","status":"passed","title":"loads a fresh-object provider once per unresolved locale and reuses resolved cache entries","duration":25.60917100000006,"failureMessages":[],"meta":{}},{"ancestorTitles":["localization runtime"],"fullName":"localization runtime honors an injected resolved cache without refreshing it","status":"passed","title":"honors an injected resolved cache without refreshing it","duration":3.9749339999998483,"failureMessages":[],"meta":{}},{"ancestorTitles":["localization runtime"],"fullName":"localization runtime rejects validly digested remote keys and parameter contracts that diverge from English","status":"passed","title":"rejects validly digested remote keys and parameter contracts that diverge from English","duration":10.967285999999831,"failureMessages":[],"meta":{}},{"ancestorTitles":["catalog contract"],"fullName":"catalog contract provides bundled catalogs through a concrete synchronous provider boundary","status":"passed","title":"provides bundled catalogs through a concrete synchronous provider boundary","duration":0.5051670000000286,"failureMessages":[],"meta":{}},{"ancestorTitles":["catalog contract"],"fullName":"catalog contract uses the standard SHA-256 digest algorithm","status":"passed","title":"uses the standard SHA-256 digest algorithm","duration":1.6861610000000837,"failureMessages":[],"meta":{}},{"ancestorTitles":["catalog contract"],"fullName":"catalog contract rejects schema and catalog version mismatches, unknown fields, HTML, malformed locale/namespaces/digest/params, and digest tampering","status":"passed","title":"rejects schema and catalog version mismatches, unknown fields, HTML, malformed locale/namespaces/digest/params, and digest tampering","duration":1.1875330000000304,"failureMessages":[],"meta":{}},{"ancestorTitles":["catalog contract"],"fullName":"catalog contract contains malformed and prototype-key inputs and permits repeated placeholders under one parameter contract","status":"passed","title":"contains malformed and prototype-key inputs and permits repeated placeholders under one parameter contract","duration":2.363487999999961,"failureMessages":[],"meta":{}},{"ancestorTitles":["catalog contract"],"fullName":"catalog contract guards every required source key","status":"passed","title":"guards every required source key","duration":1.794922999999926,"failureMessages":[],"meta":{}}],"startTime":1788850715521,"endTime":1788850715715.795,"status":"passed","message":"","name":"/home/user/Documents/workspace/projects/.worktrees/frontend-wave2-product-ux-v1/frontend/src/localization/localization.test.tsx"},{"assertionResults":[{"ancestorTitles":["shared application shell"],"fullName":"shared application shell switches Product UI locale from the shell selector","status":"passed","title":"switches Product UI locale from the shell selector","duration":115.44582199999968,"failureMessages":[],"meta":{}},{"ancestorTitles":["shared application shell"],"fullName":"shared application shell allows remote copy replacement without changing protected command availability","status":"passed","title":"allows remote copy replacement without changing protected command availability","duration":78.83423799999991,"failureMessages":[],"meta":{}},{"ancestorTitles":["shared application shell"],"fullName":"shared application shell exposes keyboard-reachable navigation and named panel controls","status":"passed","title":"exposes keyboard-reachable navigation and named panel controls","duration":51.924027000000024,"failureMessages":[],"meta":{}},{"ancestorTitles":["shared application shell"],"fullName":"shared application shell opens a palette whose protected commands remain disabled","status":"passed","title":"opens a palette whose protected commands remain disabled","duration":39.343647999999575,"failureMessages":[],"meta":{}},{"ancestorTitles":[],"fullName":"uses only horizontal Studio and leaves text-entry shortcuts alone","status":"passed","title":"uses only horizontal Studio and leaves text-entry shortcuts alone","duration":16.542245000000094,"failureMessages":[],"meta":{}},{"ancestorTitles":["real AppShell unavailable descriptions in 'en'"],"fullName":"real AppShell unavailable descriptions in 'en' localizes real missing access before and after the fail-closed adapter resolves","status":"passed","title":"localizes real missing access before and after the fail-closed adapter resolves","duration":53.77390699999978,"failureMessages":[],"meta":{}},{"ancestorTitles":["real AppShell unavailable descriptions in 'en'"],"fullName":"real AppShell unavailable descriptions in 'en' localizes the unresolved project explanation","status":"passed","title":"localizes the unresolved project explanation","duration":26.990469000000303,"failureMessages":[],"meta":{}},{"ancestorTitles":["real AppShell unavailable descriptions in 'en'"],"fullName":"real AppShell unavailable descriptions in 'en' localizes the hidden surface explanation ahead of unresolved project and access reasons","status":"passed","title":"localizes the hidden surface explanation ahead of unresolved project and access reasons","duration":35.31205799999998,"failureMessages":[],"meta":{}},{"ancestorTitles":["real AppShell unavailable descriptions in 'en'"],"fullName":"real AppShell unavailable descriptions in 'en' preserves opaque server explanation verbatim: Denied by workspace policy P-42.","status":"passed","title":"preserves opaque server explanation verbatim: Denied by workspace policy P-42.","duration":28.890395999999782,"failureMessages":[],"meta":{}},{"ancestorTitles":["real AppShell unavailable descriptions in 'en'"],"fullName":"real AppShell unavailable descriptions in 'en' preserves opaque server explanation verbatim: This surface is not discoverable at its current maturity.","status":"passed","title":"preserves opaque server explanation verbatim: This surface is not discoverable at its current maturity.","duration":33.688071000000036,"failureMessages":[],"meta":{}},{"ancestorTitles":["real AppShell unavailable descriptions in 'en'"],"fullName":"real AppShell unavailable descriptions in 'en' preserves opaque server explanation verbatim: A server-resolved Project context is required.","status":"passed","title":"preserves opaque server explanation verbatim: A server-resolved Project context is required.","duration":25.666193999999905,"failureMessages":[],"meta":{}},{"ancestorTitles":["real AppShell unavailable descriptions in 'en'"],"fullName":"real AppShell unavailable descriptions in 'en' preserves opaque server explanation verbatim: Effective access is not available from the server. This action is disabled.","status":"passed","title":"preserves opaque server explanation verbatim: Effective access is not available from the server. This action is disabled.","duration":31.618664999999964,"failureMessages":[],"meta":{}},{"ancestorTitles":["real AppShell unavailable descriptions in 'en'"],"fullName":"real AppShell unavailable descriptions in 'en' keeps canonical actions disabled with localized copy even for available access","status":"passed","title":"keeps canonical actions disabled with localized copy even for available access","duration":26.66348199999993,"failureMessages":[],"meta":{}},{"ancestorTitles":["real AppShell unavailable descriptions in 'zh-CN'"],"fullName":"real AppShell unavailable descriptions in 'zh-CN' localizes real missing access before and after the fail-closed adapter resolves","status":"passed","title":"localizes real missing access before and after the fail-closed adapter resolves","duration":49.109715999999935,"failureMessages":[],"meta":{}},{"ancestorTitles":["real AppShell unavailable descriptions in 'zh-CN'"],"fullName":"real AppShell unavailable descriptions in 'zh-CN' localizes the unresolved project explanation","status":"passed","title":"localizes the unresolved project explanation","duration":32.3823510000002,"failureMessages":[],"meta":{}},{"ancestorTitles":["real AppShell unavailable descriptions in 'zh-CN'"],"fullName":"real AppShell unavailable descriptions in 'zh-CN' localizes the hidden surface explanation ahead of unresolved project and access reasons","status":"passed","title":"localizes the hidden surface explanation ahead of unresolved project and access reasons","duration":34.16396399999985,"failureMessages":[],"meta":{}},{"ancestorTitles":["real AppShell unavailable descriptions in 'zh-CN'"],"fullName":"real AppShell unavailable descriptions in 'zh-CN' preserves opaque server explanation verbatim: Denied by workspace policy P-42.","status":"passed","title":"preserves opaque server explanation verbatim: Denied by workspace policy P-42.","duration":23.413446999999906,"failureMessages":[],"meta":{}},{"ancestorTitles":["real AppShell unavailable descriptions in 'zh-CN'"],"fullName":"real AppShell unavailable descriptions in 'zh-CN' preserves opaque server explanation verbatim: This surface is not discoverable at its current maturity.","status":"passed","title":"preserves opaque server explanation verbatim: This surface is not discoverable at its current maturity.","duration":23.747695999999905,"failureMessages":[],"meta":{}},{"ancestorTitles":["real AppShell unavailable descriptions in 'zh-CN'"],"fullName":"real AppShell unavailable descriptions in 'zh-CN' preserves opaque server explanation verbatim: A server-resolved Project context is required.","status":"passed","title":"preserves opaque server explanation verbatim: A server-resolved Project context is required.","duration":25.366743000000042,"failureMessages":[],"meta":{}},{"ancestorTitles":["real AppShell unavailable descriptions in 'zh-CN'"],"fullName":"real AppShell unavailable descriptions in 'zh-CN' preserves opaque server explanation verbatim: Effective access is not available from the server. This action is disabled.","status":"passed","title":"preserves opaque server explanation verbatim: Effective access is not available from the server. This action is disabled.","duration":23.62329200000022,"failureMessages":[],"meta":{}},{"ancestorTitles":["real AppShell unavailable descriptions in 'zh-CN'"],"fullName":"real AppShell unavailable descriptions in 'zh-CN' keeps canonical actions disabled with localized copy even for available access","status":"passed","title":"keeps canonical actions disabled with localized copy even for available access","duration":28.4609989999999,"failureMessages":[],"meta":{}},{"ancestorTitles":["shared notification entry"],"fullName":"shared notification entry has exactly one fail-closed entry on workspace","status":"passed","title":"has exactly one fail-closed entry on workspace","duration":11.199098999999933,"failureMessages":[],"meta":{}},{"ancestorTitles":["shared notification entry"],"fullName":"shared notification entry has exactly one fail-closed entry on project-overview","status":"passed","title":"has exactly one fail-closed entry on project-overview","duration":9.820948000000044,"failureMessages":[],"meta":{}},{"ancestorTitles":["shared notification entry"],"fullName":"shared notification entry has exactly one fail-closed entry on nle","status":"passed","title":"has exactly one fail-closed entry on nle","duration":9.787887999999839,"failureMessages":[],"meta":{}},{"ancestorTitles":["shared notification entry"],"fullName":"shared notification entry has exactly one fail-closed entry on canvas","status":"passed","title":"has exactly one fail-closed entry on canvas","duration":8.996803999999884,"failureMessages":[],"meta":{}},{"ancestorTitles":["shared notification entry"],"fullName":"shared notification entry has exactly one fail-closed entry on storyboard","status":"passed","title":"has exactly one fail-closed entry on storyboard","duration":12.332561000000169,"failureMessages":[],"meta":{}},{"ancestorTitles":["shared notification entry"],"fullName":"shared notification entry has exactly one fail-closed entry on screenplay","status":"passed","title":"has exactly one fail-closed entry on screenplay","duration":9.189343999999892,"failureMessages":[],"meta":{}},{"ancestorTitles":["shared notification entry"],"fullName":"shared notification entry has exactly one fail-closed entry on agent","status":"passed","title":"has exactly one fail-closed entry on agent","duration":9.142198000000008,"failureMessages":[],"meta":{}},{"ancestorTitles":["shared notification entry"],"fullName":"shared notification entry has exactly one fail-closed entry on workflow","status":"passed","title":"has exactly one fail-closed entry on workflow","duration":8.93465100000003,"failureMessages":[],"meta":{}},{"ancestorTitles":["shared notification entry"],"fullName":"shared notification entry has exactly one fail-closed entry on recipe","status":"passed","title":"has exactly one fail-closed entry on recipe","duration":9.39509599999974,"failureMessages":[],"meta":{}},{"ancestorTitles":["shared notification entry"],"fullName":"shared notification entry has exactly one fail-closed entry on review","status":"passed","title":"has exactly one fail-closed entry on review","duration":14.639204000000063,"failureMessages":[],"meta":{}},{"ancestorTitles":["shared notification entry"],"fullName":"shared notification entry has exactly one fail-closed entry on production","status":"passed","title":"has exactly one fail-closed entry on production","duration":9.30044799999996,"failureMessages":[],"meta":{}},{"ancestorTitles":["shared notification entry"],"fullName":"shared notification entry has exactly one fail-closed entry on operations","status":"passed","title":"has exactly one fail-closed entry on operations","duration":8.523361000000023,"failureMessages":[],"meta":{}},{"ancestorTitles":["shared notification entry"],"fullName":"shared notification entry has exactly one fail-closed entry on admin","status":"passed","title":"has exactly one fail-closed entry on admin","duration":8.345782000000327,"failureMessages":[],"meta":{}},{"ancestorTitles":["shared notification entry"],"fullName":"shared notification entry has exactly one fail-closed entry on developer","status":"passed","title":"has exactly one fail-closed entry on developer","duration":9.889248999999836,"failureMessages":[],"meta":{}},{"ancestorTitles":["shared notification entry"],"fullName":"shared notification entry keeps inbox identity independent of project and preserves Selection on opening, detail and read","status":"passed","title":"keeps inbox identity independent of project and preserves Selection on opening, detail and read","duration":113.8846639999997,"failureMessages":[],"meta":{}},{"ancestorTitles":["session-local command palette shortcut"],"fullName":"session-local command palette shortcut applies, cancels and resets the shortcut while preserving focus, drafts and shared selection actions","status":"passed","title":"applies, cancels and resets the shortcut while preserving focus, drafts and shared selection actions","duration":97.87005499999987,"failureMessages":[],"meta":{}},{"ancestorTitles":["session-local command palette shortcut"],"fullName":"session-local command palette shortcut leaves native editing and handled gestures alone, including an active composition without a key flag","status":"passed","title":"leaves native editing and handled gestures alone, including an active composition without a key flag","duration":22.489258999999947,"failureMessages":[],"meta":{}},{"ancestorTitles":["session-local command palette shortcut"],"fullName":"session-local command palette shortcut keeps modal ownership for shortcuts and behind-modal activation and hands focus to a shared Agent action","status":"passed","title":"keeps modal ownership for shortcuts and behind-modal activation and hands focus to a shared Agent action","duration":51.63873400000011,"failureMessages":[],"meta":{}},{"ancestorTitles":["session-local command palette shortcut"],"fullName":"session-local command palette shortcut repairs an unsupported initial shortcut and retains native dialog focus in 'en'","status":"passed","title":"repairs an unsupported initial shortcut and retains native dialog focus in 'en'","duration":47.975817000000006,"failureMessages":[],"meta":{}},{"ancestorTitles":["session-local command palette shortcut"],"fullName":"session-local command palette shortcut repairs an unsupported initial shortcut and retains native dialog focus in 'zh-CN'","status":"passed","title":"repairs an unsupported initial shortcut and retains native dialog focus in 'zh-CN'","duration":53.34944799999994,"failureMessages":[],"meta":{}},{"ancestorTitles":["session-local command palette shortcut"],"fullName":"session-local command palette shortcut rejects initial and edited collisions without replacing other commands or silently resetting","status":"passed","title":"rejects initial and edited collisions without replacing other commands or silently resetting","duration":67.02667100000008,"failureMessages":[],"meta":{}},{"ancestorTitles":["session-local command palette shortcut"],"fullName":"session-local command palette shortcut retires only local remapping and editor state across scope, owner and mount lifetimes","status":"passed","title":"retires only local remapping and editor state across scope, owner and mount lifetimes","duration":236.151656,"failureMessages":[],"meta":{}},{"ancestorTitles":["session-local command palette shortcut"],"fullName":"session-local command palette shortcut uses the supported caller binding for both discovery and exact keyboard activation","status":"passed","title":"uses the supported caller binding for both discovery and exact keyboard activation","duration":13.37219099999993,"failureMessages":[],"meta":{}}],"startTime":1788850716173,"endTime":1788850717823.372,"status":"passed","message":"","name":"/home/user/Documents/workspace/projects/.worktrees/frontend-wave2-product-ux-v1/frontend/src/components/app-shell/AppShell.test.tsx"},{"assertionResults":[{"ancestorTitles":["ProductionBrowser Scene and Shot discovery"],"fullName":"ProductionBrowser Scene and Shot discovery remains initially usable under the actual StrictMode-style host lifecycle","status":"passed","title":"remains initially usable under the actual StrictMode-style host lifecycle","duration":95.2293239999999,"failureMessages":[],"meta":{}},{"ancestorTitles":["ProductionBrowser Scene and Shot discovery"],"fullName":"ProductionBrowser Scene and Shot discovery accepts the isolated fixture only through an explicit source prop or provider injection","status":"passed","title":"accepts the isolated fixture only through an explicit source prop or provider injection","duration":40.5893759999999,"failureMessages":[],"meta":{}},{"ancestorTitles":["ProductionBrowser Scene and Shot discovery"],"fullName":"ProductionBrowser Scene and Shot discovery browses only explicitly related Shots, preserves missing fields, and exposes no mutation or arbitrary URL","status":"passed","title":"browses only explicitly related Shots, preserves missing fields, and exposes no mutation or arbitrary URL","duration":69.50156799999968,"failureMessages":[],"meta":{}},{"ancestorTitles":["ProductionBrowser Scene and Shot discovery"],"fullName":"ProductionBrowser Scene and Shot discovery searches, filters, sorts and resets Scenes locally while retaining controls after detail close","status":"passed","title":"searches, filters, sorts and resets Scenes locally while retaining controls after detail close","duration":88.05606899999975,"failureMessages":[],"meta":{}},{"ancestorTitles":["ProductionBrowser Scene and Shot discovery"],"fullName":"ProductionBrowser Scene and Shot discovery keeps Reset reachable for populated filters and preserves Reset focus after restoring defaults","status":"passed","title":"keeps Reset reachable for populated filters and preserves Reset focus after restoring defaults","duration":38.62022900000011,"failureMessages":[],"meta":{}},{"ancestorTitles":["ProductionBrowser Scene and Shot discovery"],"fullName":"ProductionBrowser Scene and Shot discovery distinguishes empty snapshots, no related Shots, bounded snapshots and missing supplied values","status":"passed","title":"distinguishes empty snapshots, no related Shots, bounded snapshots and missing supplied values","duration":53.13768500000015,"failureMessages":[],"meta":{}},{"ancestorTitles":["ProductionBrowser Scene and Shot discovery"],"fullName":"ProductionBrowser Scene and Shot discovery uses one stable Refresh/Cancel/Retry control, drops cancelled replies, and never steals moved focus","status":"passed","title":"uses one stable Refresh/Cancel/Retry control, drops cancelled replies, and never steals moved focus","duration":27.32675500000005,"failureMessages":[],"meta":{}},{"ancestorTitles":["ProductionBrowser Scene and Shot discovery"],"fullName":"ProductionBrowser Scene and Shot discovery clears content and renders nondisclosing unavailable state with opaque supplied explanation","status":"passed","title":"clears content and renders nondisclosing unavailable state with opaque supplied explanation","duration":22.834378000000015,"failureMessages":[],"meta":{}},{"ancestorTitles":["ProductionBrowser Scene and Shot discovery"],"fullName":"ProductionBrowser Scene and Shot discovery clears content and renders nondisclosing denied state with opaque supplied explanation","status":"passed","title":"clears content and renders nondisclosing denied state with opaque supplied explanation","duration":25.00544200000013,"failureMessages":[],"meta":{}},{"ancestorTitles":["ProductionBrowser Scene and Shot discovery"],"fullName":"ProductionBrowser Scene and Shot discovery clears content and renders nondisclosing unknown state with opaque supplied explanation","status":"passed","title":"clears content and renders nondisclosing unknown state with opaque supplied explanation","duration":18.596230000000105,"failureMessages":[],"meta":{}},{"ancestorTitles":["ProductionBrowser Scene and Shot discovery"],"fullName":"ProductionBrowser Scene and Shot discovery clears content and renders nondisclosing unsupported state with opaque supplied explanation","status":"passed","title":"clears content and renders nondisclosing unsupported state with opaque supplied explanation","duration":20.315690999999788,"failureMessages":[],"meta":{}},{"ancestorTitles":["ProductionBrowser Scene and Shot discovery"],"fullName":"ProductionBrowser Scene and Shot discovery clears content and renders nondisclosing error state with opaque supplied explanation","status":"passed","title":"clears content and renders nondisclosing error state with opaque supplied explanation","duration":23.095434999999725,"failureMessages":[],"meta":{}},{"ancestorTitles":["ProductionBrowser Scene and Shot discovery"],"fullName":"ProductionBrowser Scene and Shot discovery clears content and renders nondisclosing stale state with opaque supplied explanation","status":"passed","title":"clears content and renders nondisclosing stale state with opaque supplied explanation","duration":19.713850000000093,"failureMessages":[],"meta":{}},{"ancestorTitles":["ProductionBrowser Scene and Shot discovery"],"fullName":"ProductionBrowser Scene and Shot discovery fails closed on invalid relations and never retains old content","status":"passed","title":"fails closed on invalid relations and never retains old content","duration":22.308256000000256,"failureMessages":[],"meta":{}},{"ancestorTitles":["ProductionBrowser Scene and Shot discovery"],"fullName":"ProductionBrowser Scene and Shot discovery keeps a rejected source request retryable and distinct from invalid snapshot validation","status":"passed","title":"keeps a rejected source request retryable and distinct from invalid snapshot validation","duration":20.514268000000357,"failureMessages":[],"meta":{}},{"ancestorTitles":["ProductionBrowser Scene and Shot discovery"],"fullName":"ProductionBrowser Scene and Shot discovery retires a valid pending reply on principalId change","status":"passed","title":"retires a valid pending reply on principalId change","duration":16.775690999999824,"failureMessages":[],"meta":{}},{"ancestorTitles":["ProductionBrowser Scene and Shot discovery"],"fullName":"ProductionBrowser Scene and Shot discovery retires a valid pending reply on tenantId change","status":"passed","title":"retires a valid pending reply on tenantId change","duration":12.953430000000026,"failureMessages":[],"meta":{}},{"ancestorTitles":["ProductionBrowser Scene and Shot discovery"],"fullName":"ProductionBrowser Scene and Shot discovery retires a valid pending reply on sessionId change","status":"passed","title":"retires a valid pending reply on sessionId change","duration":14.141066000000137,"failureMessages":[],"meta":{}},{"ancestorTitles":["ProductionBrowser Scene and Shot discovery"],"fullName":"ProductionBrowser Scene and Shot discovery retires a valid pending reply on workspaceId change","status":"passed","title":"retires a valid pending reply on workspaceId change","duration":13.950522000000092,"failureMessages":[],"meta":{}},{"ancestorTitles":["ProductionBrowser Scene and Shot discovery"],"fullName":"ProductionBrowser Scene and Shot discovery retires a valid pending reply on projectId change","status":"passed","title":"retires a valid pending reply on projectId change","duration":19.3876479999999,"failureMessages":[],"meta":{}},{"ancestorTitles":["ProductionBrowser Scene and Shot discovery"],"fullName":"ProductionBrowser Scene and Shot discovery retires pending replies on adapter/access replacement and unmount","status":"passed","title":"retires pending replies on adapter/access replacement and unmount","duration":10.039455999999973,"failureMessages":[],"meta":{}},{"ancestorTitles":["ProductionBrowser Scene and Shot discovery"],"fullName":"ProductionBrowser Scene and Shot discovery clears a ready snapshot on InteractionStore owner retirement and rebinds only to a fresh pageshow store","status":"passed","title":"clears a ready snapshot on InteractionStore owner retirement and rebinds only to a fresh pageshow store","duration":24.066821999999775,"failureMessages":[],"meta":{}},{"ancestorTitles":["ProductionBrowser Scene and Shot discovery"],"fullName":"ProductionBrowser Scene and Shot discovery rejects a pending reply after InteractionStore owner retirement","status":"passed","title":"rejects a pending reply after InteractionStore owner retirement","duration":6.605654999999842,"failureMessages":[],"meta":{}},{"ancestorTitles":["ProductionBrowser Scene and Shot discovery"],"fullName":"ProductionBrowser Scene and Shot discovery does not query a malformed required principalId context","status":"passed","title":"does not query a malformed required principalId context","duration":4.026969999999892,"failureMessages":[],"meta":{}},{"ancestorTitles":["ProductionBrowser Scene and Shot discovery"],"fullName":"ProductionBrowser Scene and Shot discovery does not query a malformed required tenantId context","status":"passed","title":"does not query a malformed required tenantId context","duration":3.785005000000183,"failureMessages":[],"meta":{}},{"ancestorTitles":["ProductionBrowser Scene and Shot discovery"],"fullName":"ProductionBrowser Scene and Shot discovery does not query a malformed required sessionId context","status":"passed","title":"does not query a malformed required sessionId context","duration":3.7809369999999944,"failureMessages":[],"meta":{}},{"ancestorTitles":["ProductionBrowser Scene and Shot discovery"],"fullName":"ProductionBrowser Scene and Shot discovery does not query a malformed required workspaceId context","status":"passed","title":"does not query a malformed required workspaceId context","duration":3.8114410000002863,"failureMessages":[],"meta":{}},{"ancestorTitles":["ProductionBrowser Scene and Shot discovery"],"fullName":"ProductionBrowser Scene and Shot discovery does not query a malformed required projectId context","status":"passed","title":"does not query a malformed required projectId context","duration":9.896237999999812,"failureMessages":[],"meta":{}},{"ancestorTitles":["ProductionBrowser Scene and Shot discovery"],"fullName":"ProductionBrowser Scene and Shot discovery does not query denied/unknown sources and is unavailable with no injected source","status":"passed","title":"does not query denied/unknown sources and is unavailable with no injected source","duration":9.708578000000216,"failureMessages":[],"meta":{}},{"ancestorTitles":["ProductionBrowser Scene and Shot discovery"],"fullName":"ProductionBrowser Scene and Shot discovery localizes the complete bounded workflow in Chinese while preserving supplied values literally","status":"passed","title":"localizes the complete bounded workflow in Chinese while preserving supplied values literally","duration":38.07329200000004,"failureMessages":[],"meta":{}}],"startTime":1788850715905,"endTime":1788850716682.0732,"status":"passed","message":"","name":"/home/user/Documents/workspace/projects/.worktrees/frontend-wave2-product-ux-v1/frontend/src/product/production/ProductionBrowser.test.tsx"},{"assertionResults":[{"ancestorTitles":["bounded Scene and Shot production projection"],"fullName":"bounded Scene and Shot production projection filters only supplied Scene display fields and status, then sorts stably by name and ID","status":"passed","title":"filters only supplied Scene display fields and status, then sorts stably by name and ID","duration":4.335495000000037,"failureMessages":[],"meta":{}},{"ancestorTitles":["bounded Scene and Shot production projection"],"fullName":"bounded Scene and Shot production projection accepts an owned bounded snapshot with explicit stable Scene-to-Shot relations and safe references","status":"passed","title":"accepts an owned bounded snapshot with explicit stable Scene-to-Shot relations and safe references","duration":8.518949999999904,"failureMessages":[],"meta":{}},{"ancestorTitles":["bounded Scene and Shot production projection"],"fullName":"bounded Scene and Shot production projection rejects malformed, ambiguous, foreign, orphaned, unsafe, unbounded, or mismatched results 0","status":"passed","title":"rejects malformed, ambiguous, foreign, orphaned, unsafe, unbounded, or mismatched results 0","duration":1.9712660000000142,"failureMessages":[],"meta":{}},{"ancestorTitles":["bounded Scene and Shot production projection"],"fullName":"bounded Scene and Shot production projection rejects malformed, ambiguous, foreign, orphaned, unsafe, unbounded, or mismatched results 1","status":"passed","title":"rejects malformed, ambiguous, foreign, orphaned, unsafe, unbounded, or mismatched results 1","duration":1.2661960000000363,"failureMessages":[],"meta":{}},{"ancestorTitles":["bounded Scene and Shot production projection"],"fullName":"bounded Scene and Shot production projection rejects malformed, ambiguous, foreign, orphaned, unsafe, unbounded, or mismatched results 2","status":"passed","title":"rejects malformed, ambiguous, foreign, orphaned, unsafe, unbounded, or mismatched results 2","duration":0.5698499999998603,"failureMessages":[],"meta":{}},{"ancestorTitles":["bounded Scene and Shot production projection"],"fullName":"bounded Scene and Shot production projection rejects malformed, ambiguous, foreign, orphaned, unsafe, unbounded, or mismatched results 3","status":"passed","title":"rejects malformed, ambiguous, foreign, orphaned, unsafe, unbounded, or mismatched results 3","duration":0.656097999999929,"failureMessages":[],"meta":{}},{"ancestorTitles":["bounded Scene and Shot production projection"],"fullName":"bounded Scene and Shot production projection rejects malformed, ambiguous, foreign, orphaned, unsafe, unbounded, or mismatched results 4","status":"passed","title":"rejects malformed, ambiguous, foreign, orphaned, unsafe, unbounded, or mismatched results 4","duration":0.6234079999999267,"failureMessages":[],"meta":{}},{"ancestorTitles":["bounded Scene and Shot production projection"],"fullName":"bounded Scene and Shot production projection rejects malformed, ambiguous, foreign, orphaned, unsafe, unbounded, or mismatched results 5","status":"passed","title":"rejects malformed, ambiguous, foreign, orphaned, unsafe, unbounded, or mismatched results 5","duration":0.6184700000001158,"failureMessages":[],"meta":{}},{"ancestorTitles":["bounded Scene and Shot production projection"],"fullName":"bounded Scene and Shot production projection rejects malformed, ambiguous, foreign, orphaned, unsafe, unbounded, or mismatched results 6","status":"passed","title":"rejects malformed, ambiguous, foreign, orphaned, unsafe, unbounded, or mismatched results 6","duration":0.872573999999986,"failureMessages":[],"meta":{}},{"ancestorTitles":["bounded Scene and Shot production projection"],"fullName":"bounded Scene and Shot production projection rejects malformed, ambiguous, foreign, orphaned, unsafe, unbounded, or mismatched results 7","status":"passed","title":"rejects malformed, ambiguous, foreign, orphaned, unsafe, unbounded, or mismatched results 7","duration":0.6089620000000195,"failureMessages":[],"meta":{}},{"ancestorTitles":["bounded Scene and Shot production projection"],"fullName":"bounded Scene and Shot production projection rejects malformed, ambiguous, foreign, orphaned, unsafe, unbounded, or mismatched results 8","status":"passed","title":"rejects malformed, ambiguous, foreign, orphaned, unsafe, unbounded, or mismatched results 8","duration":0.6464619999999286,"failureMessages":[],"meta":{}},{"ancestorTitles":["bounded Scene and Shot production projection"],"fullName":"bounded Scene and Shot production projection rejects malformed, ambiguous, foreign, orphaned, unsafe, unbounded, or mismatched results 9","status":"passed","title":"rejects malformed, ambiguous, foreign, orphaned, unsafe, unbounded, or mismatched results 9","duration":0.7234870000002047,"failureMessages":[],"meta":{}},{"ancestorTitles":["bounded Scene and Shot production projection"],"fullName":"bounded Scene and Shot production projection rejects malformed, ambiguous, foreign, orphaned, unsafe, unbounded, or mismatched results 10","status":"passed","title":"rejects malformed, ambiguous, foreign, orphaned, unsafe, unbounded, or mismatched results 10","duration":0.48383399999988796,"failureMessages":[],"meta":{}},{"ancestorTitles":["bounded Scene and Shot production projection"],"fullName":"bounded Scene and Shot production projection rejects malformed, ambiguous, foreign, orphaned, unsafe, unbounded, or mismatched results 11","status":"passed","title":"rejects malformed, ambiguous, foreign, orphaned, unsafe, unbounded, or mismatched results 11","duration":0.47381499999983134,"failureMessages":[],"meta":{}},{"ancestorTitles":["bounded Scene and Shot production projection"],"fullName":"bounded Scene and Shot production projection rejects malformed, ambiguous, foreign, orphaned, unsafe, unbounded, or mismatched results 12","status":"passed","title":"rejects malformed, ambiguous, foreign, orphaned, unsafe, unbounded, or mismatched results 12","duration":0.42102599999998347,"failureMessages":[],"meta":{}},{"ancestorTitles":["bounded Scene and Shot production projection"],"fullName":"bounded Scene and Shot production projection rejects malformed, ambiguous, foreign, orphaned, unsafe, unbounded, or mismatched results 13","status":"passed","title":"rejects malformed, ambiguous, foreign, orphaned, unsafe, unbounded, or mismatched results 13","duration":0.4300550000000385,"failureMessages":[],"meta":{}},{"ancestorTitles":["bounded Scene and Shot production projection"],"fullName":"bounded Scene and Shot production projection rejects malformed, ambiguous, foreign, orphaned, unsafe, unbounded, or mismatched results 14","status":"passed","title":"rejects malformed, ambiguous, foreign, orphaned, unsafe, unbounded, or mismatched results 14","duration":0.3885530000000017,"failureMessages":[],"meta":{}},{"ancestorTitles":["bounded Scene and Shot production projection"],"fullName":"bounded Scene and Shot production projection rejects malformed, ambiguous, foreign, orphaned, unsafe, unbounded, or mismatched results 15","status":"passed","title":"rejects malformed, ambiguous, foreign, orphaned, unsafe, unbounded, or mismatched results 15","duration":0.4569340000000466,"failureMessages":[],"meta":{}},{"ancestorTitles":["bounded Scene and Shot production projection"],"fullName":"bounded Scene and Shot production projection rejects malformed, ambiguous, foreign, orphaned, unsafe, unbounded, or mismatched results 16","status":"passed","title":"rejects malformed, ambiguous, foreign, orphaned, unsafe, unbounded, or mismatched results 16","duration":0.3844500000000153,"failureMessages":[],"meta":{}},{"ancestorTitles":["bounded Scene and Shot production projection"],"fullName":"bounded Scene and Shot production projection rejects malformed, ambiguous, foreign, orphaned, unsafe, unbounded, or mismatched results 17","status":"passed","title":"rejects malformed, ambiguous, foreign, orphaned, unsafe, unbounded, or mismatched results 17","duration":0.411160000000109,"failureMessages":[],"meta":{}},{"ancestorTitles":["bounded Scene and Shot production projection"],"fullName":"bounded Scene and Shot production projection rejects malformed, ambiguous, foreign, orphaned, unsafe, unbounded, or mismatched results 18","status":"passed","title":"rejects malformed, ambiguous, foreign, orphaned, unsafe, unbounded, or mismatched results 18","duration":0.3597980000001826,"failureMessages":[],"meta":{}},{"ancestorTitles":["bounded Scene and Shot production projection"],"fullName":"bounded Scene and Shot production projection rejects malformed, ambiguous, foreign, orphaned, unsafe, unbounded, or mismatched results 19","status":"passed","title":"rejects malformed, ambiguous, foreign, orphaned, unsafe, unbounded, or mismatched results 19","duration":0.8562120000001414,"failureMessages":[],"meta":{}},{"ancestorTitles":["bounded Scene and Shot production projection"],"fullName":"bounded Scene and Shot production projection rejects malformed, ambiguous, foreign, orphaned, unsafe, unbounded, or mismatched results 20","status":"passed","title":"rejects malformed, ambiguous, foreign, orphaned, unsafe, unbounded, or mismatched results 20","duration":0.606738999999834,"failureMessages":[],"meta":{}},{"ancestorTitles":["bounded Scene and Shot production projection"],"fullName":"bounded Scene and Shot production projection rejects malformed, ambiguous, foreign, orphaned, unsafe, unbounded, or mismatched results 21","status":"passed","title":"rejects malformed, ambiguous, foreign, orphaned, unsafe, unbounded, or mismatched results 21","duration":0.6093359999999848,"failureMessages":[],"meta":{}},{"ancestorTitles":["bounded Scene and Shot production projection"],"fullName":"bounded Scene and Shot production projection rejects malformed, ambiguous, foreign, orphaned, unsafe, unbounded, or mismatched results 22","status":"passed","title":"rejects malformed, ambiguous, foreign, orphaned, unsafe, unbounded, or mismatched results 22","duration":0.43120299999986855,"failureMessages":[],"meta":{}},{"ancestorTitles":["bounded Scene and Shot production projection"],"fullName":"bounded Scene and Shot production projection rejects malformed, ambiguous, foreign, orphaned, unsafe, unbounded, or mismatched results 23","status":"passed","title":"rejects malformed, ambiguous, foreign, orphaned, unsafe, unbounded, or mismatched results 23","duration":0.5113699999999426,"failureMessages":[],"meta":{}},{"ancestorTitles":["bounded Scene and Shot production projection"],"fullName":"bounded Scene and Shot production projection preserves nondisclosing unavailable failure receipts","status":"passed","title":"preserves nondisclosing unavailable failure receipts","duration":0.6390879999999015,"failureMessages":[],"meta":{}},{"ancestorTitles":["bounded Scene and Shot production projection"],"fullName":"bounded Scene and Shot production projection preserves nondisclosing denied failure receipts","status":"passed","title":"preserves nondisclosing denied failure receipts","duration":0.2673729999999068,"failureMessages":[],"meta":{}},{"ancestorTitles":["bounded Scene and Shot production projection"],"fullName":"bounded Scene and Shot production projection preserves nondisclosing unknown failure receipts","status":"passed","title":"preserves nondisclosing unknown failure receipts","duration":0.23874099999989085,"failureMessages":[],"meta":{}},{"ancestorTitles":["bounded Scene and Shot production projection"],"fullName":"bounded Scene and Shot production projection preserves nondisclosing unsupported failure receipts","status":"passed","title":"preserves nondisclosing unsupported failure receipts","duration":0.3716669999998885,"failureMessages":[],"meta":{}},{"ancestorTitles":["bounded Scene and Shot production projection"],"fullName":"bounded Scene and Shot production projection preserves nondisclosing error failure receipts","status":"passed","title":"preserves nondisclosing error failure receipts","duration":0.3207319999999072,"failureMessages":[],"meta":{}},{"ancestorTitles":["bounded Scene and Shot production projection"],"fullName":"bounded Scene and Shot production projection preserves nondisclosing stale failure receipts","status":"passed","title":"preserves nondisclosing stale failure receipts","duration":0.2781510000002072,"failureMessages":[],"meta":{}},{"ancestorTitles":["bounded Scene and Shot production projection"],"fullName":"bounded Scene and Shot production projection keys all identity, scope, access, and source ownership inputs","status":"passed","title":"keys all identity, scope, access, and source ownership inputs","duration":0.5255420000000868,"failureMessages":[],"meta":{}},{"ancestorTitles":["bounded Scene and Shot production projection"],"fullName":"bounded Scene and Shot production projection requires exact real and simulated access projections and never treats viewability as permission","status":"passed","title":"requires exact real and simulated access projections and never treats viewability as permission","duration":0.9579510000000937,"failureMessages":[],"meta":{}},{"ancestorTitles":["explicit Production source boundaries"],"fullName":"explicit Production source boundaries accepts an arbitrary explicitly host-agreed SERVER access binding and rejects a mismatched binding","status":"passed","title":"accepts an arbitrary explicitly host-agreed SERVER access binding and rejects a mismatched binding","duration":0.2780110000001059,"failureMessages":[],"meta":{}},{"ancestorTitles":["explicit Production source boundaries"],"fullName":"explicit Production source boundaries rejects malformed required principalId before a source can be ready","status":"passed","title":"rejects malformed required principalId before a source can be ready","duration":0.23286799999982577,"failureMessages":[],"meta":{}},{"ancestorTitles":["explicit Production source boundaries"],"fullName":"explicit Production source boundaries rejects malformed required tenantId before a source can be ready","status":"passed","title":"rejects malformed required tenantId before a source can be ready","duration":0.12087999999994281,"failureMessages":[],"meta":{}},{"ancestorTitles":["explicit Production source boundaries"],"fullName":"explicit Production source boundaries rejects malformed required sessionId before a source can be ready","status":"passed","title":"rejects malformed required sessionId before a source can be ready","duration":0.10979799999995521,"failureMessages":[],"meta":{}},{"ancestorTitles":["explicit Production source boundaries"],"fullName":"explicit Production source boundaries rejects malformed required workspaceId before a source can be ready","status":"passed","title":"rejects malformed required workspaceId before a source can be ready","duration":0.10804700000016965,"failureMessages":[],"meta":{}},{"ancestorTitles":["explicit Production source boundaries"],"fullName":"explicit Production source boundaries rejects malformed required projectId before a source can be ready","status":"passed","title":"rejects malformed required projectId before a source can be ready","duration":0.11434399999984635,"failureMessages":[],"meta":{}},{"ancestorTitles":["explicit Production source boundaries"],"fullName":"explicit Production source boundaries defaults unavailable without transport and retains the supplied route scope without inventing identity","status":"passed","title":"defaults unavailable without transport and retains the supplied route scope without inventing identity","duration":2.5830640000001495,"failureMessages":[],"meta":{}},{"ancestorTitles":["explicit Production source boundaries"],"fullName":"explicit Production source boundaries creates simulated data only from an explicit supplied identity and never reads URL, storage, or transport","status":"passed","title":"creates simulated data only from an explicit supplied identity and never reads URL, storage, or transport","duration":1.227722999999969,"failureMessages":[],"meta":{}}],"startTime":1788850715226,"endTime":1788850715263.2278,"status":"passed","message":"","name":"/home/user/Documents/workspace/projects/.worktrees/frontend-wave2-product-ux-v1/frontend/src/product/production/model.test.ts"}]}