{"numTotalTestSuites":20,"numPassedTestSuites":20,"numFailedTestSuites":0,"numPendingTestSuites":0,"numTotalTests":202,"numPassedTests":202,"numFailedTests":0,"numPendingTests":0,"numTodoTests":0,"snapshot":{"added":0,"failure":false,"filesAdded":0,"filesRemoved":0,"filesRemovedList":[],"filesUnmatched":0,"filesUpdated":0,"matched":0,"total":0,"unchecked":0,"uncheckedKeysByFile":[],"unmatched":0,"updated":0,"didUpdate":false},"startTime":1788849965670,"success":true,"testResults":[{"assertionResults":[{"ancestorTitles":["runtime route registration and deep-link restoration"],"fullName":"runtime route registration and deep-link restoration registers every implemented page and preserved legacy link exactly once","status":"passed","title":"registers every implemented page and preserved legacy link exactly once","duration":8.621213999999782,"failureMessages":[],"meta":{}},{"ancestorTitles":["runtime route registration and deep-link restoration"],"fullName":"runtime route registration and deep-link restoration restores Workspace, Project, and surface identity from a creative deep link and fails unauthorized commands closed","status":"passed","title":"restores Workspace, Project, and surface identity from a creative deep link and fails unauthorized commands closed","duration":547.1464300000002,"failureMessages":[],"meta":{}},{"ancestorTitles":["runtime route registration and deep-link restoration"],"fullName":"runtime route registration and deep-link restoration remounts the ProjectFrame subtree when same-route Workspace or Project parameters change","status":"passed","title":"remounts the ProjectFrame subtree when same-route Workspace or Project parameters change","duration":139.62765600000012,"failureMessages":[],"meta":{}},{"ancestorTitles":["runtime route registration and deep-link restoration"],"fullName":"runtime route registration and deep-link restoration integrates the disposable sketch on the Workflow route while invoke remains unavailable","status":"passed","title":"integrates the disposable sketch on the Workflow route while invoke remains unavailable","duration":363.62995,"failureMessages":[],"meta":{}},{"ancestorTitles":["runtime route registration and deep-link restoration"],"fullName":"runtime route registration and deep-link restoration reaches the post-H7 edit route and loads explicit canonical HEAD authority","status":"passed","title":"reaches the post-H7 edit route and loads explicit canonical HEAD authority","duration":389.6298969999998,"failureMessages":[],"meta":{}},{"ancestorTitles":["runtime route registration and deep-link restoration"],"fullName":"runtime route registration and deep-link restoration renders the Workspace to Projects entry without synthesizing a Project selection","status":"passed","title":"renders the Workspace to Projects entry without synthesizing a Project selection","duration":355.25910399999975,"failureMessages":[],"meta":{}},{"ancestorTitles":["runtime route registration and deep-link restoration"],"fullName":"runtime route registration and deep-link restoration routes the existing Projects destination to the fail-closed recent-project browser without using Workspace home as its source","status":"passed","title":"routes the existing Projects destination to the fail-closed recent-project browser without using Workspace home as its source","duration":320.20500100000027,"failureMessages":[],"meta":{}},{"ancestorTitles":["runtime route registration and deep-link restoration"],"fullName":"runtime route registration and deep-link restoration routes Operations renders to the fail-closed source browser and leaves Storage behavior unchanged","status":"passed","title":"routes Operations renders to the fail-closed source browser and leaves Storage behavior unchanged","duration":349.8588,"failureMessages":[],"meta":{}},{"ancestorTitles":["runtime route registration and deep-link restoration"],"fullName":"runtime route registration and deep-link restoration registers the Project Production consumer with exact route scope and no implicit fixture or request","status":"passed","title":"registers the Project Production consumer with exact route scope and no implicit fixture or request","duration":346.90910200000053,"failureMessages":[],"meta":{}},{"ancestorTitles":["runtime route registration and deep-link restoration"],"fullName":"runtime route registration and deep-link restoration handles Workspace API errors without inventing an empty state","status":"passed","title":"handles Workspace API errors without inventing an empty state","duration":22.104702999999972,"failureMessages":[],"meta":{}},{"ancestorTitles":["runtime route registration and deep-link restoration"],"fullName":"runtime route registration and deep-link restoration preserves the historical default API export alongside the additive platform client","status":"passed","title":"preserves the historical default API export alongside the additive platform client","duration":0.36144700000022567,"failureMessages":[],"meta":{}}],"startTime":1788849968640,"endTime":1788849971484.3613,"status":"passed","message":"","name":"/home/user/Documents/workspace/projects/.worktrees/frontend-wave2-product-ux-v1/frontend/src/app/routeTree.test.tsx"},{"assertionResults":[{"ancestorTitles":[],"fullName":"converges direct keyboard, toolbar, inspector, command and Agent reveal on the same selection","status":"passed","title":"converges direct keyboard, toolbar, inspector, command and Agent reveal on the same selection","duration":269.2916150000001,"failureMessages":[],"meta":{}},{"ancestorTitles":[],"fullName":"modifies a synthetic rename, applies only local presentation, and updates palette discovery","status":"passed","title":"modifies a synthetic rename, applies only local presentation, and updates palette discovery","duration":214.91826600000013,"failureMessages":[],"meta":{}},{"ancestorTitles":[],"fullName":"offers two explicit synthetic clips whose modifier selection drives shared shell contexts","status":"passed","title":"offers two explicit synthetic clips whose modifier selection drives shared shell contexts","duration":279.2542749999998,"failureMessages":[],"meta":{}},{"ancestorTitles":[],"fullName":"keeps Product UI locale independent from generated Agent conversation language","status":"passed","title":"keeps Product UI locale independent from generated Agent conversation language","duration":15.748728999999912,"failureMessages":[],"meta":{}},{"ancestorTitles":[],"fullName":"rejects stale UI proposals and resets context synchronously across project and surface changes","status":"passed","title":"rejects stale UI proposals and resets context synchronously across project and surface changes","duration":30.129957000000104,"failureMessages":[],"meta":{}},{"ancestorTitles":[],"fullName":"opens Inspector through the local Agent action, closes the dialog, and restores launcher focus","status":"passed","title":"opens Inspector through the local Agent action, closes the dialog, and restores launcher focus","duration":92.45960000000014,"failureMessages":[],"meta":{}},{"ancestorTitles":[],"fullName":"keeps technical proposal evidence closed until diagnostics are explicitly opened","status":"passed","title":"keeps technical proposal evidence closed until diagnostics are explicitly opened","duration":128.09996200000023,"failureMessages":[],"meta":{}},{"ancestorTitles":[],"fullName":"traps Agent focus and restores its launcher after Escape and backdrop dismissal","status":"passed","title":"traps Agent focus and restores its launcher after Escape and backdrop dismissal","duration":15.178369000000203,"failureMessages":[],"meta":{}},{"ancestorTitles":[],"fullName":"keeps Agent header, conversation body, and composer in independent regions","status":"passed","title":"keeps Agent header, conversation body, and composer in independent regions","duration":17.352735999999823,"failureMessages":[],"meta":{}},{"ancestorTitles":[],"fullName":"preserves internal dialog mousedown defaults, text entry and button clicks","status":"passed","title":"preserves internal dialog mousedown defaults, text entry and button clicks","duration":16.203161999999793,"failureMessages":[],"meta":{}},{"ancestorTitles":[],"fullName":"refreshes adapter projections after render, invalidates old proposals, and prunes without a render loop","status":"passed","title":"refreshes adapter projections after render, invalidates old proposals, and prunes without a render loop","duration":25.13644799999929,"failureMessages":[],"meta":{}},{"ancestorTitles":[],"fullName":"localizes shared multi-selection and unavailable commands with stable action IDs","status":"passed","title":"localizes shared multi-selection and unavailable commands with stable action IDs","duration":22.74632400000064,"failureMessages":[],"meta":{}},{"ancestorTitles":[],"fullName":"binds Canvas multi-selection to Inspector, toolbar, Command and Agent and invalidates a primary-only proposal","status":"passed","title":"binds Canvas multi-selection to Inspector, toolbar, Command and Agent and invalidates a primary-only proposal","duration":134.56913299999997,"failureMessages":[],"meta":{}},{"ancestorTitles":[],"fullName":"increases mounted provider revision across workspace, project and surface scopes with fresh empty lifetimes","status":"passed","title":"increases mounted provider revision across workspace, project and surface scopes with fresh empty lifetimes","duration":15.025509000000056,"failureMessages":[],"meta":{}},{"ancestorTitles":[],"fullName":"Slice1C pagehide persisted=false retires synchronously and pageshow starts fresh without restoring proposals","status":"passed","title":"Slice1C pagehide persisted=false retires synchronously and pageshow starts fresh without restoring proposals","duration":15.431241999999656,"failureMessages":[],"meta":{}},{"ancestorTitles":[],"fullName":"Slice1C pagehide persisted=true retires synchronously and pageshow starts fresh without restoring proposals","status":"passed","title":"Slice1C pagehide persisted=true retires synchronously and pageshow starts fresh without restoring proposals","duration":14.626326999999947,"failureMessages":[],"meta":{}},{"ancestorTitles":[],"fullName":"Slice1C actual route query and hash preserve the same live exact owner and proposal; focus is independent","status":"passed","title":"Slice1C actual route query and hash preserve the same live exact owner and proposal; focus is independent","duration":415.42420500000026,"failureMessages":[],"meta":{}},{"ancestorTitles":[],"fullName":"Slice1C actual route surface change is empty and fresh with no colliding localId carry and atomic observations","status":"passed","title":"Slice1C actual route surface change is empty and fresh with no colliding localId carry and atomic observations","duration":86.9729870000001,"failureMessages":[],"meta":{}},{"ancestorTitles":[],"fullName":"Slice1C actual route project change is empty and fresh with no colliding localId carry and atomic observations","status":"passed","title":"Slice1C actual route project change is empty and fresh with no colliding localId carry and atomic observations","duration":86.94743899999958,"failureMessages":[],"meta":{}},{"ancestorTitles":[],"fullName":"Slice1C actual route workspace change is empty and fresh with no colliding localId carry and atomic observations","status":"passed","title":"Slice1C actual route workspace change is empty and fresh with no colliding localId carry and atomic observations","duration":91.4143810000005,"failureMessages":[],"meta":{}},{"ancestorTitles":[],"fullName":"Slice1C actual Back and Forward recreate owners without historical membership","status":"passed","title":"Slice1C actual Back and Forward recreate owners without historical membership","duration":141.39706900000056,"failureMessages":[],"meta":{}},{"ancestorTitles":[],"fullName":"Slice1C aborted precommit navigation retains the actual old owner and exact valid proposal","status":"passed","title":"Slice1C aborted precommit navigation retains the actual old owner and exact valid proposal","duration":50.02532800000063,"failureMessages":[],"meta":{}},{"ancestorTitles":[],"fullName":"Slice1C committed unresolved and ERROR targets expose no old selection or adapter and late responses cannot reactivate them","status":"passed","title":"Slice1C committed unresolved and ERROR targets expose no old selection or adapter and late responses cannot reactivate them","duration":62.42253999999957,"failureMessages":[],"meta":{}},{"ancestorTitles":[],"fullName":"Slice1C malformed or missing route IDs and unsupported surface /w/w/projects/%20/canvas expose no old owner","status":"passed","title":"Slice1C malformed or missing route IDs and unsupported surface /w/w/projects/%20/canvas expose no old owner","duration":46.563443999999436,"failureMessages":[],"meta":{}},{"ancestorTitles":[],"fullName":"Slice1C malformed or missing route IDs and unsupported surface /w/%20/projects/p/canvas expose no old owner","status":"passed","title":"Slice1C malformed or missing route IDs and unsupported surface /w/%20/projects/p/canvas expose no old owner","duration":48.33722099999977,"failureMessages":[],"meta":{}},{"ancestorTitles":[],"fullName":"Slice1C malformed or missing route IDs and unsupported surface /w/w/projects/p/unsupported expose no old owner","status":"passed","title":"Slice1C malformed or missing route IDs and unsupported surface /w/w/projects/p/unsupported expose no old owner","duration":49.85890999999992,"failureMessages":[],"meta":{}},{"ancestorTitles":[],"fullName":"Slice1C malformed or missing route IDs and unsupported surface /w/w/projects/canvas expose no old owner","status":"passed","title":"Slice1C malformed or missing route IDs and unsupported surface /w/w/projects/canvas expose no old owner","duration":52.66878599999927,"failureMessages":[],"meta":{}},{"ancestorTitles":[],"fullName":"Slice1C BLOCKED unknown project is explicitly provisional and confers no canonical authorization","status":"passed","title":"Slice1C BLOCKED unknown project is explicitly provisional and confers no canonical authorization","duration":66.21096699999998,"failureMessages":[],"meta":{}},{"ancestorTitles":[],"fullName":"Slice1C StrictMode adapter and owner recreation stays usable but never resurrects a retired proposal","status":"passed","title":"Slice1C StrictMode adapter and owner recreation stays usable but never resurrects a retired proposal","duration":7.058767999999873,"failureMessages":[],"meta":{}},{"ancestorTitles":[],"fullName":"Slice1C actual route commit cancels drag before old DOM retirement without partial geometry commit","status":"passed","title":"Slice1C actual route commit cancels drag before old DOM retirement without partial geometry commit","duration":84.69095299999935,"failureMessages":[],"meta":{}},{"ancestorTitles":[],"fullName":"Slice1C actual route commit cancels marquee before old DOM retirement without partial geometry commit","status":"passed","title":"Slice1C actual route commit cancels marquee before old DOM retirement without partial geometry commit","duration":85.58160100000077,"failureMessages":[],"meta":{}},{"ancestorTitles":[],"fullName":"Slice1C actual route commit cancels pan before old DOM retirement without partial geometry commit","status":"passed","title":"Slice1C actual route commit cancels pan before old DOM retirement without partial geometry commit","duration":72.3766540000006,"failureMessages":[],"meta":{}},{"ancestorTitles":[],"fullName":"palette enters search, clamps enabled arrows, owns result Home/End and scrolls focused buttons","status":"passed","title":"palette enters search, clamps enabled arrows, owns result Home/End and scrolls focused buttons","duration":8.616268999999193,"failureMessages":[],"meta":{}},{"ancestorTitles":[],"fullName":"palette preserves editing and modified keys; input Enter is inert and native result click executes once","status":"passed","title":"palette preserves editing and modified keys; input Enter is inert and native result click executes once","duration":9.469412999999804,"failureMessages":[],"meta":{}},{"ancestorTitles":[],"fullName":"palette reconciles filter, no-match, all-unavailable and removed or disabled active results","status":"passed","title":"palette reconciles filter, no-match, all-unavailable and removed or disabled active results","duration":10.4434940000001,"failureMessages":[],"meta":{}},{"ancestorTitles":[],"fullName":"palette resolves replacement by stable ID despite label and order changes","status":"passed","title":"palette resolves replacement by stable ID despite label and order changes","duration":8.901990999999725,"failureMessages":[],"meta":{}},{"ancestorTitles":[],"fullName":"palette blocks simulated IME navigation, activation and Escape (events)","status":"passed","title":"palette blocks simulated IME navigation, activation and Escape (events)","duration":13.129072000000633,"failureMessages":[],"meta":{}},{"ancestorTitles":[],"fullName":"palette blocks simulated IME navigation, activation and Escape (native)","status":"passed","title":"palette blocks simulated IME navigation, activation and Escape (native)","duration":8.420118000000002,"failureMessages":[],"meta":{}},{"ancestorTitles":[],"fullName":"palette blocks simulated IME navigation, activation and Escape (legacy)","status":"passed","title":"palette blocks simulated IME navigation, activation and Escape (legacy)","duration":8.589798999999402,"failureMessages":[],"meta":{}},{"ancestorTitles":[],"fullName":"palette has localized purpose, one live status and external unavailable descriptions in en","status":"passed","title":"palette has localized purpose, one live status and external unavailable descriptions in en","duration":7.390620000000126,"failureMessages":[],"meta":{}},{"ancestorTitles":[],"fullName":"palette has localized purpose, one live status and external unavailable descriptions in zh-CN","status":"passed","title":"palette has localized purpose, one live status and external unavailable descriptions in zh-CN","duration":6.601137999999992,"failureMessages":[],"meta":{}},{"ancestorTitles":[],"fullName":"palette retains dialog Tab boundary trap, Escape and launcher restoration","status":"passed","title":"palette retains dialog Tab boundary trap, Escape and launcher restoration","duration":45.02082999999948,"failureMessages":[],"meta":{}},{"ancestorTitles":[],"fullName":"palette selection projections reject retained closures and dispatch current primary/query without focus selection changes","status":"passed","title":"palette selection projections reject retained closures and dispatch current primary/query without focus selection changes","duration":14.375009000000318,"failureMessages":[],"meta":{}},{"ancestorTitles":[],"fullName":"palette suppresses a simulated composing Space release after composition ends","status":"passed","title":"palette suppresses a simulated composing Space release after composition ends","duration":5.452292999999372,"failureMessages":[],"meta":{}},{"ancestorTitles":[],"fullName":"retained Selection commands reject changed revisions before dispatch, including untargeted actions","status":"passed","title":"retained Selection commands reject changed revisions before dispatch, including untargeted actions","duration":13.148111000000426,"failureMessages":[],"meta":{}},{"ancestorTitles":[],"fullName":"V5 discovers Canvas history in the shared palette, reconciles Inspector and keeps canonical actions disabled","status":"passed","title":"V5 discovers Canvas history in the shared palette, reconciles Inspector and keeps canonical actions disabled","duration":143.86279699999977,"failureMessages":[],"meta":{}},{"ancestorTitles":[],"fullName":"V5 retained contextual history checks live adapter availability even before a new render","status":"passed","title":"V5 retained contextual history checks live adapter availability even before a new render","duration":1.7977980000005118,"failureMessages":[],"meta":{}}],"startTime":1788849969299,"endTime":1788849972358.7979,"status":"passed","message":"","name":"/home/user/Documents/workspace/projects/.worktrees/frontend-wave2-product-ux-v1/frontend/src/interaction/InteractionShell.test.tsx"},{"assertionResults":[{"ancestorTitles":["product selection and intent boundary"],"fullName":"product selection and intent boundary owns structural multiselection and rejects unknown presentation IDs","status":"passed","title":"owns structural multiselection and rejects unknown presentation IDs","duration":7.634687999999869,"failureMessages":[],"meta":{}},{"ancestorTitles":["product selection and intent boundary"],"fullName":"product selection and intent boundary keeps an explicit primary while multi-selection can contract, and invalidates a proposal on time or selection","status":"passed","title":"keeps an explicit primary while multi-selection can contract, and invalidates a proposal on time or selection","duration":4.541868000000022,"failureMessages":[],"meta":{}},{"ancestorTitles":["product selection and intent boundary"],"fullName":"product selection and intent boundary lowers the same rename intent identically from every invocation source","status":"passed","title":"lowers the same rename intent identically from every invocation source","duration":1.9606790000000274,"failureMessages":[],"meta":{}},{"ancestorTitles":["product selection and intent boundary"],"fullName":"product selection and intent boundary rejects canonical requests before invoking any surface adapter","status":"passed","title":"rejects canonical requests before invoking any surface adapter","duration":1.4184020000000146,"failureMessages":[],"meta":{}},{"ancestorTitles":["product selection and intent boundary"],"fullName":"product selection and intent boundary preserves selection while hiding inspector and resets in a fresh scope","status":"passed","title":"preserves selection while hiding inspector and resets in a fresh scope","duration":0.4814000000001215,"failureMessages":[],"meta":{}},{"ancestorTitles":["product selection and intent boundary"],"fullName":"product selection and intent boundary interprets supplied local title and rejects stale proposals even after selection returns","status":"passed","title":"interprets supplied local title and rejects stale proposals even after selection returns","duration":0.7443749999999909,"failureMessages":[],"meta":{}},{"ancestorTitles":["product selection and intent boundary"],"fullName":"product selection and intent boundary fails closed for unknown interpretation, cross-store proposal and wrong categories","status":"passed","title":"fails closed for unknown interpretation, cross-store proposal and wrong categories","duration":0.5155530000001818,"failureMessages":[],"meta":{}},{"ancestorTitles":["product selection and intent boundary"],"fullName":"product selection and intent boundary bounds explicit simulated time and projects revision questions without fabricating facts","status":"passed","title":"bounds explicit simulated time and projects revision questions without fabricating facts","duration":0.46553500000004533,"failureMessages":[],"meta":{}},{"ancestorTitles":["scoped ordered selection invariants"],"fullName":"scoped ordered selection invariants replaces in input order, toggles additions, removes primary, and clears with true no-ops","status":"passed","title":"replaces in input order, toggles additions, removes primary, and clears with true no-ops","duration":2.0707370000000083,"failureMessages":[],"meta":{}},{"ancestorTitles":["scoped ordered selection invariants"],"fullName":"scoped ordered selection invariants rejects wrong scope, kind, unknown, edge, stale revision and lifetime without changing membership","status":"passed","title":"rejects wrong scope, kind, unknown, edge, stale revision and lifetime without changing membership","duration":0.8411739999999099,"failureMessages":[],"meta":{}},{"ancestorTitles":["scoped ordered selection invariants"],"fullName":"scoped ordered selection invariants reconciles changed projections and missing objects before Agent apply; leave rotates lifetime","status":"passed","title":"reconciles changed projections and missing objects before Agent apply; leave rotates lifetime","duration":1.422747999999956,"failureMessages":[],"meta":{}},{"ancestorTitles":["scoped ordered selection invariants"],"fullName":"scoped ordered selection invariants does not invalidate on inspector, Agent, reveal, or unchanged local geometry/title","status":"passed","title":"does not invalidate on inspector, Agent, reveal, or unchanged local geometry/title","duration":0.38209299999994073,"failureMessages":[],"meta":{}},{"ancestorTitles":[],"fullName":"keeps published snapshots immutable and rejects a second active adapter","status":"passed","title":"keeps published snapshots immutable and rejects a second active adapter","duration":1.118007999999918,"failureMessages":[],"meta":{}},{"ancestorTitles":[],"fullName":"distinguishes presentation kinds sharing a local ID and rejects ambiguous ID-only operations","status":"passed","title":"distinguishes presentation kinds sharing a local ID and rejects ambiguous ID-only operations","duration":0.51237500000002,"failureMessages":[],"meta":{}},{"ancestorTitles":[],"fullName":"increments revision for a primary-only change and preserves ordered membership on a repeated no-op","status":"passed","title":"increments revision for a primary-only change and preserves ordered membership on a repeated no-op","duration":0.8989899999999125,"failureMessages":[],"meta":{}},{"ancestorTitles":[],"fullName":"Slice1C retirement invalidates ownership synchronously and rejects retained mutations and proposals","status":"passed","title":"Slice1C retirement invalidates ownership synchronously and rejects retained mutations and proposals","duration":0.9339959999999792,"failureMessages":[],"meta":{}},{"ancestorTitles":[],"fullName":"V5 dispatch enforces live history availability without selection and rejects canonical and other surfaces","status":"passed","title":"V5 dispatch enforces live history availability without selection and rejects canonical and other surfaces","duration":0.9096080000001621,"failureMessages":[],"meta":{}}],"startTime":1788849966928,"endTime":1788849966955.9097,"status":"passed","message":"","name":"/home/user/Documents/workspace/projects/.worktrees/frontend-wave2-product-ux-v1/frontend/src/interaction/model.test.ts"},{"assertionResults":[{"ancestorTitles":["localization runtime"],"fullName":"localization runtime renders bundled English and Chinese, switches at runtime, formats values, and falls back per key","status":"passed","title":"renders bundled English and Chinese, switches at runtime, formats values, and falls back per key","duration":77.17850099999987,"failureMessages":[],"meta":{}},{"ancestorTitles":["localization runtime"],"fullName":"localization runtime uses an explicit development marker for an unknown key","status":"passed","title":"uses an explicit development marker for an unknown key","duration":2.2638899999999467,"failureMessages":[],"meta":{}},{"ancestorTitles":["localization runtime"],"fullName":"localization runtime validates required interpolation parameters and ignores extras","status":"passed","title":"validates required interpolation parameters and ignores extras","duration":2.6725960000001123,"failureMessages":[],"meta":{}},{"ancestorTitles":["localization runtime"],"fullName":"localization runtime keeps synchronous bundled copy through remote outage and invalid payloads, then accepts valid remote copy","status":"passed","title":"keeps synchronous bundled copy through remote outage and invalid payloads, then accepts valid remote copy","duration":33.3773020000001,"failureMessages":[],"meta":{}},{"ancestorTitles":["localization runtime"],"fullName":"localization runtime prevents a stale locale request from replacing the current locale","status":"passed","title":"prevents a stale locale request from replacing the current locale","duration":14.02774700000009,"failureMessages":[],"meta":{}},{"ancestorTitles":["localization runtime"],"fullName":"localization runtime loads a fresh-object provider once per unresolved locale and reuses resolved cache entries","status":"passed","title":"loads a fresh-object provider once per unresolved locale and reuses resolved cache entries","duration":21.05061099999989,"failureMessages":[],"meta":{}},{"ancestorTitles":["localization runtime"],"fullName":"localization runtime honors an injected resolved cache without refreshing it","status":"passed","title":"honors an injected resolved cache without refreshing it","duration":3.070116999999982,"failureMessages":[],"meta":{}},{"ancestorTitles":["localization runtime"],"fullName":"localization runtime rejects validly digested remote keys and parameter contracts that diverge from English","status":"passed","title":"rejects validly digested remote keys and parameter contracts that diverge from English","duration":15.620516999999836,"failureMessages":[],"meta":{}},{"ancestorTitles":["catalog contract"],"fullName":"catalog contract provides bundled catalogs through a concrete synchronous provider boundary","status":"passed","title":"provides bundled catalogs through a concrete synchronous provider boundary","duration":0.49112799999988965,"failureMessages":[],"meta":{}},{"ancestorTitles":["catalog contract"],"fullName":"catalog contract uses the standard SHA-256 digest algorithm","status":"passed","title":"uses the standard SHA-256 digest algorithm","duration":1.5077870000000075,"failureMessages":[],"meta":{}},{"ancestorTitles":["catalog contract"],"fullName":"catalog contract rejects schema and catalog version mismatches, unknown fields, HTML, malformed locale/namespaces/digest/params, and digest tampering","status":"passed","title":"rejects schema and catalog version mismatches, unknown fields, HTML, malformed locale/namespaces/digest/params, and digest tampering","duration":0.9233140000001185,"failureMessages":[],"meta":{}},{"ancestorTitles":["catalog contract"],"fullName":"catalog contract contains malformed and prototype-key inputs and permits repeated placeholders under one parameter contract","status":"passed","title":"contains malformed and prototype-key inputs and permits repeated placeholders under one parameter contract","duration":1.9624140000000807,"failureMessages":[],"meta":{}},{"ancestorTitles":["catalog contract"],"fullName":"catalog contract guards every required source key","status":"passed","title":"guards every required source key","duration":1.434882000000016,"failureMessages":[],"meta":{}}],"startTime":1788849967371,"endTime":1788849967547.4348,"status":"passed","message":"","name":"/home/user/Documents/workspace/projects/.worktrees/frontend-wave2-product-ux-v1/frontend/src/localization/localization.test.tsx"},{"assertionResults":[{"ancestorTitles":["shared application shell"],"fullName":"shared application shell switches Product UI locale from the shell selector","status":"passed","title":"switches Product UI locale from the shell selector","duration":90.85536899999988,"failureMessages":[],"meta":{}},{"ancestorTitles":["shared application shell"],"fullName":"shared application shell allows remote copy replacement without changing protected command availability","status":"passed","title":"allows remote copy replacement without changing protected command availability","duration":71.15735600000016,"failureMessages":[],"meta":{}},{"ancestorTitles":["shared application shell"],"fullName":"shared application shell exposes keyboard-reachable navigation and named panel controls","status":"passed","title":"exposes keyboard-reachable navigation and named panel controls","duration":36.216587999999774,"failureMessages":[],"meta":{}},{"ancestorTitles":["shared application shell"],"fullName":"shared application shell opens a palette whose protected commands remain disabled","status":"passed","title":"opens a palette whose protected commands remain disabled","duration":39.142922,"failureMessages":[],"meta":{}},{"ancestorTitles":[],"fullName":"uses only horizontal Studio and leaves text-entry shortcuts alone","status":"passed","title":"uses only horizontal Studio and leaves text-entry shortcuts alone","duration":16.363648000000012,"failureMessages":[],"meta":{}},{"ancestorTitles":["real AppShell unavailable descriptions in 'en'"],"fullName":"real AppShell unavailable descriptions in 'en' localizes real missing access before and after the fail-closed adapter resolves","status":"passed","title":"localizes real missing access before and after the fail-closed adapter resolves","duration":51.778955000000224,"failureMessages":[],"meta":{}},{"ancestorTitles":["real AppShell unavailable descriptions in 'en'"],"fullName":"real AppShell unavailable descriptions in 'en' localizes the unresolved project explanation","status":"passed","title":"localizes the unresolved project explanation","duration":26.632218000000194,"failureMessages":[],"meta":{}},{"ancestorTitles":["real AppShell unavailable descriptions in 'en'"],"fullName":"real AppShell unavailable descriptions in 'en' localizes the hidden surface explanation ahead of unresolved project and access reasons","status":"passed","title":"localizes the hidden surface explanation ahead of unresolved project and access reasons","duration":34.46177200000011,"failureMessages":[],"meta":{}},{"ancestorTitles":["real AppShell unavailable descriptions in 'en'"],"fullName":"real AppShell unavailable descriptions in 'en' preserves opaque server explanation verbatim: Denied by workspace policy P-42.","status":"passed","title":"preserves opaque server explanation verbatim: Denied by workspace policy P-42.","duration":29.094004999999925,"failureMessages":[],"meta":{}},{"ancestorTitles":["real AppShell unavailable descriptions in 'en'"],"fullName":"real AppShell unavailable descriptions in 'en' preserves opaque server explanation verbatim: This surface is not discoverable at its current maturity.","status":"passed","title":"preserves opaque server explanation verbatim: This surface is not discoverable at its current maturity.","duration":31.96432199999981,"failureMessages":[],"meta":{}},{"ancestorTitles":["real AppShell unavailable descriptions in 'en'"],"fullName":"real AppShell unavailable descriptions in 'en' preserves opaque server explanation verbatim: A server-resolved Project context is required.","status":"passed","title":"preserves opaque server explanation verbatim: A server-resolved Project context is required.","duration":25.01362199999994,"failureMessages":[],"meta":{}},{"ancestorTitles":["real AppShell unavailable descriptions in 'en'"],"fullName":"real AppShell unavailable descriptions in 'en' preserves opaque server explanation verbatim: Effective access is not available from the server. This action is disabled.","status":"passed","title":"preserves opaque server explanation verbatim: Effective access is not available from the server. This action is disabled.","duration":29.378384000000096,"failureMessages":[],"meta":{}},{"ancestorTitles":["real AppShell unavailable descriptions in 'en'"],"fullName":"real AppShell unavailable descriptions in 'en' keeps canonical actions disabled with localized copy even for available access","status":"passed","title":"keeps canonical actions disabled with localized copy even for available access","duration":24.37800100000004,"failureMessages":[],"meta":{}},{"ancestorTitles":["real AppShell unavailable descriptions in 'zh-CN'"],"fullName":"real AppShell unavailable descriptions in 'zh-CN' localizes real missing access before and after the fail-closed adapter resolves","status":"passed","title":"localizes real missing access before and after the fail-closed adapter resolves","duration":48.09999700000026,"failureMessages":[],"meta":{}},{"ancestorTitles":["real AppShell unavailable descriptions in 'zh-CN'"],"fullName":"real AppShell unavailable descriptions in 'zh-CN' localizes the unresolved project explanation","status":"passed","title":"localizes the unresolved project explanation","duration":33.42787400000043,"failureMessages":[],"meta":{}},{"ancestorTitles":["real AppShell unavailable descriptions in 'zh-CN'"],"fullName":"real AppShell unavailable descriptions in 'zh-CN' localizes the hidden surface explanation ahead of unresolved project and access reasons","status":"passed","title":"localizes the hidden surface explanation ahead of unresolved project and access reasons","duration":40.25097699999969,"failureMessages":[],"meta":{}},{"ancestorTitles":["real AppShell unavailable descriptions in 'zh-CN'"],"fullName":"real AppShell unavailable descriptions in 'zh-CN' preserves opaque server explanation verbatim: Denied by workspace policy P-42.","status":"passed","title":"preserves opaque server explanation verbatim: Denied by workspace policy P-42.","duration":30.316487000000052,"failureMessages":[],"meta":{}},{"ancestorTitles":["real AppShell unavailable descriptions in 'zh-CN'"],"fullName":"real AppShell unavailable descriptions in 'zh-CN' preserves opaque server explanation verbatim: This surface is not discoverable at its current maturity.","status":"passed","title":"preserves opaque server explanation verbatim: This surface is not discoverable at its current maturity.","duration":24.061187999999675,"failureMessages":[],"meta":{}},{"ancestorTitles":["real AppShell unavailable descriptions in 'zh-CN'"],"fullName":"real AppShell unavailable descriptions in 'zh-CN' preserves opaque server explanation verbatim: A server-resolved Project context is required.","status":"passed","title":"preserves opaque server explanation verbatim: A server-resolved Project context is required.","duration":25.396465000000262,"failureMessages":[],"meta":{}},{"ancestorTitles":["real AppShell unavailable descriptions in 'zh-CN'"],"fullName":"real AppShell unavailable descriptions in 'zh-CN' preserves opaque server explanation verbatim: Effective access is not available from the server. This action is disabled.","status":"passed","title":"preserves opaque server explanation verbatim: Effective access is not available from the server. This action is disabled.","duration":22.15392600000041,"failureMessages":[],"meta":{}},{"ancestorTitles":["real AppShell unavailable descriptions in 'zh-CN'"],"fullName":"real AppShell unavailable descriptions in 'zh-CN' keeps canonical actions disabled with localized copy even for available access","status":"passed","title":"keeps canonical actions disabled with localized copy even for available access","duration":28.313890999999785,"failureMessages":[],"meta":{}},{"ancestorTitles":["shared notification entry"],"fullName":"shared notification entry has exactly one fail-closed entry on workspace","status":"passed","title":"has exactly one fail-closed entry on workspace","duration":11.335716000000048,"failureMessages":[],"meta":{}},{"ancestorTitles":["shared notification entry"],"fullName":"shared notification entry has exactly one fail-closed entry on project-overview","status":"passed","title":"has exactly one fail-closed entry on project-overview","duration":9.947891999999683,"failureMessages":[],"meta":{}},{"ancestorTitles":["shared notification entry"],"fullName":"shared notification entry has exactly one fail-closed entry on nle","status":"passed","title":"has exactly one fail-closed entry on nle","duration":9.342805999999655,"failureMessages":[],"meta":{}},{"ancestorTitles":["shared notification entry"],"fullName":"shared notification entry has exactly one fail-closed entry on canvas","status":"passed","title":"has exactly one fail-closed entry on canvas","duration":9.228689999999915,"failureMessages":[],"meta":{}},{"ancestorTitles":["shared notification entry"],"fullName":"shared notification entry has exactly one fail-closed entry on storyboard","status":"passed","title":"has exactly one fail-closed entry on storyboard","duration":12.879100000000108,"failureMessages":[],"meta":{}},{"ancestorTitles":["shared notification entry"],"fullName":"shared notification entry has exactly one fail-closed entry on screenplay","status":"passed","title":"has exactly one fail-closed entry on screenplay","duration":8.874147999999877,"failureMessages":[],"meta":{}},{"ancestorTitles":["shared notification entry"],"fullName":"shared notification entry has exactly one fail-closed entry on agent","status":"passed","title":"has exactly one fail-closed entry on agent","duration":9.34646900000007,"failureMessages":[],"meta":{}},{"ancestorTitles":["shared notification entry"],"fullName":"shared notification entry has exactly one fail-closed entry on workflow","status":"passed","title":"has exactly one fail-closed entry on workflow","duration":8.981747999999698,"failureMessages":[],"meta":{}},{"ancestorTitles":["shared notification entry"],"fullName":"shared notification entry has exactly one fail-closed entry on recipe","status":"passed","title":"has exactly one fail-closed entry on recipe","duration":9.221538000000237,"failureMessages":[],"meta":{}},{"ancestorTitles":["shared notification entry"],"fullName":"shared notification entry has exactly one fail-closed entry on review","status":"passed","title":"has exactly one fail-closed entry on review","duration":14.7677649999996,"failureMessages":[],"meta":{}},{"ancestorTitles":["shared notification entry"],"fullName":"shared notification entry has exactly one fail-closed entry on production","status":"passed","title":"has exactly one fail-closed entry on production","duration":8.553588999999647,"failureMessages":[],"meta":{}},{"ancestorTitles":["shared notification entry"],"fullName":"shared notification entry has exactly one fail-closed entry on operations","status":"passed","title":"has exactly one fail-closed entry on operations","duration":7.888234000000011,"failureMessages":[],"meta":{}},{"ancestorTitles":["shared notification entry"],"fullName":"shared notification entry has exactly one fail-closed entry on admin","status":"passed","title":"has exactly one fail-closed entry on admin","duration":7.98035899999968,"failureMessages":[],"meta":{}},{"ancestorTitles":["shared notification entry"],"fullName":"shared notification entry has exactly one fail-closed entry on developer","status":"passed","title":"has exactly one fail-closed entry on developer","duration":8.365628999999899,"failureMessages":[],"meta":{}},{"ancestorTitles":["shared notification entry"],"fullName":"shared notification entry keeps inbox identity independent of project and preserves Selection on opening, detail and read","status":"passed","title":"keeps inbox identity independent of project and preserves Selection on opening, detail and read","duration":112.69161900000017,"failureMessages":[],"meta":{}},{"ancestorTitles":["session-local command palette shortcut"],"fullName":"session-local command palette shortcut applies, cancels and resets the shortcut while preserving focus, drafts and shared selection actions","status":"passed","title":"applies, cancels and resets the shortcut while preserving focus, drafts and shared selection actions","duration":95.95100400000001,"failureMessages":[],"meta":{}},{"ancestorTitles":["session-local command palette shortcut"],"fullName":"session-local command palette shortcut leaves native editing and handled gestures alone, including an active composition without a key flag","status":"passed","title":"leaves native editing and handled gestures alone, including an active composition without a key flag","duration":22.2924280000002,"failureMessages":[],"meta":{}},{"ancestorTitles":["session-local command palette shortcut"],"fullName":"session-local command palette shortcut keeps modal ownership for shortcuts and behind-modal activation and hands focus to a shared Agent action","status":"passed","title":"keeps modal ownership for shortcuts and behind-modal activation and hands focus to a shared Agent action","duration":51.81287399999974,"failureMessages":[],"meta":{}},{"ancestorTitles":["session-local command palette shortcut"],"fullName":"session-local command palette shortcut repairs an unsupported initial shortcut and retains native dialog focus in 'en'","status":"passed","title":"repairs an unsupported initial shortcut and retains native dialog focus in 'en'","duration":47.51937700000008,"failureMessages":[],"meta":{}},{"ancestorTitles":["session-local command palette shortcut"],"fullName":"session-local command palette shortcut repairs an unsupported initial shortcut and retains native dialog focus in 'zh-CN'","status":"passed","title":"repairs an unsupported initial shortcut and retains native dialog focus in 'zh-CN'","duration":53.880489000000125,"failureMessages":[],"meta":{}},{"ancestorTitles":["session-local command palette shortcut"],"fullName":"session-local command palette shortcut rejects initial and edited collisions without replacing other commands or silently resetting","status":"passed","title":"rejects initial and edited collisions without replacing other commands or silently resetting","duration":67.06244500000003,"failureMessages":[],"meta":{}},{"ancestorTitles":["session-local command palette shortcut"],"fullName":"session-local command palette shortcut retires only local remapping and editor state across scope, owner and mount lifetimes","status":"passed","title":"retires only local remapping and editor state across scope, owner and mount lifetimes","duration":234.75665299999991,"failureMessages":[],"meta":{}},{"ancestorTitles":["session-local command palette shortcut"],"fullName":"session-local command palette shortcut uses the supported caller binding for both discovery and exact keyboard activation","status":"passed","title":"uses the supported caller binding for both discovery and exact keyboard activation","duration":16.3757599999999,"failureMessages":[],"meta":{}}],"startTime":1788849967943,"endTime":1788849969541.3757,"status":"passed","message":"","name":"/home/user/Documents/workspace/projects/.worktrees/frontend-wave2-product-ux-v1/frontend/src/components/app-shell/AppShell.test.tsx"},{"assertionResults":[{"ancestorTitles":["ProductionBrowser Scene and Shot discovery"],"fullName":"ProductionBrowser Scene and Shot discovery accepts the isolated fixture only through an explicit source prop or provider injection","status":"passed","title":"accepts the isolated fixture only through an explicit source prop or provider injection","duration":101.73964599999977,"failureMessages":[],"meta":{}},{"ancestorTitles":["ProductionBrowser Scene and Shot discovery"],"fullName":"ProductionBrowser Scene and Shot discovery browses only explicitly related Shots, preserves missing fields, and exposes no mutation or arbitrary URL","status":"passed","title":"browses only explicitly related Shots, preserves missing fields, and exposes no mutation or arbitrary URL","duration":71.34098500000027,"failureMessages":[],"meta":{}},{"ancestorTitles":["ProductionBrowser Scene and Shot discovery"],"fullName":"ProductionBrowser Scene and Shot discovery searches, filters, sorts and resets Scenes locally while retaining controls after detail close","status":"passed","title":"searches, filters, sorts and resets Scenes locally while retaining controls after detail close","duration":89.86100499999975,"failureMessages":[],"meta":{}},{"ancestorTitles":["ProductionBrowser Scene and Shot discovery"],"fullName":"ProductionBrowser Scene and Shot discovery keeps Reset reachable for populated filters and preserves Reset focus after restoring defaults","status":"passed","title":"keeps Reset reachable for populated filters and preserves Reset focus after restoring defaults","duration":34.11257999999998,"failureMessages":[],"meta":{}},{"ancestorTitles":["ProductionBrowser Scene and Shot discovery"],"fullName":"ProductionBrowser Scene and Shot discovery distinguishes empty snapshots, no related Shots, bounded snapshots and missing supplied values","status":"passed","title":"distinguishes empty snapshots, no related Shots, bounded snapshots and missing supplied values","duration":48.446101,"failureMessages":[],"meta":{}},{"ancestorTitles":["ProductionBrowser Scene and Shot discovery"],"fullName":"ProductionBrowser Scene and Shot discovery uses one stable Refresh/Cancel/Retry control, drops cancelled replies, and never steals moved focus","status":"passed","title":"uses one stable Refresh/Cancel/Retry control, drops cancelled replies, and never steals moved focus","duration":32.9602219999997,"failureMessages":[],"meta":{}},{"ancestorTitles":["ProductionBrowser Scene and Shot discovery"],"fullName":"ProductionBrowser Scene and Shot discovery clears content and renders nondisclosing unavailable state with opaque supplied explanation","status":"passed","title":"clears content and renders nondisclosing unavailable state with opaque supplied explanation","duration":18.679215999999997,"failureMessages":[],"meta":{}},{"ancestorTitles":["ProductionBrowser Scene and Shot discovery"],"fullName":"ProductionBrowser Scene and Shot discovery clears content and renders nondisclosing denied state with opaque supplied explanation","status":"passed","title":"clears content and renders nondisclosing denied state with opaque supplied explanation","duration":25.84377799999993,"failureMessages":[],"meta":{}},{"ancestorTitles":["ProductionBrowser Scene and Shot discovery"],"fullName":"ProductionBrowser Scene and Shot discovery clears content and renders nondisclosing unknown state with opaque supplied explanation","status":"passed","title":"clears content and renders nondisclosing unknown state with opaque supplied explanation","duration":20.71361999999999,"failureMessages":[],"meta":{}},{"ancestorTitles":["ProductionBrowser Scene and Shot discovery"],"fullName":"ProductionBrowser Scene and Shot discovery clears content and renders nondisclosing unsupported state with opaque supplied explanation","status":"passed","title":"clears content and renders nondisclosing unsupported state with opaque supplied explanation","duration":19.855689999999868,"failureMessages":[],"meta":{}},{"ancestorTitles":["ProductionBrowser Scene and Shot discovery"],"fullName":"ProductionBrowser Scene and Shot discovery clears content and renders nondisclosing error state with opaque supplied explanation","status":"passed","title":"clears content and renders nondisclosing error state with opaque supplied explanation","duration":20.026326000000154,"failureMessages":[],"meta":{}},{"ancestorTitles":["ProductionBrowser Scene and Shot discovery"],"fullName":"ProductionBrowser Scene and Shot discovery clears content and renders nondisclosing stale state with opaque supplied explanation","status":"passed","title":"clears content and renders nondisclosing stale state with opaque supplied explanation","duration":21.717527000000246,"failureMessages":[],"meta":{}},{"ancestorTitles":["ProductionBrowser Scene and Shot discovery"],"fullName":"ProductionBrowser Scene and Shot discovery fails closed on invalid relations and never retains old content","status":"passed","title":"fails closed on invalid relations and never retains old content","duration":22.338749000000007,"failureMessages":[],"meta":{}},{"ancestorTitles":["ProductionBrowser Scene and Shot discovery"],"fullName":"ProductionBrowser Scene and Shot discovery retires a valid pending reply on principalId change","status":"passed","title":"retires a valid pending reply on principalId change","duration":14.521678000000065,"failureMessages":[],"meta":{}},{"ancestorTitles":["ProductionBrowser Scene and Shot discovery"],"fullName":"ProductionBrowser Scene and Shot discovery retires a valid pending reply on tenantId change","status":"passed","title":"retires a valid pending reply on tenantId change","duration":13.937065999999959,"failureMessages":[],"meta":{}},{"ancestorTitles":["ProductionBrowser Scene and Shot discovery"],"fullName":"ProductionBrowser Scene and Shot discovery retires a valid pending reply on sessionId change","status":"passed","title":"retires a valid pending reply on sessionId change","duration":17.31877200000008,"failureMessages":[],"meta":{}},{"ancestorTitles":["ProductionBrowser Scene and Shot discovery"],"fullName":"ProductionBrowser Scene and Shot discovery retires a valid pending reply on workspaceId change","status":"passed","title":"retires a valid pending reply on workspaceId change","duration":14.423887999999806,"failureMessages":[],"meta":{}},{"ancestorTitles":["ProductionBrowser Scene and Shot discovery"],"fullName":"ProductionBrowser Scene and Shot discovery retires a valid pending reply on projectId change","status":"passed","title":"retires a valid pending reply on projectId change","duration":14.018782999999985,"failureMessages":[],"meta":{}},{"ancestorTitles":["ProductionBrowser Scene and Shot discovery"],"fullName":"ProductionBrowser Scene and Shot discovery retires pending replies on adapter/access replacement and unmount","status":"passed","title":"retires pending replies on adapter/access replacement and unmount","duration":9.955645000000004,"failureMessages":[],"meta":{}},{"ancestorTitles":["ProductionBrowser Scene and Shot discovery"],"fullName":"ProductionBrowser Scene and Shot discovery clears a ready snapshot on InteractionStore owner retirement and rebinds only to a fresh pageshow store","status":"passed","title":"clears a ready snapshot on InteractionStore owner retirement and rebinds only to a fresh pageshow store","duration":27.369968000000426,"failureMessages":[],"meta":{}},{"ancestorTitles":["ProductionBrowser Scene and Shot discovery"],"fullName":"ProductionBrowser Scene and Shot discovery rejects a pending reply after InteractionStore owner retirement","status":"passed","title":"rejects a pending reply after InteractionStore owner retirement","duration":6.392972999999984,"failureMessages":[],"meta":{}},{"ancestorTitles":["ProductionBrowser Scene and Shot discovery"],"fullName":"ProductionBrowser Scene and Shot discovery does not query a malformed required principalId context","status":"passed","title":"does not query a malformed required principalId context","duration":4.087141999999858,"failureMessages":[],"meta":{}},{"ancestorTitles":["ProductionBrowser Scene and Shot discovery"],"fullName":"ProductionBrowser Scene and Shot discovery does not query a malformed required tenantId context","status":"passed","title":"does not query a malformed required tenantId context","duration":3.798123999999916,"failureMessages":[],"meta":{}},{"ancestorTitles":["ProductionBrowser Scene and Shot discovery"],"fullName":"ProductionBrowser Scene and Shot discovery does not query a malformed required sessionId context","status":"passed","title":"does not query a malformed required sessionId context","duration":3.820807000000059,"failureMessages":[],"meta":{}},{"ancestorTitles":["ProductionBrowser Scene and Shot discovery"],"fullName":"ProductionBrowser Scene and Shot discovery does not query a malformed required workspaceId context","status":"passed","title":"does not query a malformed required workspaceId context","duration":3.8236950000000434,"failureMessages":[],"meta":{}},{"ancestorTitles":["ProductionBrowser Scene and Shot discovery"],"fullName":"ProductionBrowser Scene and Shot discovery does not query a malformed required projectId context","status":"passed","title":"does not query a malformed required projectId context","duration":3.9935519999999087,"failureMessages":[],"meta":{}},{"ancestorTitles":["ProductionBrowser Scene and Shot discovery"],"fullName":"ProductionBrowser Scene and Shot discovery does not query denied/unknown sources and is unavailable with no injected source","status":"passed","title":"does not query denied/unknown sources and is unavailable with no injected source","duration":10.053992000000108,"failureMessages":[],"meta":{}},{"ancestorTitles":["ProductionBrowser Scene and Shot discovery"],"fullName":"ProductionBrowser Scene and Shot discovery localizes the complete bounded workflow in Chinese while preserving supplied values literally","status":"passed","title":"localizes the complete bounded workflow in Chinese while preserving supplied values literally","duration":44.09845899999982,"failureMessages":[],"meta":{}}],"startTime":1788849967716,"endTime":1788849968436.0984,"status":"passed","message":"","name":"/home/user/Documents/workspace/projects/.worktrees/frontend-wave2-product-ux-v1/frontend/src/product/production/ProductionBrowser.test.tsx"},{"assertionResults":[{"ancestorTitles":["bounded Scene and Shot production projection"],"fullName":"bounded Scene and Shot production projection filters only supplied Scene display fields and status, then sorts stably by name and ID","status":"passed","title":"filters only supplied Scene display fields and status, then sorts stably by name and ID","duration":3.9699020000000473,"failureMessages":[],"meta":{}},{"ancestorTitles":["bounded Scene and Shot production projection"],"fullName":"bounded Scene and Shot production projection accepts an owned bounded snapshot with explicit stable Scene-to-Shot relations and safe references","status":"passed","title":"accepts an owned bounded snapshot with explicit stable Scene-to-Shot relations and safe references","duration":7.1580260000000635,"failureMessages":[],"meta":{}},{"ancestorTitles":["bounded Scene and Shot production projection"],"fullName":"bounded Scene and Shot production projection rejects malformed, ambiguous, foreign, orphaned, unsafe, unbounded, or mismatched results 0","status":"passed","title":"rejects malformed, ambiguous, foreign, orphaned, unsafe, unbounded, or mismatched results 0","duration":1.9601030000001174,"failureMessages":[],"meta":{}},{"ancestorTitles":["bounded Scene and Shot production projection"],"fullName":"bounded Scene and Shot production projection rejects malformed, ambiguous, foreign, orphaned, unsafe, unbounded, or mismatched results 1","status":"passed","title":"rejects malformed, ambiguous, foreign, orphaned, unsafe, unbounded, or mismatched results 1","duration":1.1908350000001064,"failureMessages":[],"meta":{}},{"ancestorTitles":["bounded Scene and Shot production projection"],"fullName":"bounded Scene and Shot production projection rejects malformed, ambiguous, foreign, orphaned, unsafe, unbounded, or mismatched results 2","status":"passed","title":"rejects malformed, ambiguous, foreign, orphaned, unsafe, unbounded, or mismatched results 2","duration":0.5137700000000223,"failureMessages":[],"meta":{}},{"ancestorTitles":["bounded Scene and Shot production projection"],"fullName":"bounded Scene and Shot production projection rejects malformed, ambiguous, foreign, orphaned, unsafe, unbounded, or mismatched results 3","status":"passed","title":"rejects malformed, ambiguous, foreign, orphaned, unsafe, unbounded, or mismatched results 3","duration":0.5701880000001438,"failureMessages":[],"meta":{}},{"ancestorTitles":["bounded Scene and Shot production projection"],"fullName":"bounded Scene and Shot production projection rejects malformed, ambiguous, foreign, orphaned, unsafe, unbounded, or mismatched results 4","status":"passed","title":"rejects malformed, ambiguous, foreign, orphaned, unsafe, unbounded, or mismatched results 4","duration":0.47180699999989884,"failureMessages":[],"meta":{}},{"ancestorTitles":["bounded Scene and Shot production projection"],"fullName":"bounded Scene and Shot production projection rejects malformed, ambiguous, foreign, orphaned, unsafe, unbounded, or mismatched results 5","status":"passed","title":"rejects malformed, ambiguous, foreign, orphaned, unsafe, unbounded, or mismatched results 5","duration":0.5603209999999308,"failureMessages":[],"meta":{}},{"ancestorTitles":["bounded Scene and Shot production projection"],"fullName":"bounded Scene and Shot production projection rejects malformed, ambiguous, foreign, orphaned, unsafe, unbounded, or mismatched results 6","status":"passed","title":"rejects malformed, ambiguous, foreign, orphaned, unsafe, unbounded, or mismatched results 6","duration":0.7223109999999906,"failureMessages":[],"meta":{}},{"ancestorTitles":["bounded Scene and Shot production projection"],"fullName":"bounded Scene and Shot production projection rejects malformed, ambiguous, foreign, orphaned, unsafe, unbounded, or mismatched results 7","status":"passed","title":"rejects malformed, ambiguous, foreign, orphaned, unsafe, unbounded, or mismatched results 7","duration":0.5357719999999517,"failureMessages":[],"meta":{}},{"ancestorTitles":["bounded Scene and Shot production projection"],"fullName":"bounded Scene and Shot production projection rejects malformed, ambiguous, foreign, orphaned, unsafe, unbounded, or mismatched results 8","status":"passed","title":"rejects malformed, ambiguous, foreign, orphaned, unsafe, unbounded, or mismatched results 8","duration":0.6051649999999427,"failureMessages":[],"meta":{}},{"ancestorTitles":["bounded Scene and Shot production projection"],"fullName":"bounded Scene and Shot production projection rejects malformed, ambiguous, foreign, orphaned, unsafe, unbounded, or mismatched results 9","status":"passed","title":"rejects malformed, ambiguous, foreign, orphaned, unsafe, unbounded, or mismatched results 9","duration":0.6230080000000271,"failureMessages":[],"meta":{}},{"ancestorTitles":["bounded Scene and Shot production projection"],"fullName":"bounded Scene and Shot production projection rejects malformed, ambiguous, foreign, orphaned, unsafe, unbounded, or mismatched results 10","status":"passed","title":"rejects malformed, ambiguous, foreign, orphaned, unsafe, unbounded, or mismatched results 10","duration":0.39459599999986494,"failureMessages":[],"meta":{}},{"ancestorTitles":["bounded Scene and Shot production projection"],"fullName":"bounded Scene and Shot production projection rejects malformed, ambiguous, foreign, orphaned, unsafe, unbounded, or mismatched results 11","status":"passed","title":"rejects malformed, ambiguous, foreign, orphaned, unsafe, unbounded, or mismatched results 11","duration":0.419311000000107,"failureMessages":[],"meta":{}},{"ancestorTitles":["bounded Scene and Shot production projection"],"fullName":"bounded Scene and Shot production projection rejects malformed, ambiguous, foreign, orphaned, unsafe, unbounded, or mismatched results 12","status":"passed","title":"rejects malformed, ambiguous, foreign, orphaned, unsafe, unbounded, or mismatched results 12","duration":0.3385430000000724,"failureMessages":[],"meta":{}},{"ancestorTitles":["bounded Scene and Shot production projection"],"fullName":"bounded Scene and Shot production projection rejects malformed, ambiguous, foreign, orphaned, unsafe, unbounded, or mismatched results 13","status":"passed","title":"rejects malformed, ambiguous, foreign, orphaned, unsafe, unbounded, or mismatched results 13","duration":0.3879890000000614,"failureMessages":[],"meta":{}},{"ancestorTitles":["bounded Scene and Shot production projection"],"fullName":"bounded Scene and Shot production projection rejects malformed, ambiguous, foreign, orphaned, unsafe, unbounded, or mismatched results 14","status":"passed","title":"rejects malformed, ambiguous, foreign, orphaned, unsafe, unbounded, or mismatched results 14","duration":0.3376060000000507,"failureMessages":[],"meta":{}},{"ancestorTitles":["bounded Scene and Shot production projection"],"fullName":"bounded Scene and Shot production projection rejects malformed, ambiguous, foreign, orphaned, unsafe, unbounded, or mismatched results 15","status":"passed","title":"rejects malformed, ambiguous, foreign, orphaned, unsafe, unbounded, or mismatched results 15","duration":0.35102999999980966,"failureMessages":[],"meta":{}},{"ancestorTitles":["bounded Scene and Shot production projection"],"fullName":"bounded Scene and Shot production projection rejects malformed, ambiguous, foreign, orphaned, unsafe, unbounded, or mismatched results 16","status":"passed","title":"rejects malformed, ambiguous, foreign, orphaned, unsafe, unbounded, or mismatched results 16","duration":0.37158500000009553,"failureMessages":[],"meta":{}},{"ancestorTitles":["bounded Scene and Shot production projection"],"fullName":"bounded Scene and Shot production projection rejects malformed, ambiguous, foreign, orphaned, unsafe, unbounded, or mismatched results 17","status":"passed","title":"rejects malformed, ambiguous, foreign, orphaned, unsafe, unbounded, or mismatched results 17","duration":0.31805000000008476,"failureMessages":[],"meta":{}},{"ancestorTitles":["bounded Scene and Shot production projection"],"fullName":"bounded Scene and Shot production projection rejects malformed, ambiguous, foreign, orphaned, unsafe, unbounded, or mismatched results 18","status":"passed","title":"rejects malformed, ambiguous, foreign, orphaned, unsafe, unbounded, or mismatched results 18","duration":0.3102679999999509,"failureMessages":[],"meta":{}},{"ancestorTitles":["bounded Scene and Shot production projection"],"fullName":"bounded Scene and Shot production projection rejects malformed, ambiguous, foreign, orphaned, unsafe, unbounded, or mismatched results 19","status":"passed","title":"rejects malformed, ambiguous, foreign, orphaned, unsafe, unbounded, or mismatched results 19","duration":0.705551000000014,"failureMessages":[],"meta":{}},{"ancestorTitles":["bounded Scene and Shot production projection"],"fullName":"bounded Scene and Shot production projection rejects malformed, ambiguous, foreign, orphaned, unsafe, unbounded, or mismatched results 20","status":"passed","title":"rejects malformed, ambiguous, foreign, orphaned, unsafe, unbounded, or mismatched results 20","duration":0.5125310000000809,"failureMessages":[],"meta":{}},{"ancestorTitles":["bounded Scene and Shot production projection"],"fullName":"bounded Scene and Shot production projection rejects malformed, ambiguous, foreign, orphaned, unsafe, unbounded, or mismatched results 21","status":"passed","title":"rejects malformed, ambiguous, foreign, orphaned, unsafe, unbounded, or mismatched results 21","duration":0.5321550000001025,"failureMessages":[],"meta":{}},{"ancestorTitles":["bounded Scene and Shot production projection"],"fullName":"bounded Scene and Shot production projection rejects malformed, ambiguous, foreign, orphaned, unsafe, unbounded, or mismatched results 22","status":"passed","title":"rejects malformed, ambiguous, foreign, orphaned, unsafe, unbounded, or mismatched results 22","duration":0.3533469999999852,"failureMessages":[],"meta":{}},{"ancestorTitles":["bounded Scene and Shot production projection"],"fullName":"bounded Scene and Shot production projection rejects malformed, ambiguous, foreign, orphaned, unsafe, unbounded, or mismatched results 23","status":"passed","title":"rejects malformed, ambiguous, foreign, orphaned, unsafe, unbounded, or mismatched results 23","duration":0.4467080000001715,"failureMessages":[],"meta":{}},{"ancestorTitles":["bounded Scene and Shot production projection"],"fullName":"bounded Scene and Shot production projection preserves nondisclosing unavailable failure receipts","status":"passed","title":"preserves nondisclosing unavailable failure receipts","duration":0.47448899999994865,"failureMessages":[],"meta":{}},{"ancestorTitles":["bounded Scene and Shot production projection"],"fullName":"bounded Scene and Shot production projection preserves nondisclosing denied failure receipts","status":"passed","title":"preserves nondisclosing denied failure receipts","duration":0.2394170000000031,"failureMessages":[],"meta":{}},{"ancestorTitles":["bounded Scene and Shot production projection"],"fullName":"bounded Scene and Shot production projection preserves nondisclosing unknown failure receipts","status":"passed","title":"preserves nondisclosing unknown failure receipts","duration":0.2078679999999622,"failureMessages":[],"meta":{}},{"ancestorTitles":["bounded Scene and Shot production projection"],"fullName":"bounded Scene and Shot production projection preserves nondisclosing unsupported failure receipts","status":"passed","title":"preserves nondisclosing unsupported failure receipts","duration":0.26485299999990275,"failureMessages":[],"meta":{}},{"ancestorTitles":["bounded Scene and Shot production projection"],"fullName":"bounded Scene and Shot production projection preserves nondisclosing error failure receipts","status":"passed","title":"preserves nondisclosing error failure receipts","duration":0.23586299999988114,"failureMessages":[],"meta":{}},{"ancestorTitles":["bounded Scene and Shot production projection"],"fullName":"bounded Scene and Shot production projection preserves nondisclosing stale failure receipts","status":"passed","title":"preserves nondisclosing stale failure receipts","duration":0.19526300000006813,"failureMessages":[],"meta":{}},{"ancestorTitles":["bounded Scene and Shot production projection"],"fullName":"bounded Scene and Shot production projection keys all identity, scope, access, and source ownership inputs","status":"passed","title":"keys all identity, scope, access, and source ownership inputs","duration":0.39061500000002525,"failureMessages":[],"meta":{}},{"ancestorTitles":["bounded Scene and Shot production projection"],"fullName":"bounded Scene and Shot production projection requires exact real and simulated access projections and never treats viewability as permission","status":"passed","title":"requires exact real and simulated access projections and never treats viewability as permission","duration":0.8240120000000388,"failureMessages":[],"meta":{}},{"ancestorTitles":["explicit Production source boundaries"],"fullName":"explicit Production source boundaries accepts an arbitrary explicitly host-agreed SERVER access binding and rejects a mismatched binding","status":"passed","title":"accepts an arbitrary explicitly host-agreed SERVER access binding and rejects a mismatched binding","duration":0.24652999999989333,"failureMessages":[],"meta":{}},{"ancestorTitles":["explicit Production source boundaries"],"fullName":"explicit Production source boundaries rejects malformed required principalId before a source can be ready","status":"passed","title":"rejects malformed required principalId before a source can be ready","duration":0.1959279999998671,"failureMessages":[],"meta":{}},{"ancestorTitles":["explicit Production source boundaries"],"fullName":"explicit Production source boundaries rejects malformed required tenantId before a source can be ready","status":"passed","title":"rejects malformed required tenantId before a source can be ready","duration":0.10987100000011196,"failureMessages":[],"meta":{}},{"ancestorTitles":["explicit Production source boundaries"],"fullName":"explicit Production source boundaries rejects malformed required sessionId before a source can be ready","status":"passed","title":"rejects malformed required sessionId before a source can be ready","duration":0.10589699999991353,"failureMessages":[],"meta":{}},{"ancestorTitles":["explicit Production source boundaries"],"fullName":"explicit Production source boundaries rejects malformed required workspaceId before a source can be ready","status":"passed","title":"rejects malformed required workspaceId before a source can be ready","duration":0.10312999999996464,"failureMessages":[],"meta":{}},{"ancestorTitles":["explicit Production source boundaries"],"fullName":"explicit Production source boundaries rejects malformed required projectId before a source can be ready","status":"passed","title":"rejects malformed required projectId before a source can be ready","duration":0.10480299999994713,"failureMessages":[],"meta":{}},{"ancestorTitles":["explicit Production source boundaries"],"fullName":"explicit Production source boundaries defaults unavailable without transport and retains the supplied route scope without inventing identity","status":"passed","title":"defaults unavailable without transport and retains the supplied route scope without inventing identity","duration":2.2042129999999815,"failureMessages":[],"meta":{}},{"ancestorTitles":["explicit Production source boundaries"],"fullName":"explicit Production source boundaries creates simulated data only from an explicit supplied identity and never reads URL, storage, or transport","status":"passed","title":"creates simulated data only from an explicit supplied identity and never reads URL, storage, or transport","duration":1.164399000000003,"failureMessages":[],"meta":{}}],"startTime":1788849967161,"endTime":1788849967193.1643,"status":"passed","message":"","name":"/home/user/Documents/workspace/projects/.worktrees/frontend-wave2-product-ux-v1/frontend/src/product/production/model.test.ts"}]}