{"numTotalTestSuites":10,"numPassedTestSuites":10,"numFailedTestSuites":0,"numPendingTestSuites":0,"numTotalTests":79,"numPassedTests":79,"numFailedTests":0,"numPendingTests":0,"numTodoTests":0,"snapshot":{"added":0,"failure":false,"filesAdded":0,"filesRemoved":0,"filesRemovedList":[],"filesUnmatched":0,"filesUpdated":0,"matched":0,"total":0,"unchecked":0,"uncheckedKeysByFile":[],"unmatched":0,"updated":0,"didUpdate":false},"startTime":1788848440235,"success":true,"testResults":[{"assertionResults":[{"ancestorTitles":["runtime route registration and deep-link restoration"],"fullName":"runtime route registration and deep-link restoration registers every implemented page and preserved legacy link exactly once","status":"passed","title":"registers every implemented page and preserved legacy link exactly once","duration":8.287309999999707,"failureMessages":[],"meta":{}},{"ancestorTitles":["runtime route registration and deep-link restoration"],"fullName":"runtime route registration and deep-link restoration restores Workspace, Project, and surface identity from a creative deep link and fails unauthorized commands closed","status":"passed","title":"restores Workspace, Project, and surface identity from a creative deep link and fails unauthorized commands closed","duration":762.8707910000003,"failureMessages":[],"meta":{}},{"ancestorTitles":["runtime route registration and deep-link restoration"],"fullName":"runtime route registration and deep-link restoration remounts the ProjectFrame subtree when same-route Workspace or Project parameters change","status":"passed","title":"remounts the ProjectFrame subtree when same-route Workspace or Project parameters change","duration":148.96869400000014,"failureMessages":[],"meta":{}},{"ancestorTitles":["runtime route registration and deep-link restoration"],"fullName":"runtime route registration and deep-link restoration integrates the disposable sketch on the Workflow route while invoke remains unavailable","status":"passed","title":"integrates the disposable sketch on the Workflow route while invoke remains unavailable","duration":367.43149600000015,"failureMessages":[],"meta":{}},{"ancestorTitles":["runtime route registration and deep-link restoration"],"fullName":"runtime route registration and deep-link restoration reaches the post-H7 edit route and loads explicit canonical HEAD authority","status":"passed","title":"reaches the post-H7 edit route and loads explicit canonical HEAD authority","duration":388.9078099999997,"failureMessages":[],"meta":{}},{"ancestorTitles":["runtime route registration and deep-link restoration"],"fullName":"runtime route registration and deep-link restoration renders the Workspace to Projects entry without synthesizing a Project selection","status":"passed","title":"renders the Workspace to Projects entry without synthesizing a Project selection","duration":358.55405599999995,"failureMessages":[],"meta":{}},{"ancestorTitles":["runtime route registration and deep-link restoration"],"fullName":"runtime route registration and deep-link restoration routes the existing Projects destination to the fail-closed recent-project browser without using Workspace home as its source","status":"passed","title":"routes the existing Projects destination to the fail-closed recent-project browser without using Workspace home as its source","duration":320.10699100000056,"failureMessages":[],"meta":{}},{"ancestorTitles":["runtime route registration and deep-link restoration"],"fullName":"runtime route registration and deep-link restoration routes Operations renders to the fail-closed source browser and leaves Storage behavior unchanged","status":"passed","title":"routes Operations renders to the fail-closed source browser and leaves Storage behavior unchanged","duration":354.31703500000003,"failureMessages":[],"meta":{}},{"ancestorTitles":["runtime route registration and deep-link restoration"],"fullName":"runtime route registration and deep-link restoration registers the Project Production consumer with exact route scope and no implicit fixture or request","status":"passed","title":"registers the Project Production consumer with exact route scope and no implicit fixture or request","duration":350.69604399999935,"failureMessages":[],"meta":{}},{"ancestorTitles":["runtime route registration and deep-link restoration"],"fullName":"runtime route registration and deep-link restoration handles Workspace API errors without inventing an empty state","status":"passed","title":"handles Workspace API errors without inventing an empty state","duration":31.96778699999959,"failureMessages":[],"meta":{}},{"ancestorTitles":["runtime route registration and deep-link restoration"],"fullName":"runtime route registration and deep-link restoration preserves the historical default API export alongside the additive platform client","status":"passed","title":"preserves the historical default API export alongside the additive platform client","duration":0.4592720000000554,"failureMessages":[],"meta":{}}],"startTime":1788848443088,"endTime":1788848446181.4592,"status":"passed","message":"","name":"/home/user/Documents/workspace/projects/.worktrees/frontend-wave2-product-ux-v1/frontend/src/app/routeTree.test.tsx"},{"assertionResults":[{"ancestorTitles":["localization runtime"],"fullName":"localization runtime renders bundled English and Chinese, switches at runtime, formats values, and falls back per key","status":"passed","title":"renders bundled English and Chinese, switches at runtime, formats values, and falls back per key","duration":80.84166899999991,"failureMessages":[],"meta":{}},{"ancestorTitles":["localization runtime"],"fullName":"localization runtime uses an explicit development marker for an unknown key","status":"passed","title":"uses an explicit development marker for an unknown key","duration":2.3729119999998147,"failureMessages":[],"meta":{}},{"ancestorTitles":["localization runtime"],"fullName":"localization runtime validates required interpolation parameters and ignores extras","status":"passed","title":"validates required interpolation parameters and ignores extras","duration":2.6799120000000585,"failureMessages":[],"meta":{}},{"ancestorTitles":["localization runtime"],"fullName":"localization runtime keeps synchronous bundled copy through remote outage and invalid payloads, then accepts valid remote copy","status":"passed","title":"keeps synchronous bundled copy through remote outage and invalid payloads, then accepts valid remote copy","duration":39.96837899999991,"failureMessages":[],"meta":{}},{"ancestorTitles":["localization runtime"],"fullName":"localization runtime prevents a stale locale request from replacing the current locale","status":"passed","title":"prevents a stale locale request from replacing the current locale","duration":15.81830200000013,"failureMessages":[],"meta":{}},{"ancestorTitles":["localization runtime"],"fullName":"localization runtime loads a fresh-object provider once per unresolved locale and reuses resolved cache entries","status":"passed","title":"loads a fresh-object provider once per unresolved locale and reuses resolved cache entries","duration":21.354625999999826,"failureMessages":[],"meta":{}},{"ancestorTitles":["localization runtime"],"fullName":"localization runtime honors an injected resolved cache without refreshing it","status":"passed","title":"honors an injected resolved cache without refreshing it","duration":3.4561240000000453,"failureMessages":[],"meta":{}},{"ancestorTitles":["localization runtime"],"fullName":"localization runtime rejects validly digested remote keys and parameter contracts that diverge from English","status":"passed","title":"rejects validly digested remote keys and parameter contracts that diverge from English","duration":9.682645000000093,"failureMessages":[],"meta":{}},{"ancestorTitles":["catalog contract"],"fullName":"catalog contract provides bundled catalogs through a concrete synchronous provider boundary","status":"passed","title":"provides bundled catalogs through a concrete synchronous provider boundary","duration":0.44886499999984153,"failureMessages":[],"meta":{}},{"ancestorTitles":["catalog contract"],"fullName":"catalog contract uses the standard SHA-256 digest algorithm","status":"passed","title":"uses the standard SHA-256 digest algorithm","duration":1.4931719999999586,"failureMessages":[],"meta":{}},{"ancestorTitles":["catalog contract"],"fullName":"catalog contract rejects schema and catalog version mismatches, unknown fields, HTML, malformed locale/namespaces/digest/params, and digest tampering","status":"passed","title":"rejects schema and catalog version mismatches, unknown fields, HTML, malformed locale/namespaces/digest/params, and digest tampering","duration":0.9344300000000203,"failureMessages":[],"meta":{}},{"ancestorTitles":["catalog contract"],"fullName":"catalog contract contains malformed and prototype-key inputs and permits repeated placeholders under one parameter contract","status":"passed","title":"contains malformed and prototype-key inputs and permits repeated placeholders under one parameter contract","duration":1.9809580000001006,"failureMessages":[],"meta":{}},{"ancestorTitles":["catalog contract"],"fullName":"catalog contract guards every required source key","status":"passed","title":"guards every required source key","duration":1.4081100000000788,"failureMessages":[],"meta":{}}],"startTime":1788848441673,"endTime":1788848441856.4082,"status":"passed","message":"","name":"/home/user/Documents/workspace/projects/.worktrees/frontend-wave2-product-ux-v1/frontend/src/localization/localization.test.tsx"},{"assertionResults":[{"ancestorTitles":["ProductionBrowser Scene and Shot discovery"],"fullName":"ProductionBrowser Scene and Shot discovery browses only explicitly related Shots, preserves missing fields, and exposes no mutation or arbitrary URL","status":"passed","title":"browses only explicitly related Shots, preserves missing fields, and exposes no mutation or arbitrary URL","duration":113.70670900000005,"failureMessages":[],"meta":{}},{"ancestorTitles":["ProductionBrowser Scene and Shot discovery"],"fullName":"ProductionBrowser Scene and Shot discovery searches, filters, sorts and resets Scenes locally while retaining controls after detail close","status":"passed","title":"searches, filters, sorts and resets Scenes locally while retaining controls after detail close","duration":110.3304290000001,"failureMessages":[],"meta":{}},{"ancestorTitles":["ProductionBrowser Scene and Shot discovery"],"fullName":"ProductionBrowser Scene and Shot discovery distinguishes empty snapshots, no related Shots, bounded snapshots and missing supplied values","status":"passed","title":"distinguishes empty snapshots, no related Shots, bounded snapshots and missing supplied values","duration":58.970981000000165,"failureMessages":[],"meta":{}},{"ancestorTitles":["ProductionBrowser Scene and Shot discovery"],"fullName":"ProductionBrowser Scene and Shot discovery uses one stable Refresh/Cancel/Retry control, drops cancelled replies, and never steals moved focus","status":"passed","title":"uses one stable Refresh/Cancel/Retry control, drops cancelled replies, and never steals moved focus","duration":32.26558900000009,"failureMessages":[],"meta":{}},{"ancestorTitles":["ProductionBrowser Scene and Shot discovery"],"fullName":"ProductionBrowser Scene and Shot discovery clears content and renders nondisclosing unavailable state with opaque supplied explanation","status":"passed","title":"clears content and renders nondisclosing unavailable state with opaque supplied explanation","duration":21.067986999999903,"failureMessages":[],"meta":{}},{"ancestorTitles":["ProductionBrowser Scene and Shot discovery"],"fullName":"ProductionBrowser Scene and Shot discovery clears content and renders nondisclosing denied state with opaque supplied explanation","status":"passed","title":"clears content and renders nondisclosing denied state with opaque supplied explanation","duration":19.636131000000205,"failureMessages":[],"meta":{}},{"ancestorTitles":["ProductionBrowser Scene and Shot discovery"],"fullName":"ProductionBrowser Scene and Shot discovery clears content and renders nondisclosing unknown state with opaque supplied explanation","status":"passed","title":"clears content and renders nondisclosing unknown state with opaque supplied explanation","duration":21.820470999999998,"failureMessages":[],"meta":{}},{"ancestorTitles":["ProductionBrowser Scene and Shot discovery"],"fullName":"ProductionBrowser Scene and Shot discovery clears content and renders nondisclosing unsupported state with opaque supplied explanation","status":"passed","title":"clears content and renders nondisclosing unsupported state with opaque supplied explanation","duration":18.62611199999992,"failureMessages":[],"meta":{}},{"ancestorTitles":["ProductionBrowser Scene and Shot discovery"],"fullName":"ProductionBrowser Scene and Shot discovery clears content and renders nondisclosing error state with opaque supplied explanation","status":"passed","title":"clears content and renders nondisclosing error state with opaque supplied explanation","duration":18.17239900000004,"failureMessages":[],"meta":{}},{"ancestorTitles":["ProductionBrowser Scene and Shot discovery"],"fullName":"ProductionBrowser Scene and Shot discovery clears content and renders nondisclosing stale state with opaque supplied explanation","status":"passed","title":"clears content and renders nondisclosing stale state with opaque supplied explanation","duration":18.15196500000002,"failureMessages":[],"meta":{}},{"ancestorTitles":["ProductionBrowser Scene and Shot discovery"],"fullName":"ProductionBrowser Scene and Shot discovery fails closed on invalid relations and never retains old content","status":"passed","title":"fails closed on invalid relations and never retains old content","duration":23.24856899999986,"failureMessages":[],"meta":{}},{"ancestorTitles":["ProductionBrowser Scene and Shot discovery"],"fullName":"ProductionBrowser Scene and Shot discovery retires a valid pending reply on principalId change","status":"passed","title":"retires a valid pending reply on principalId change","duration":15.018266999999923,"failureMessages":[],"meta":{}},{"ancestorTitles":["ProductionBrowser Scene and Shot discovery"],"fullName":"ProductionBrowser Scene and Shot discovery retires a valid pending reply on tenantId change","status":"passed","title":"retires a valid pending reply on tenantId change","duration":13.267992999999933,"failureMessages":[],"meta":{}},{"ancestorTitles":["ProductionBrowser Scene and Shot discovery"],"fullName":"ProductionBrowser Scene and Shot discovery retires a valid pending reply on sessionId change","status":"passed","title":"retires a valid pending reply on sessionId change","duration":14.239990999999918,"failureMessages":[],"meta":{}},{"ancestorTitles":["ProductionBrowser Scene and Shot discovery"],"fullName":"ProductionBrowser Scene and Shot discovery retires a valid pending reply on workspaceId change","status":"passed","title":"retires a valid pending reply on workspaceId change","duration":13.694574000000102,"failureMessages":[],"meta":{}},{"ancestorTitles":["ProductionBrowser Scene and Shot discovery"],"fullName":"ProductionBrowser Scene and Shot discovery retires a valid pending reply on projectId change","status":"passed","title":"retires a valid pending reply on projectId change","duration":16.543429000000287,"failureMessages":[],"meta":{}},{"ancestorTitles":["ProductionBrowser Scene and Shot discovery"],"fullName":"ProductionBrowser Scene and Shot discovery retires pending replies on adapter/access replacement and unmount","status":"passed","title":"retires pending replies on adapter/access replacement and unmount","duration":10.578493999999864,"failureMessages":[],"meta":{}},{"ancestorTitles":["ProductionBrowser Scene and Shot discovery"],"fullName":"ProductionBrowser Scene and Shot discovery does not query denied/unknown sources and is unavailable with no injected source","status":"passed","title":"does not query denied/unknown sources and is unavailable with no injected source","duration":10.776996000000054,"failureMessages":[],"meta":{}},{"ancestorTitles":["ProductionBrowser Scene and Shot discovery"],"fullName":"ProductionBrowser Scene and Shot discovery localizes the complete bounded workflow in Chinese while preserving supplied values literally","status":"passed","title":"localizes the complete bounded workflow in Chinese while preserving supplied values literally","duration":32.450405000000046,"failureMessages":[],"meta":{}}],"startTime":1788848442088,"endTime":1788848442670.4504,"status":"passed","message":"","name":"/home/user/Documents/workspace/projects/.worktrees/frontend-wave2-product-ux-v1/frontend/src/product/production/ProductionBrowser.test.tsx"},{"assertionResults":[{"ancestorTitles":["bounded Scene and Shot production projection"],"fullName":"bounded Scene and Shot production projection filters only supplied Scene display fields and status, then sorts stably by name and ID","status":"passed","title":"filters only supplied Scene display fields and status, then sorts stably by name and ID","duration":2.7508970000001227,"failureMessages":[],"meta":{}},{"ancestorTitles":["bounded Scene and Shot production projection"],"fullName":"bounded Scene and Shot production projection accepts an owned bounded snapshot with explicit stable Scene-to-Shot relations and safe references","status":"passed","title":"accepts an owned bounded snapshot with explicit stable Scene-to-Shot relations and safe references","duration":6.919189999999844,"failureMessages":[],"meta":{}},{"ancestorTitles":["bounded Scene and Shot production projection"],"fullName":"bounded Scene and Shot production projection rejects malformed, ambiguous, foreign, orphaned, unsafe, unbounded, or mismatched results 0","status":"passed","title":"rejects malformed, ambiguous, foreign, orphaned, unsafe, unbounded, or mismatched results 0","duration":1.9414890000000469,"failureMessages":[],"meta":{}},{"ancestorTitles":["bounded Scene and Shot production projection"],"fullName":"bounded Scene and Shot production projection rejects malformed, ambiguous, foreign, orphaned, unsafe, unbounded, or mismatched results 1","status":"passed","title":"rejects malformed, ambiguous, foreign, orphaned, unsafe, unbounded, or mismatched results 1","duration":1.325260999999955,"failureMessages":[],"meta":{}},{"ancestorTitles":["bounded Scene and Shot production projection"],"fullName":"bounded Scene and Shot production projection rejects malformed, ambiguous, foreign, orphaned, unsafe, unbounded, or mismatched results 2","status":"passed","title":"rejects malformed, ambiguous, foreign, orphaned, unsafe, unbounded, or mismatched results 2","duration":0.5060219999998026,"failureMessages":[],"meta":{}},{"ancestorTitles":["bounded Scene and Shot production projection"],"fullName":"bounded Scene and Shot production projection rejects malformed, ambiguous, foreign, orphaned, unsafe, unbounded, or mismatched results 3","status":"passed","title":"rejects malformed, ambiguous, foreign, orphaned, unsafe, unbounded, or mismatched results 3","duration":0.5822149999999056,"failureMessages":[],"meta":{}},{"ancestorTitles":["bounded Scene and Shot production projection"],"fullName":"bounded Scene and Shot production projection rejects malformed, ambiguous, foreign, orphaned, unsafe, unbounded, or mismatched results 4","status":"passed","title":"rejects malformed, ambiguous, foreign, orphaned, unsafe, unbounded, or mismatched results 4","duration":0.47776699999985794,"failureMessages":[],"meta":{}},{"ancestorTitles":["bounded Scene and Shot production projection"],"fullName":"bounded Scene and Shot production projection rejects malformed, ambiguous, foreign, orphaned, unsafe, unbounded, or mismatched results 5","status":"passed","title":"rejects malformed, ambiguous, foreign, orphaned, unsafe, unbounded, or mismatched results 5","duration":0.5595480000001771,"failureMessages":[],"meta":{}},{"ancestorTitles":["bounded Scene and Shot production projection"],"fullName":"bounded Scene and Shot production projection rejects malformed, ambiguous, foreign, orphaned, unsafe, unbounded, or mismatched results 6","status":"passed","title":"rejects malformed, ambiguous, foreign, orphaned, unsafe, unbounded, or mismatched results 6","duration":0.7983379999998306,"failureMessages":[],"meta":{}},{"ancestorTitles":["bounded Scene and Shot production projection"],"fullName":"bounded Scene and Shot production projection rejects malformed, ambiguous, foreign, orphaned, unsafe, unbounded, or mismatched results 7","status":"passed","title":"rejects malformed, ambiguous, foreign, orphaned, unsafe, unbounded, or mismatched results 7","duration":0.5281039999999848,"failureMessages":[],"meta":{}},{"ancestorTitles":["bounded Scene and Shot production projection"],"fullName":"bounded Scene and Shot production projection rejects malformed, ambiguous, foreign, orphaned, unsafe, unbounded, or mismatched results 8","status":"passed","title":"rejects malformed, ambiguous, foreign, orphaned, unsafe, unbounded, or mismatched results 8","duration":0.6381830000000264,"failureMessages":[],"meta":{}},{"ancestorTitles":["bounded Scene and Shot production projection"],"fullName":"bounded Scene and Shot production projection rejects malformed, ambiguous, foreign, orphaned, unsafe, unbounded, or mismatched results 9","status":"passed","title":"rejects malformed, ambiguous, foreign, orphaned, unsafe, unbounded, or mismatched results 9","duration":0.6591889999999694,"failureMessages":[],"meta":{}},{"ancestorTitles":["bounded Scene and Shot production projection"],"fullName":"bounded Scene and Shot production projection rejects malformed, ambiguous, foreign, orphaned, unsafe, unbounded, or mismatched results 10","status":"passed","title":"rejects malformed, ambiguous, foreign, orphaned, unsafe, unbounded, or mismatched results 10","duration":0.3922949999998764,"failureMessages":[],"meta":{}},{"ancestorTitles":["bounded Scene and Shot production projection"],"fullName":"bounded Scene and Shot production projection rejects malformed, ambiguous, foreign, orphaned, unsafe, unbounded, or mismatched results 11","status":"passed","title":"rejects malformed, ambiguous, foreign, orphaned, unsafe, unbounded, or mismatched results 11","duration":0.4433850000000348,"failureMessages":[],"meta":{}},{"ancestorTitles":["bounded Scene and Shot production projection"],"fullName":"bounded Scene and Shot production projection rejects malformed, ambiguous, foreign, orphaned, unsafe, unbounded, or mismatched results 12","status":"passed","title":"rejects malformed, ambiguous, foreign, orphaned, unsafe, unbounded, or mismatched results 12","duration":0.3646559999999681,"failureMessages":[],"meta":{}},{"ancestorTitles":["bounded Scene and Shot production projection"],"fullName":"bounded Scene and Shot production projection rejects malformed, ambiguous, foreign, orphaned, unsafe, unbounded, or mismatched results 13","status":"passed","title":"rejects malformed, ambiguous, foreign, orphaned, unsafe, unbounded, or mismatched results 13","duration":0.3786590000001979,"failureMessages":[],"meta":{}},{"ancestorTitles":["bounded Scene and Shot production projection"],"fullName":"bounded Scene and Shot production projection rejects malformed, ambiguous, foreign, orphaned, unsafe, unbounded, or mismatched results 14","status":"passed","title":"rejects malformed, ambiguous, foreign, orphaned, unsafe, unbounded, or mismatched results 14","duration":0.3495060000000194,"failureMessages":[],"meta":{}},{"ancestorTitles":["bounded Scene and Shot production projection"],"fullName":"bounded Scene and Shot production projection rejects malformed, ambiguous, foreign, orphaned, unsafe, unbounded, or mismatched results 15","status":"passed","title":"rejects malformed, ambiguous, foreign, orphaned, unsafe, unbounded, or mismatched results 15","duration":0.3329409999998916,"failureMessages":[],"meta":{}},{"ancestorTitles":["bounded Scene and Shot production projection"],"fullName":"bounded Scene and Shot production projection rejects malformed, ambiguous, foreign, orphaned, unsafe, unbounded, or mismatched results 16","status":"passed","title":"rejects malformed, ambiguous, foreign, orphaned, unsafe, unbounded, or mismatched results 16","duration":0.32656999999994696,"failureMessages":[],"meta":{}},{"ancestorTitles":["bounded Scene and Shot production projection"],"fullName":"bounded Scene and Shot production projection rejects malformed, ambiguous, foreign, orphaned, unsafe, unbounded, or mismatched results 17","status":"passed","title":"rejects malformed, ambiguous, foreign, orphaned, unsafe, unbounded, or mismatched results 17","duration":0.33718999999996413,"failureMessages":[],"meta":{}},{"ancestorTitles":["bounded Scene and Shot production projection"],"fullName":"bounded Scene and Shot production projection rejects malformed, ambiguous, foreign, orphaned, unsafe, unbounded, or mismatched results 18","status":"passed","title":"rejects malformed, ambiguous, foreign, orphaned, unsafe, unbounded, or mismatched results 18","duration":0.3092380000000503,"failureMessages":[],"meta":{}},{"ancestorTitles":["bounded Scene and Shot production projection"],"fullName":"bounded Scene and Shot production projection rejects malformed, ambiguous, foreign, orphaned, unsafe, unbounded, or mismatched results 19","status":"passed","title":"rejects malformed, ambiguous, foreign, orphaned, unsafe, unbounded, or mismatched results 19","duration":0.7377939999998944,"failureMessages":[],"meta":{}},{"ancestorTitles":["bounded Scene and Shot production projection"],"fullName":"bounded Scene and Shot production projection rejects malformed, ambiguous, foreign, orphaned, unsafe, unbounded, or mismatched results 20","status":"passed","title":"rejects malformed, ambiguous, foreign, orphaned, unsafe, unbounded, or mismatched results 20","duration":0.5181109999998625,"failureMessages":[],"meta":{}},{"ancestorTitles":["bounded Scene and Shot production projection"],"fullName":"bounded Scene and Shot production projection rejects malformed, ambiguous, foreign, orphaned, unsafe, unbounded, or mismatched results 21","status":"passed","title":"rejects malformed, ambiguous, foreign, orphaned, unsafe, unbounded, or mismatched results 21","duration":0.5832770000001801,"failureMessages":[],"meta":{}},{"ancestorTitles":["bounded Scene and Shot production projection"],"fullName":"bounded Scene and Shot production projection rejects malformed, ambiguous, foreign, orphaned, unsafe, unbounded, or mismatched results 22","status":"passed","title":"rejects malformed, ambiguous, foreign, orphaned, unsafe, unbounded, or mismatched results 22","duration":0.3566639999999097,"failureMessages":[],"meta":{}},{"ancestorTitles":["bounded Scene and Shot production projection"],"fullName":"bounded Scene and Shot production projection rejects malformed, ambiguous, foreign, orphaned, unsafe, unbounded, or mismatched results 23","status":"passed","title":"rejects malformed, ambiguous, foreign, orphaned, unsafe, unbounded, or mismatched results 23","duration":0.4703870000000734,"failureMessages":[],"meta":{}},{"ancestorTitles":["bounded Scene and Shot production projection"],"fullName":"bounded Scene and Shot production projection preserves nondisclosing unavailable failure receipts","status":"passed","title":"preserves nondisclosing unavailable failure receipts","duration":0.478841999999986,"failureMessages":[],"meta":{}},{"ancestorTitles":["bounded Scene and Shot production projection"],"fullName":"bounded Scene and Shot production projection preserves nondisclosing denied failure receipts","status":"passed","title":"preserves nondisclosing denied failure receipts","duration":0.25600199999985307,"failureMessages":[],"meta":{}},{"ancestorTitles":["bounded Scene and Shot production projection"],"fullName":"bounded Scene and Shot production projection preserves nondisclosing unknown failure receipts","status":"passed","title":"preserves nondisclosing unknown failure receipts","duration":0.21589799999992465,"failureMessages":[],"meta":{}},{"ancestorTitles":["bounded Scene and Shot production projection"],"fullName":"bounded Scene and Shot production projection preserves nondisclosing unsupported failure receipts","status":"passed","title":"preserves nondisclosing unsupported failure receipts","duration":0.2754090000000815,"failureMessages":[],"meta":{}},{"ancestorTitles":["bounded Scene and Shot production projection"],"fullName":"bounded Scene and Shot production projection preserves nondisclosing error failure receipts","status":"passed","title":"preserves nondisclosing error failure receipts","duration":0.23075100000005477,"failureMessages":[],"meta":{}},{"ancestorTitles":["bounded Scene and Shot production projection"],"fullName":"bounded Scene and Shot production projection preserves nondisclosing stale failure receipts","status":"passed","title":"preserves nondisclosing stale failure receipts","duration":0.21049100000004728,"failureMessages":[],"meta":{}},{"ancestorTitles":["bounded Scene and Shot production projection"],"fullName":"bounded Scene and Shot production projection keys all identity, scope, access, and source ownership inputs","status":"passed","title":"keys all identity, scope, access, and source ownership inputs","duration":0.3978790000001027,"failureMessages":[],"meta":{}},{"ancestorTitles":["bounded Scene and Shot production projection"],"fullName":"bounded Scene and Shot production projection requires exact real and simulated access projections and never treats viewability as permission","status":"passed","title":"requires exact real and simulated access projections and never treats viewability as permission","duration":0.7299239999999827,"failureMessages":[],"meta":{}},{"ancestorTitles":["explicit Production source boundaries"],"fullName":"explicit Production source boundaries defaults unavailable without transport and retains the supplied route scope without inventing identity","status":"passed","title":"defaults unavailable without transport and retains the supplied route scope without inventing identity","duration":2.2564780000000155,"failureMessages":[],"meta":{}},{"ancestorTitles":["explicit Production source boundaries"],"fullName":"explicit Production source boundaries creates simulated data only from an explicit supplied identity and never reads URL, storage, or transport","status":"passed","title":"creates simulated data only from an explicit supplied identity and never reads URL, storage, or transport","duration":1.0775830000000042,"failureMessages":[],"meta":{}}],"startTime":1788848441399,"endTime":1788848441430.0776,"status":"passed","message":"","name":"/home/user/Documents/workspace/projects/.worktrees/frontend-wave2-product-ux-v1/frontend/src/product/production/model.test.ts"}]}