{"numTotalTestSuites":2,"numPassedTestSuites":0,"numFailedTestSuites":2,"numPendingTestSuites":0,"numTotalTests":30,"numPassedTests":0,"numFailedTests":1,"numPendingTests":29,"numTodoTests":0,"snapshot":{"added":0,"failure":false,"filesAdded":0,"filesRemoved":0,"filesRemovedList":[],"filesUnmatched":0,"filesUpdated":0,"matched":0,"total":0,"unchecked":0,"uncheckedKeysByFile":[],"unmatched":0,"updated":0,"didUpdate":false},"startTime":1788850590902,"success":false,"testResults":[{"assertionResults":[{"ancestorTitles":["ProductionBrowser Scene and Shot discovery"],"fullName":"ProductionBrowser Scene and Shot discovery remains initially usable under the actual StrictMode-style host lifecycle","status":"skipped","title":"remains initially usable under the actual StrictMode-style host lifecycle","failureMessages":[],"meta":{}},{"ancestorTitles":["ProductionBrowser Scene and Shot discovery"],"fullName":"ProductionBrowser Scene and Shot discovery accepts the isolated fixture only through an explicit source prop or provider injection","status":"skipped","title":"accepts the isolated fixture only through an explicit source prop or provider injection","failureMessages":[],"meta":{}},{"ancestorTitles":["ProductionBrowser Scene and Shot discovery"],"fullName":"ProductionBrowser Scene and Shot discovery browses only explicitly related Shots, preserves missing fields, and exposes no mutation or arbitrary URL","status":"skipped","title":"browses only explicitly related Shots, preserves missing fields, and exposes no mutation or arbitrary URL","failureMessages":[],"meta":{}},{"ancestorTitles":["ProductionBrowser Scene and Shot discovery"],"fullName":"ProductionBrowser Scene and Shot discovery searches, filters, sorts and resets Scenes locally while retaining controls after detail close","status":"skipped","title":"searches, filters, sorts and resets Scenes locally while retaining controls after detail close","failureMessages":[],"meta":{}},{"ancestorTitles":["ProductionBrowser Scene and Shot discovery"],"fullName":"ProductionBrowser Scene and Shot discovery keeps Reset reachable for populated filters and preserves Reset focus after restoring defaults","status":"skipped","title":"keeps Reset reachable for populated filters and preserves Reset focus after restoring defaults","failureMessages":[],"meta":{}},{"ancestorTitles":["ProductionBrowser Scene and Shot discovery"],"fullName":"ProductionBrowser Scene and Shot discovery distinguishes empty snapshots, no related Shots, bounded snapshots and missing supplied values","status":"skipped","title":"distinguishes empty snapshots, no related Shots, bounded snapshots and missing supplied values","failureMessages":[],"meta":{}},{"ancestorTitles":["ProductionBrowser Scene and Shot discovery"],"fullName":"ProductionBrowser Scene and Shot discovery uses one stable Refresh/Cancel/Retry control, drops cancelled replies, and never steals moved focus","status":"skipped","title":"uses one stable Refresh/Cancel/Retry control, drops cancelled replies, and never steals moved focus","failureMessages":[],"meta":{}},{"ancestorTitles":["ProductionBrowser Scene and Shot discovery"],"fullName":"ProductionBrowser Scene and Shot discovery clears content and renders nondisclosing unavailable state with opaque supplied explanation","status":"skipped","title":"clears content and renders nondisclosing unavailable state with opaque supplied explanation","failureMessages":[],"meta":{}},{"ancestorTitles":["ProductionBrowser Scene and Shot discovery"],"fullName":"ProductionBrowser Scene and Shot discovery clears content and renders nondisclosing denied state with opaque supplied explanation","status":"skipped","title":"clears content and renders nondisclosing denied state with opaque supplied explanation","failureMessages":[],"meta":{}},{"ancestorTitles":["ProductionBrowser Scene and Shot discovery"],"fullName":"ProductionBrowser Scene and Shot discovery clears content and renders nondisclosing unknown state with opaque supplied explanation","status":"skipped","title":"clears content and renders nondisclosing unknown state with opaque supplied explanation","failureMessages":[],"meta":{}},{"ancestorTitles":["ProductionBrowser Scene and Shot discovery"],"fullName":"ProductionBrowser Scene and Shot discovery clears content and renders nondisclosing unsupported state with opaque supplied explanation","status":"skipped","title":"clears content and renders nondisclosing unsupported state with opaque supplied explanation","failureMessages":[],"meta":{}},{"ancestorTitles":["ProductionBrowser Scene and Shot discovery"],"fullName":"ProductionBrowser Scene and Shot discovery clears content and renders nondisclosing error state with opaque supplied explanation","status":"skipped","title":"clears content and renders nondisclosing error state with opaque supplied explanation","failureMessages":[],"meta":{}},{"ancestorTitles":["ProductionBrowser Scene and Shot discovery"],"fullName":"ProductionBrowser Scene and Shot discovery clears content and renders nondisclosing stale state with opaque supplied explanation","status":"skipped","title":"clears content and renders nondisclosing stale state with opaque supplied explanation","failureMessages":[],"meta":{}},{"ancestorTitles":["ProductionBrowser Scene and Shot discovery"],"fullName":"ProductionBrowser Scene and Shot discovery fails closed on invalid relations and never retains old content","status":"failed","title":"fails closed on invalid relations and never retains old content","duration":1100.0747610000003,"failureMessages":["Error: Unable to find role=\"heading\" and name \"Invalid production snapshot\"\n\nIgnored nodes: comments, script, style\n\u001b[36m<body>\u001b[39m\n  \u001b[36m<div>\u001b[39m\n    \u001b[36m<section\u001b[39m\n      \u001b[33maria-label\u001b[39m=\u001b[32m\"Project Scene and Shot discovery\"\u001b[39m\n      \u001b[33mclass\u001b[39m=\u001b[32m\"ff-production-browser\"\u001b[39m\n    \u001b[36m>\u001b[39m\n      \u001b[36m<header\u001b[39m\n        \u001b[33mclass\u001b[39m=\u001b[32m\"ff-production-heading\"\u001b[39m\n      \u001b[36m>\u001b[39m\n        \u001b[36m<div>\u001b[39m\n          \u001b[36m<span>\u001b[39m\n            \u001b[0mProduction management · read-only\u001b[0m\n          \u001b[36m</span>\u001b[39m\n          \u001b[36m<h1>\u001b[39m\n            \u001b[0mScenes and shots\u001b[0m\n          \u001b[36m</h1>\u001b[39m\n          \u001b[36m<p>\u001b[39m\n            \u001b[0mBrowse supplied Scenes and their explicit Shot relationships for one Project. This view cannot change production state.\u001b[0m\n          \u001b[36m</p>\u001b[39m\n        \u001b[36m</div>\u001b[39m\n        \u001b[36m<button\u001b[39m\n          \u001b[33mclass\u001b[39m=\u001b[32m\"ff-button ff-button--secondary \"\u001b[39m\n        \u001b[36m>\u001b[39m\n          \u001b[0mRetry loading\u001b[0m\n        \u001b[36m</button>\u001b[39m\n      \u001b[36m</header>\u001b[39m\n      \u001b[36m<p\u001b[39m\n        \u001b[33mclass\u001b[39m=\u001b[32m\"ff-production-origin ff-production-origin--real\"\u001b[39m\n      \u001b[36m>\u001b[39m\n        \u001b[36m<span\u001b[39m\n          \u001b[33mclass\u001b[39m=\u001b[32m\"ff-badge ff-badge--neutral\"\u001b[39m\n        \u001b[36m>\u001b[39m\n          \u001b[0mCONNECTED READ-ONLY SOURCE · identity, access and Project scope are supplied by the host\u001b[0m\n        \u001b[36m</span>\u001b[39m\n      \u001b[36m</p>\u001b[39m\n      \u001b[36m<details\u001b[39m\n        \u001b[33mclass\u001b[39m=\u001b[32m\"ff-production-scope\"\u001b[39m\n      \u001b[36m>\u001b[39m\n        \u001b[36m<summary>\u001b[39m\n          \u001b[0mSupplied scope\u001b[0m\n        \u001b[36m</summary>\u001b[39m\n        \u001b[36m<dl>\u001b[39m\n          \u001b[36m<dt>\u001b[39m\n            \u001b[0mWorkspace ID\u001b[0m\n          \u001b[36m</dt>\u001b[39m\n          \u001b[36m<dd>\u001b[39m\n            \u001b[36m<code>\u001b[39m\n              \u001b[0mworkspace-1\u001b[0m\n            \u001b[36m</code>\u001b[39m\n          \u001b[36m</dd>\u001b[39m\n          \u001b[36m<dt>\u001b[39m\n            \u001b[0mProject ID\u001b[0m\n          \u001b[36m</dt>\u001b[39m\n          \u001b[36m<dd>\u001b[39m\n            \u001b[36m<code>\u001b[39m\n              \u001b[0mproject-1\u001b[0m\n            \u001b[36m</code>\u001b[39m\n          \u001b[36m</dd>\u001b[39m\n        \u001b[36m</dl>\u001b[39m\n      \u001b[36m</details>\u001b[39m\n      \u001b[36m<p\u001b[39m\n        \u001b[33mclass\u001b[39m=\u001b[32m\"ff-production-boundary\"\u001b[39m\n      \u001b[36m>\u001b[39m\n        \u001b[0mOnly source-supplied fields and explicit Scene-to-Shot relationships are shown. Visibility never grants resource permission.\u001b[0m\n      \u001b[36m</p>\u001b[39m\n      \u001b[36m<section\u001b[39m\n        \u001b[33maria-busy\u001b[39m=\u001b[32m\"false\"\u001b[39m\n        \u001b[33maria-labelledby\u001b[39m=\u001b[32m\"_r_2_\"\u001b[39m\n        \u001b[33maria-live\u001b[39m=\u001b[32m\"polite\"\u001b[39m\n        \u001b[33mclass\u001b[39m=\u001b[32m\"ff-state ff-state--error\"\u001b[39m\n      \u001b[36m>\u001b[39m\n        \u001b[36m<span\u001b[39m\n          \u001b[33mclass\u001b[39m=\u001b[32m\"ff-state__code\"\u001b[39m\n        \u001b[36m>\u001b[39m\n          \u001b[0mERROR\u001b[0m\n        \u001b[36m</span>\u001b[39m\n        \u001b[36m<h2\u001b[39m\n          \u001b[33mid\u001b[39m=\u001b[32m\"_r_2_\"\u001b[39m\n        \u001b[36m>\u001b[39m\n          \u001b[0mProduction snapshot error\u001b[0m\n        \u001b[36m</h2>\u001b[39m\n        \u001b[36m<div>\u001b[39m\n          \u001b[36m<p>\u001b[39m\n            \u001b[0mThe result could not be validated or loaded; no returned production data is shown.\u001b[0m\n          \u001b[36m</p>\u001b[39m\n        \u001b[36m</div>\u001b[39m\n      \u001b[36m</section>\u001b[39m\n    \u001b[36m</section>\u001b[39m\n  \u001b[36m</div>\u001b[39m\n\u001b[36m</body>\u001b[39m\n    at waitForWrapper (/home/user/Documents/workspace/projects/.worktrees/frontend-wave2-product-ux-v1/frontend/node_modules/@testing-library/dom/dist/wait-for.js:163:27)\n    at /home/user/Documents/workspace/projects/.worktrees/frontend-wave2-product-ux-v1/frontend/node_modules/@testing-library/dom/dist/query-helpers.js:86:33\n    at /home/user/Documents/workspace/projects/.worktrees/frontend-wave2-product-ux-v1/frontend/src/product/production/ProductionBrowser.test.tsx:178:25\n    at file:///home/user/Documents/workspace/projects/.worktrees/frontend-wave2-product-ux-v1/frontend/node_modules/@vitest/runner/dist/chunk-hooks.js:752:20"],"meta":{}},{"ancestorTitles":["ProductionBrowser Scene and Shot discovery"],"fullName":"ProductionBrowser Scene and Shot discovery keeps a rejected source request retryable and distinct from invalid snapshot validation","status":"skipped","title":"keeps a rejected source request retryable and distinct from invalid snapshot validation","failureMessages":[],"meta":{}},{"ancestorTitles":["ProductionBrowser Scene and Shot discovery"],"fullName":"ProductionBrowser Scene and Shot discovery retires a valid pending reply on principalId change","status":"skipped","title":"retires a valid pending reply on principalId change","failureMessages":[],"meta":{}},{"ancestorTitles":["ProductionBrowser Scene and Shot discovery"],"fullName":"ProductionBrowser Scene and Shot discovery retires a valid pending reply on tenantId change","status":"skipped","title":"retires a valid pending reply on tenantId change","failureMessages":[],"meta":{}},{"ancestorTitles":["ProductionBrowser Scene and Shot discovery"],"fullName":"ProductionBrowser Scene and Shot discovery retires a valid pending reply on sessionId change","status":"skipped","title":"retires a valid pending reply on sessionId change","failureMessages":[],"meta":{}},{"ancestorTitles":["ProductionBrowser Scene and Shot discovery"],"fullName":"ProductionBrowser Scene and Shot discovery retires a valid pending reply on workspaceId change","status":"skipped","title":"retires a valid pending reply on workspaceId change","failureMessages":[],"meta":{}},{"ancestorTitles":["ProductionBrowser Scene and Shot discovery"],"fullName":"ProductionBrowser Scene and Shot discovery retires a valid pending reply on projectId change","status":"skipped","title":"retires a valid pending reply on projectId change","failureMessages":[],"meta":{}},{"ancestorTitles":["ProductionBrowser Scene and Shot discovery"],"fullName":"ProductionBrowser Scene and Shot discovery retires pending replies on adapter/access replacement and unmount","status":"skipped","title":"retires pending replies on adapter/access replacement and unmount","failureMessages":[],"meta":{}},{"ancestorTitles":["ProductionBrowser Scene and Shot discovery"],"fullName":"ProductionBrowser Scene and Shot discovery clears a ready snapshot on InteractionStore owner retirement and rebinds only to a fresh pageshow store","status":"skipped","title":"clears a ready snapshot on InteractionStore owner retirement and rebinds only to a fresh pageshow store","failureMessages":[],"meta":{}},{"ancestorTitles":["ProductionBrowser Scene and Shot discovery"],"fullName":"ProductionBrowser Scene and Shot discovery rejects a pending reply after InteractionStore owner retirement","status":"skipped","title":"rejects a pending reply after InteractionStore owner retirement","failureMessages":[],"meta":{}},{"ancestorTitles":["ProductionBrowser Scene and Shot discovery"],"fullName":"ProductionBrowser Scene and Shot discovery does not query a malformed required principalId context","status":"skipped","title":"does not query a malformed required principalId context","failureMessages":[],"meta":{}},{"ancestorTitles":["ProductionBrowser Scene and Shot discovery"],"fullName":"ProductionBrowser Scene and Shot discovery does not query a malformed required tenantId context","status":"skipped","title":"does not query a malformed required tenantId context","failureMessages":[],"meta":{}},{"ancestorTitles":["ProductionBrowser Scene and Shot discovery"],"fullName":"ProductionBrowser Scene and Shot discovery does not query a malformed required sessionId context","status":"skipped","title":"does not query a malformed required sessionId context","failureMessages":[],"meta":{}},{"ancestorTitles":["ProductionBrowser Scene and Shot discovery"],"fullName":"ProductionBrowser Scene and Shot discovery does not query a malformed required workspaceId context","status":"skipped","title":"does not query a malformed required workspaceId context","failureMessages":[],"meta":{}},{"ancestorTitles":["ProductionBrowser Scene and Shot discovery"],"fullName":"ProductionBrowser Scene and Shot discovery does not query a malformed required projectId context","status":"skipped","title":"does not query a malformed required projectId context","failureMessages":[],"meta":{}},{"ancestorTitles":["ProductionBrowser Scene and Shot discovery"],"fullName":"ProductionBrowser Scene and Shot discovery does not query denied/unknown sources and is unavailable with no injected source","status":"skipped","title":"does not query denied/unknown sources and is unavailable with no injected source","failureMessages":[],"meta":{}},{"ancestorTitles":["ProductionBrowser Scene and Shot discovery"],"fullName":"ProductionBrowser Scene and Shot discovery localizes the complete bounded workflow in Chinese while preserving supplied values literally","status":"skipped","title":"localizes the complete bounded workflow in Chinese while preserving supplied values literally","failureMessages":[],"meta":{}}],"startTime":1788850592786,"endTime":1788850593886.0747,"status":"failed","message":"","name":"/home/user/Documents/workspace/projects/.worktrees/frontend-wave2-product-ux-v1/frontend/src/product/production/ProductionBrowser.test.tsx"}]}