<?xml version="1.0" encoding="UTF-8"?>
<testsuite name="com.example.platform.sandbox.LocalBoundedProcessLauncherTest" tests="1" skipped="0" failures="0" errors="0" timestamp="2026-09-08T20:51:43.284Z" hostname="localhost.localdomain" time="0.066">
  <properties/>
  <testcase name="best_effort_descendant_cleanup_is_idempotent_after_process_exit()" classname="com.example.platform.sandbox.LocalBoundedProcessLauncherTest" time="0.066"/>
  <system-out><![CDATA[]]></system-out>
  <system-err><![CDATA[]]></system-err>
</testsuite>
