<?xml version="1.0" encoding="UTF-8"?>
<testsuite name="com.example.platform.sandbox.ContainerEngineBehaviorTest" tests="1" skipped="0" failures="0" errors="0" timestamp="2026-09-08T20:51:22.197Z" hostname="localhost.localdomain" time="0.22">
  <properties/>
  <testcase name="launcher_timeout_remains_primary_when_named_container_cleanup_succeeds()" classname="com.example.platform.sandbox.ContainerEngineBehaviorTest" time="0.22"/>
  <system-out><![CDATA[]]></system-out>
  <system-err><![CDATA[]]></system-err>
</testsuite>
