{"numTotalTestSuites":10,"numPassedTestSuites":8,"numFailedTestSuites":2,"numPendingTestSuites":0,"numTotalTests":78,"numPassedTests":77,"numFailedTests":1,"numPendingTests":0,"numTodoTests":0,"snapshot":{"added":0,"failure":false,"filesAdded":0,"filesRemoved":0,"filesRemovedList":[],"filesUnmatched":0,"filesUpdated":0,"matched":0,"total":0,"unchecked":0,"uncheckedKeysByFile":[],"unmatched":0,"updated":0,"didUpdate":false},"startTime":1788848188911,"success":false,"testResults":[{"assertionResults":[{"ancestorTitles":["runtime route registration and deep-link restoration"],"fullName":"runtime route registration and deep-link restoration registers every implemented page and preserved legacy link exactly once","status":"passed","title":"registers every implemented page and preserved legacy link exactly once","duration":10.861958999999842,"failureMessages":[],"meta":{}},{"ancestorTitles":["runtime route registration and deep-link restoration"],"fullName":"runtime route registration and deep-link restoration restores Workspace, Project, and surface identity from a creative deep link and fails unauthorized commands closed","status":"passed","title":"restores Workspace, Project, and surface identity from a creative deep link and fails unauthorized commands closed","duration":747.7915849999999,"failureMessages":[],"meta":{}},{"ancestorTitles":["runtime route registration and deep-link restoration"],"fullName":"runtime route registration and deep-link restoration remounts the ProjectFrame subtree when same-route Workspace or Project parameters change","status":"passed","title":"remounts the ProjectFrame subtree when same-route Workspace or Project parameters change","duration":137.63666899999998,"failureMessages":[],"meta":{}},{"ancestorTitles":["runtime route registration and deep-link restoration"],"fullName":"runtime route registration and deep-link restoration integrates the disposable sketch on the Workflow route while invoke remains unavailable","status":"passed","title":"integrates the disposable sketch on the Workflow route while invoke remains unavailable","duration":366.4657030000003,"failureMessages":[],"meta":{}},{"ancestorTitles":["runtime route registration and deep-link restoration"],"fullName":"runtime route registration and deep-link restoration reaches the post-H7 edit route and loads explicit canonical HEAD authority","status":"passed","title":"reaches the post-H7 edit route and loads explicit canonical HEAD authority","duration":400.42552799999976,"failureMessages":[],"meta":{}},{"ancestorTitles":["runtime route registration and deep-link restoration"],"fullName":"runtime route registration and deep-link restoration renders the Workspace to Projects entry without synthesizing a Project selection","status":"passed","title":"renders the Workspace to Projects entry without synthesizing a Project selection","duration":363.0748480000002,"failureMessages":[],"meta":{}},{"ancestorTitles":["runtime route registration and deep-link restoration"],"fullName":"runtime route registration and deep-link restoration routes the existing Projects destination to the fail-closed recent-project browser without using Workspace home as its source","status":"passed","title":"routes the existing Projects destination to the fail-closed recent-project browser without using Workspace home as its source","duration":328.56110499999977,"failureMessages":[],"meta":{}},{"ancestorTitles":["runtime route registration and deep-link restoration"],"fullName":"runtime route registration and deep-link restoration routes Operations renders to the fail-closed source browser and leaves Storage behavior unchanged","status":"passed","title":"routes Operations renders to the fail-closed source browser and leaves Storage behavior unchanged","duration":352.2376640000002,"failureMessages":[],"meta":{}},{"ancestorTitles":["runtime route registration and deep-link restoration"],"fullName":"runtime route registration and deep-link restoration registers the Project Production consumer with exact route scope and no implicit fixture or request","status":"failed","title":"registers the Project Production consumer with exact route scope and no implicit fixture or request","duration":365.0865700000004,"failureMessages":["TestingLibraryElementError: Found multiple elements with the text: workspace-1\n\nHere are the matching elements:\n\nIgnored nodes: comments, script, style\n\u001b[36m<a\u001b[39m\n  \u001b[33mhref\u001b[39m=\u001b[32m\"/w/workspace-1/home\"\u001b[39m\n\u001b[36m>\u001b[39m\n  \u001b[0mworkspace-1\u001b[0m\n\u001b[36m</a>\u001b[39m\n\nIgnored nodes: comments, script, style\n\u001b[36m<code>\u001b[39m\n  \u001b[0mworkspace-1\u001b[0m\n\u001b[36m</code>\u001b[39m\n\n(If this is intentional, then use the `*AllBy*` variant of the query (like `queryAllByText`, `getAllByText`, or `findAllByText`)).\n\nIgnored nodes: comments, script, style\n\u001b[36m<body>\u001b[39m\n  \u001b[36m<div>\u001b[39m\n    \u001b[36m<div\u001b[39m\n      \u001b[33mclass\u001b[39m=\u001b[32m\"ff-root\"\u001b[39m\n      \u001b[33mdata-theme\u001b[39m=\u001b[32m\"dark\"\u001b[39m\n    \u001b[36m>\u001b[39m\n      \u001b[36m<div\u001b[39m\n        \u001b[33mclass\u001b[39m=\u001b[32m\"ff-app-shell\"\u001b[39m\n        \u001b[33mdata-studio\u001b[39m=\u001b[32m\"horizontal\"\u001b[39m\n        \u001b[33mdata-surface\u001b[39m=\u001b[32m\"production\"\u001b[39m\n      \u001b[36m>\u001b[39m\n        \u001b[36m<a\u001b[39m\n          \u001b[33mclass\u001b[39m=\u001b[32m\"skip-link\"\u001b[39m\n          \u001b[33mhref\u001b[39m=\u001b[32m\"#main-content\"\u001b[39m\n        \u001b[36m>\u001b[39m\n          \u001b[0mSkip to main content\u001b[0m\n        \u001b[36m</a>\u001b[39m\n        \u001b[36m<header\u001b[39m\n          \u001b[33mclass\u001b[39m=\u001b[32m\"ff-workspace-header\"\u001b[39m\n        \u001b[36m>\u001b[39m\n          \u001b[36m<a\u001b[39m\n            \u001b[33maria-label\u001b[39m=\u001b[32m\"Media Platform home\"\u001b[39m\n            \u001b[33mclass\u001b[39m=\u001b[32m\"ff-brand\"\u001b[39m\n            \u001b[33mhref\u001b[39m=\u001b[32m\"/w/workspace-1/home\"\u001b[39m\n          \u001b[36m>\u001b[39m\n            \u001b[36m<span\u001b[39m\n              \u001b[33maria-hidden\u001b[39m=\u001b[32m\"true\"\u001b[39m\n            \u001b[36m>\u001b[39m\n              \u001b[0mMP\u001b[0m\n            \u001b[36m</span>\u001b[39m\n            \u001b[36m<strong>\u001b[39m\n              \u001b[0mMedia Platform\u001b[0m\n            \u001b[36m</strong>\u001b[39m\n          \u001b[36m</a>\u001b[39m\n          \u001b[36m<nav\u001b[39m\n            \u001b[33maria-label\u001b[39m=\u001b[32m\"Breadcrumb\"\u001b[39m\n          \u001b[36m>\u001b[39m\n            \u001b[36m<ol\u001b[39m\n              \u001b[33mclass\u001b[39m=\u001b[32m\"ff-breadcrumb\"\u001b[39m\n            \u001b[36m>\u001b[39m\n              \u001b[36m<li>\u001b[39m\n                \u001b[36m<a\u001b[39m\n                  \u001b[33mhref\u001b[39m=\u001b[32m\"/w/workspace-1/home\"\u001b[39m\n                \u001b[36m>\u001b[39m\n                  \u001b[0mworkspace-1\u001b[0m\n                \u001b[36m</a>\u001b[39m\n              \u001b[36m</li>\u001b[39m\n              \u001b[36m<li>\u001b[39m\n                \u001b[36m<span\u001b[39m\n                  \u001b[33maria-current\u001b[39m=\u001b[32m\"page\"\u001b[39m\n                \u001b[36m>\u001b[39m\n                  \u001b[0mLaunch film\u001b[0m\n                \u001b[36m</span>\u001b[39m\n              \u001b[36m</li>\u001b[39m\n            \u001b[36m</ol>\u001b[39m\n          \u001b[36m</nav>\u001b[39m\n          \u001b[36m<span\u001b[39m\n            \u001b[33mclass\u001b[39m=\u001b[32m\"ff-header-actions\"\u001b[39m\n          \u001b[36m>\u001b[39m\n            \u001b[0mCreative workspace\u001b[0m\n          \u001b[36m</span>\u001b[39m\n          \u001b[36m<label\u001b[39m\n            \u001b[33mclass\u001b[39m=\u001b[32m\"ff-locale-selector\"\u001b[39m\n          \u001b[36m>\u001b[39m\n            \u001b[0mProduct UI language\u001b[0m\n            \u001b[36m<select>\u001b[39m\n              \u001b[36m<option\u001b[39m\n                \u001b[33mvalue\u001b[39m=\u001b[32m\"en\"\u001b[39m\n              \u001b[36m>\u001b[39m\n                \u001b[0mEnglish\u001b[0m\n              \u001b[36m</option>\u001b[39m\n              \u001b[36m<option\u001b[39m\n                \u001b[33mvalue\u001b[39m=\u001b[32m\"zh-CN\"\u001b[39m\n              \u001b[36m>\u001b[39m\n                \u001b[0m简体中文\u001b[0m\n              \u001b[36m</option>\u001b[39m\n            \u001b[36m</select>\u001b[39m\n          \u001b[36m</label>\u001b[39m\n        \u001b[36m</header>\u001b[39m\n        \u001b[36m<div\u001b[39m\n          \u001b[33maria-label\u001b[39m=\u001b[32m\"Panel controls\"\u001b[39m\n          \u001b[33mclass\u001b[39m=\u001b[32m\"ff-shell-toolbar\"\u001b[39m\n        \u001b[36m>\u001b[39m\n          \u001b[36m<details\u001b[39m\n            \u001b[33mclass\u001b[39m=\u001b[32m\"ff-navigation-menu\"\u001b[39m\n          \u001b[36m>\u001b[39m\n            \u001b[36m<summary>\u001b[39m\n              \u001b[0mNavigation\u001b[0m\n            \u001b[36m</summary>\u001b[39m\n            \u001b[36m<div\u001b[39m\n              \u001b[33mclass\u001b[39m=\u001b[32m\"ff-navigation-drawer\"\u001b[39m\n            \u001b[36m>\u001b[39m\n              \u001b[36m<nav\u001b[39m\n                \u001b[33maria-label\u001b[39m=\u001b[32m\"Global navigation\"\u001b[39m\n                \u001b[33mclass\u001b[39m=\u001b[32m\"ff-global-nav\"\u001b[39m\n              \u001b[36m>\u001b[39m\n                \u001b[36m<a\u001b[39m\n                  \u001b[33mhref\u001b[39m=\u001b[32m\"/w/workspace-1/home\"\u001b[39m\n                \u001b[36m>\u001b[39m\n                  \u001b[0mWorkspace\u001b[0m\n                \u001b[36m</a>\u001b[39m\n                \u001b[36m<a\u001b[39m\n                  \u001b[33mhref\u001b[39m=\u001b[32m\"/operations/overview\"\u001b[39m\n                \u001b[36m>\u001b[39m\n                  \u001b[0mOperations\u001b[0m\n                \u001b[36m</a>\u001b[39m\n                \u001b[36m<a\u001b[39m\n                  \u001b[33mhref\u001b[39m=\u001b[32m\"/admin/organization\"\u001b[39m\n                \u001b[36m>\u001b[39m\n                  \u001b[0mAdmin\u001b[0m\n                \u001b[36m</a>\u001b[39m\n                \u001b[36m<a\u001b[39m\n                  \u001b[33mhref\u001b[39m=\u001b[32m\"/developer/capabilities\"\u001b[39m\n                \u001b[36m>\u001b[39m\n                  \u001b[0mDeveloper\u001b[0m\n                \u001b[36m</a>\u001b[39m\n              \u001b[36m</nav>\u001b[39m\n              \u001b[36m<nav\u001b[39m\n                \u001b[33maria-label\u001b[39m=\u001b[32m\"Project navigation\"\u001b[39m\n                \u001b[33mclass\u001b[39m=\u001b[32m\"ff-project-nav\"\u001b[39m\n              \u001b[36m>\u001b[39m\n                \u001b[36m<a\u001b[39m\n                  \u001b[33mhref\u001b[39m=\u001b[32m\"/w/workspace-1/projects/project-1/overview\"\u001b[39m\n                \u001b[36m>\u001b[39m\n                  \u001b[0mOverview\u001b[0m\n                \u001b[36m</a>\u001b[39m\n                \u001b[36m<a\u001b[39m\n                  \u001b[33mhref\u001b[39m=\u001b[32m\"/w/workspace-1/projects/project-1/review\"\u001b[39m\n                \u001b[36m>\u001b[39m\n                  \u001b[0mReview\u001b[0m\n                \u001b[36m</a>\u001b[39m\n                \u001b[36m<a\u001b[39m\n                  \u001b[33mhref\u001b[39m=\u001b[32m\"/w/workspace-1/projects/project-1/production\"\u001b[39m\n                \u001b[36m>\u001b[39m\n                  \u001b[0mProduction\u001b[0m\n                \u001b[36m</a>\u001b[39m\n              \u001b[36m</nav>\u001b[39m\n              \u001b[36m<nav\u001b[39m\n                \u001b[33maria-label\u001b[39m=\u001b[32m\"Navigation drawer surfaces\"\u001b[39m\n                \u001b[33mclass\u001b[39m=\u001b[32m\"ff-surface-switcher\"\u001b[39m\n              \u001b[36m>\u001b[39m\n                \u001b[36m<a\u001b[39m\n                  \u001b[33mhref\u001b[39m=\u001b[32m\"/w/workspace-1/projects/project-1/overview\"\u001b[39m\n                \u001b[36m>\u001b[39m\n                  \u001b[0mOverview\u001b[0m\n                  \u001b[36m<span\u001b[39m\n                    \u001b[33mclass\u001b[39m=\u001b[32m\"ff-badge ff-badge--neutral\"\u001b[39m\n                  \u001b[36m>\u001b[39m\n                    \u001b[0mFOUNDATION\u001b[0m\n                  \u001b[36m</span>\u001b[39m\n                \u001b[36m</a>\u001b[39m\n                \u001b[36m<a\u001b[39m\n                  \u001b[33mhref\u001b[39m=\u001b[32m\"/w/workspace-1/projects/project-1/edit\"\u001b[39m\n                \u001b[36m>\u001b[39m\n                  \u001b[0mEdit\u001b[0m\n                  \u001b[36m<span\u001b[39m\n                    \u001b[33mclass\u001b[39m=\u001b[32m\"ff-badge ff-badge--neutral\"\u001b[39m\n                  \u001b[36m>\u001b[39m\n                    \u001b[0mFOUNDATION\u001b[0m\n                  \u001b[36m</span>\u001b[39m\n                \u001b[36m</a>\u001b[39m\n                \u001b[36m<a\u001b[39m\n                  \u001b[33mhref\u001b[39m=\u001b[32m\"/w/workspace-1/projects/project-1/canvas\"\u001b[39m\n                \u001b[36m>\u001b[39m\n                  \u001b[0mCanvas\u001b[0m\n                  \u001b[36m<span\u001b[39m\n                    \u001b[33mclass\u001b[39m=\u001b[32m\"ff-badge ff-badge--warning\"\u001b[39m\n                  \u001b[36m>\u001b[39m\n                    \u001b[0mPREVIEW\u001b[0m\n                  \u001b[36m</span>\u001b[39m\n                \u001b[36m</a>\u001b[39m\n                \u001b[36m<a\u001b[39m\n                  \u001b[33mhref\u001b[39m=\u001b[32m\"/w/workspace-1/projects/project-1/agent\"\u001b[39m\n                \u001b[36m>\u001b[39m\n                  \u001b[0mAgent\u001b[0m\n                  \u001b[36m<span\u001b[39m\n                    \u001b[33mclass\u001b[39m=\u001b[32m\"ff-badge ff-badge--warning\"\u001b[39m\n                  \u001b[36m>\u001b[39m\n                    \u001b[0mPREVIEW\u001b[0m\n                  \u001b[36m</span>\u001b[39m\n                \u001b[36m</a>\u001b[39m\n                \u001b[36m<a\u001b[39m\n                  \u001b[33mhref\u001b[39m=\u001b[32m\"/w/workspace-1/projects/project-1/workflow\"\u001b[39m\n                \u001b[36m>\u001b[39m\n                  \u001b[0mWorkflow\u001b[0m\n                  \u001b[36m<span\u001b[39m\n                    \u001b[33mclass\u001b[39m=\u001b[32m\"ff-badge ff-badge--warning\"\u001b[39m\n                  \u001b[36m>\u001b[39m\n                    \u001b[0mPREVIEW\u001b[0m\n                  \u001b[36m</span>\u001b[39m\n                \u001b[36m</a>\u001b[39m\n                \u001b[36m<a\u001b[39m\n                  \u001b[33mhref\u001b[39m=\u001b[32m\"/w/workspace-1/projects/project-1/review\"\u001b[39m\n                \u001b[36m>\u001b[39m\n                  \u001b[0mReview\u001b[0m\n                  \u001b[36m<span\u001b[39m\n                    \u001b[33mclass\u001b[39m=\u001b[32m\"ff-badge ff-badge--warning\"\u001b[39m\n                  \u001b[36m>\u001b[39m\n                    \u001b[0mPREVIEW\u001b[0m\n                  \u001b[36m</span>\u001b[39m\n                \u001b[36m</a>\u001b[39m\n                \u001b[36m<a\u001b[39m\n                  \u001b[33maria-current\u001b[39m=\u001b[32m\"page\"\u001b[39m\n                  \u001b[33mhref\u001b[39m=\u001b[32m\"/w/workspace-1/projects/project-1/production\"\u001b[39m\n                \u001b[36m>\u001b[39m\n                  \u001b[0mProduction\u001b[0m\n                  \u001b[36m<span\u001b[39m\n                    \u001b[33mclass\u001b[39m=\u001b[32m\"ff-badge ff-badge--warning\"\u001b[39m\n                  \u001b[36m>\u001b[39m\n                    \u001b[0mPREVIEW\u001b[0m\n                  \u001b[36m</span>\u001b[39m\n                \u001b[36m</a>\u001b[39m\n              \u001b[36m</nav>\u001b[39m\n            \u001b[36m</div>\u001b[39m\n          \u001b[36m</details>\u001b[39m\n          \u001b[36m<span\u001b[39m\n            \u001b[33mclass\u001b[39m=\u001b[32m\"ff-surface-label\"\u001b[39m\n          \u001b[36m>\u001b[39m\n            \u001b[0mProduction\u001b[0m\n          \u001b[36m</span>\u001b[39m\n          \u001b[36m<button\u001b[39m\n            \u001b[33maria-pressed\u001b[39m=\u001b[32m\"false\"\u001b[39m\n            \u001b[33mclass\u001b[39m=\u001b[32m\"ff-button ff-button--ghost \"\u001b[39m\n          \u001b[36m>\u001b[39m\n            \u001b[0mToggle asset browser\u001b[0m\n          \u001b[36m</button>\u001b[39m\n          \u001b[36m<button\u001b[39m\n            \u001b[33mclass\u001b[39m=\u001b[32m\"ff-button ff-button--ghost \"\u001b[39m\n          \u001b[36m>\u001b[39m\n            \u001b[0mCommands\u001b[0m\n            \u001b[0m \u001b[0m\n            \u001b[36m<kbd>\u001b[39m\n              \u001b[0mMod+K\u001b[0m\n            \u001b[36m</kbd>\u001b[39m\n          \u001b[36m</button>\u001b[39m\n          \u001b[36m<button\u001b[39m\n            \u001b[33mclass\u001b[39m=\u001b[32m\"ff-button ff-button--ghost \"\u001b[39m\n          \u001b[36m>\u001b[39m\n            \u001b[0mKeyboard shortcut\u001b[0m\n          \u001b[36m</button>\u001b[39m\n          \u001b[36m<button\u001b[39m\n            \u001b[33mclass\u001b[39m=\u001b[32m\"ff-button ff-button--secondary ff-agent-launcher\"\u001b[39m\n          \u001b[36m>\u001b[39m\n            \u001b[0mAsk Agent\u001b[0m\n          \u001b[36m</button>\u001b[39m\n          \u001b[36m<button\u001b[39m\n            \u001b[33maria-expanded\u001b[39m=\u001b[32m\"false\"\u001b[39m\n            \u001b[33maria-haspopup\u001b[39m=\u001b[32m\"dialog\"\u001b[39m\n            \u001b[33maria-label\u001b[39m=\u001b[32m\"Notifications · unread count unknown\"\u001b[39m\n            \u001b[33mclass\u001b[39m=\u001b[32m\"ff-notification-entry\"\u001b[39m\n            \u001b[33mtype\u001b[39m=\u001b[32m\"button\"\u001b[39m\n          \u001b[36m>\u001b[39m\n            \u001b[36m<svg\u001b[39m\n              \u001b[33maria-hidden\u001b[39m=\u001b[32m\"true\"\u001b[39m\n              \u001b[33mfill\u001b[39m=\u001b[32m\"none\"\u001b[39m\n              \u001b[33mheight\u001b[39m=\u001b[32m\"18\"\u001b[39m\n              \u001b[33mstroke\u001b[39m=\u001b[32m\"currentColor\"\u001b[39m\n              \u001b[33mstroke-width\u001b[39m=\u001b[32m\"1.7\"\u001b[39m\n              \u001b[33mviewBox\u001b[39m=\u001b[32m\"0 0 24 24\"\u001b[39m\n              \u001b[33mwidth\u001b[39m=\u001b[32m\"18\"\u001b[39m\n            \u001b[36m>\u001b[39m\n              \u001b[36m<path\u001b[39m\n                \u001b[33md\u001b[39m=\u001b[32m\"M18 8a6 6 0 0 0-12 0c0 7-3 7-3 9h18c0-2-3-2-3-9M10 21h4\"\u001b[39m\n              \u001b[36m/>\u001b[39m\n            \u001b[36m</svg>\u001b[39m\n            \u001b[36m<span>\u001b[39m\n              \u001b[0mNotifications\u001b[0m\n            \u001b[36m</span>\u001b[39m\n          \u001b[36m</button>\u001b[39m\n        \u001b[36m</div>\u001b[39m\n        \u001b[36m<div\u001b[39m\n          \u001b[33mclass\u001b[39m=\u001b[32m\"ff-primary-surfaces\"\u001b[39m\n        \u001b[36m>\u001b[39m\n          \u001b[36m<nav\u001b[39m\n            \u001b[33maria-label\u001b[39m=\u001b[32m\"Project surface switcher\"\u001b[39m\n            \u001b[33mclass\u001b[39m=\u001b[32m\"ff-surface-switcher\"\u001b[39m\n          \u001b[36m>\u001b[39m\n            \u001b[36m<a\u001b[39m\n              \u001b[33mhref\u001b[39m=\u001b[32m\"/w/workspace-1/projects/project-1/overview\"\u001b[39m\n            \u001b[36m>\u001b[39m\n              \u001b[0mOverview\u001b[0m\n              \u001b[36m<span\u001b[39m\n                \u001b[33mclass\u001b[39m=\u001b[32m\"ff-badge ff-badge--neutral\"\u001b[39m\n              \u001b[36m>\u001b[39m\n                \u001b[0mFOUNDATION\u001b[0m\n              \u001b[36m</span>\u001b[39m\n            \u001b[36m</a>\u001b[39m\n            \u001b[36m<a\u001b[39m\n              \u001b[33mhref\u001b[39m=\u001b[32m\"/w/workspace-1/projects/project-1/edit\"\u001b[39m\n            \u001b[36m>\u001b[39m\n              \u001b[0mEdit\u001b[0m\n              \u001b[36m<span\u001b[39m\n                \u001b[33mclass\u001b[39m=\u001b[32m\"ff-badge ff-badge--neutral\"\u001b[39m\n              \u001b[36m>\u001b[39m\n                \u001b[0mFOUNDATION\u001b[0m\n              \u001b[36m</span>\u001b[39m\n            \u001b[36m</a>\u001b[39m\n            \u001b[36m<a\u001b[39m\n              \u001b[33mhref\u001b[39m=\u001b[32m\"/w/workspace-1/projects/project-1/canvas\"\u001b[39m\n            \u001b[36m>\u001b[39m\n              \u001b[0mCanvas\u001b[0m\n              \u001b[36m<span\u001b[39m\n                \u001b[33mclass\u001b[39m=\u001b[32m\"ff-badge ff-badge--warning\"\u001b[39m\n              \u001b[36m>\u001b[39m\n                \u001b[0mPREVIEW\u001b[0m\n              \u001b[36m</span>\u001b[39m\n            \u001b[36m</a>\u001b[39m\n            \u001b[36m<a\u001b[39m\n              \u001b[33mhref\u001b[39m=\u001b[32m\"/w/workspace-1/projects/project-1/agent\"\u001b[39m\n            \u001b[36m>\u001b[39m\n              \u001b[0mAgent\u001b[0m\n              \u001b[36m<span\u001b[39m\n                \u001b[33mclass\u001b[39m=\u001b[32m\"ff-badge ff-badge--warning\"\u001b[39m\n              \u001b[36m>\u001b[39m\n                \u001b[0mPREVIEW\u001b[0m\n              \u001b[36m</span>\u001b[39m\n            \u001b[36m</a>\u001b[39m\n            \u001b[36m<a\u001b[39m\n              \u001b[33mhref\u001b[39m=\u001b[32m\"/w/workspace-1/projects/project-1/workflow\"\u001b[39m\n            \u001b[36m>\u001b[39m\n              \u001b[0mWorkflow\u001b[0m\n              \u001b[36m<span\u001b[39m\n                \u001b[33mclass\u001b[39m=\u001b[32m\"ff-badge ff-badge--warning\"\u001b[39m\n              \u001b[36m>\u001b[39m\n                \u001b[0mPREVIEW\u001b[0m\n              \u001b[36m</span>\u001b[39m\n            \u001b[36m</a>\u001b[39m\n            \u001b[36m<a\u001b[39m\n              \u001b[33mhref\u001b[39m=\u001b[32m\"/w/workspace-1/projects/project-1/review\"\u001b[39m\n            \u001b[36m>\u001b[39m\n              \u001b[0mReview\u001b[0m\n              \u001b[36m<span\u001b[39m\n                \u001b[33mclass\u001b[39m=\u001b[32m\"ff-badge ff-badge--warning\"\u001b[39m\n              \u001b[36m>\u001b[39m\n                \u001b[0mPREVIEW\u001b[0m\n              \u001b[36m</span>\u001b[39m\n            \u001b[36m</a>\u001b[39m\n            \u001b[36m<a\u001b[39m\n              \u001b[33maria-current\u001b[39m=\u001b[32m\"page\"\u001b[39m\n              \u001b[33mhref\u001b[39m=\u001b[32m\"/w/workspace-1/projects/project-1/production\"\u001b[39m\n            \u001b[36m>\u001b[39m\n              \u001b[0mProduction\u001b[0m\n              \u001b[36m<span\u001b[39m\n                \u001b[33mclass\u001b[39m=\u001b[32m\"ff-badge ff-badge--warning\"\u001b[39m\n              \u001b[36m>\u001b[39m\n                \u001b[0mPREVIEW\u001b[0m\n              \u001b[36m</span>\u001b[39m\n            \u001b[36m</a>\u001b[39m\n          \u001b[36m</nav>\u001b[39m\n        \u001b[36m</div>\u001b[39m\n        \u001b[36m<div\u001b[39m\n          \u001b[33mclass\u001b[39m=\u001b[32m\"ff-shell-body\"\u001b[39m\n        \u001b[36m>\u001b[39m\n          \u001b[36m<div\u001b[39m\n            \u001b[33mclass\u001b[39m=\u001b[32m\"ff-shell-center\"\u001b[39m\n          \u001b[36m>\u001b[39m\n            \u001b[36m<main\u001b[39m\n              \u001b[33mclass\u001b[39m=\u001b[32m\"ff-center-workspace\"\u001b[39m\n              \u001b[33mid\u001b[39m=\u001b[32m\"main-content\"\u001b[39m\n              \u001b[33mtabindex\u001b[39m=\u001b[32m\"-1\"\u001b[39m\n            \u001b[36m>\u001b[39m\n              \u001b[36m<div\u001b[39m\n                \u001b[33mclass\u001b[39m=\u001b[32m\"ff-page ff-project-surface\"\u001b[39m\n              \u001b[36m>\u001b[39m\n                \u001b[36m<details\u001b[39m\n                  \u001b[33mclass\u001b[39m=\u001b[32m\"ff-context-warning\"\u001b[39m\n                \u001b[36m>\u001b[39m\n                  \u001b[36m<summary>\u001b[39m\n                    \u001b[0mProvisional presentation · limited project access · details\u001b[0m\n                  \u001b[36m</summary>\u001b[39m\n                  \u001b[36m<span\u001b[39m\n                    \u001b[33mclass\u001b[39m=\u001b[32m\"ff-badge ff-badge--warning\"\u001b[39m\n                  \u001b[36m>\u001b[39m\n                    \u001b[0mBLOCKED\u001b[0m\n                  \u001b[36m</span>\u001b[39m\n                  \u001b[36m<p>\u001b[39m\n                    \u001b[0mProject context is visible as route metadata, but the server cannot yet verify the Workspace-to-Project relationship (FB-GAP-001). Shell-level inferred commands remain disabled; focused gateways must validate every read and operation on the server.\u001b[0m\n                  \u001b[36m</p>\u001b[39m\n                \u001b[36m</details>\u001b[39m\n                \u001b[36m<section\u001b[39m\n                  \u001b[33maria-label\u001b[39m=\u001b[32m\"Project Scene and Shot discovery\"\u001b[39m\n                  \u001b[33mclass\u001b[39m=\u001b[32m\"ff-production-browser\"\u001b[39m\n                \u001b[36m>\u001b[39m\n                  \u001b[36m<header\u001b[39m\n                    \u001b[33mclass\u001b[39m=\u001b[32m\"ff-production-heading\"\u001b[39m\n                  \u001b[36m>\u001b[39m\n                    \u001b[36m<div>\u001b[39m\n                      \u001b[36m<span>\u001b[39m\n                        \u001b[0mProduction management · read-only\u001b[0m\n                      \u001b[36m</span>\u001b[39m\n                      \u001b[36m<h1>\u001b[39m\n                        \u001b[0mScenes and shots\u001b[0m\n                      \u001b[36m</h1>\u001b[39m\n                      \u001b[36m<p>\u001b[39m\n                        \u001b[0mBrowse supplied Scenes and their explicit Shot relationships for one Project. This view cannot change production state.\u001b[0m\n                      \u001b[36m</p>\u001b[39m\n                    \u001b[36m</div>\u001b[39m\n                  \u001b[36m</header>\u001b[39m\n                  \u001b[36m<p\u001b[39m\n                    \u001b[33mclass\u001b[39m=\u001b[32m\"ff-production-origin ff-production-origin--unavailable\"\u001b[39m\n                  \u001b[36m>\u001b[39m\n                    \u001b[36m<span\u001b[39m\n                      \u001b[33mclass\u001b[39m=\u001b[32m\"ff-badge ff-badge--neutral\"\u001b[39m\n                    \u001b[36m>\u001b[39m\n                      \u001b[0mPRODUCTION SOURCE UNAVAILABLE · no request was sent\u001b[0m\n                    \u001b[36m</span>\u001b[39m\n                  \u001b[36m</p>\u001b[39m\n                  \u001b[36m<details\u001b[39m\n                    \u001b[33mclass\u001b[39m=\u001b[32m\"ff-production-scope\"\u001b[39m\n                  \u001b[36m>\u001b[39m\n                    \u001b[36m<summary>\u001b[39m\n                      \u001b[0mSupplied scope\u001b[0m\n                    \u001b[36m</summary>\u001b[39m\n                    \u001b[36m<dl>\u001b[39m\n                      \u001b[36m<dt>\u001b[39m\n                        \u001b[0mWorkspace ID\u001b[0m\n                      \u001b[36m</dt>\u001b[39m\n                      \u001b[36m<dd>\u001b[39m\n                        \u001b[36m<code>\u001b[39m\n                          \u001b[0mworkspace-1\u001b[0m\n                        \u001b[36m</code>\u001b[39m\n                      \u001b[36m</dd>\u001b[39m\n                      \u001b[36m<dt>\u001b[39m\n                        \u001b[0mProject ID\u001b[0m\n                      \u001b[36m</dt>\u001b[39m\n                      \u001b[36m<dd>\u001b[39m\n                        \u001b[36m<code>\u001b[39m\n                          \u001b[0mproject-1\u001b[0m\n                        \u001b[36m</code>\u001b[39m\n                      \u001b[36m</dd>\u001b[39m\n                    \u001b[36m</dl>\u001b[39m\n                  \u001b[36m</details>\u001b[39m\n                  \u001b[36m<p\u001b[39m\n                    \u001b[33mclass\u001b[39m=\u001b[32m\"ff-production-boundary\"\u001b[39m\n                  \u001b[36m>\u001b[39m\n                    \u001b[0mOnly source-supplied fields and explicit Scene-to-Shot relationships are shown. Visibility never grants resource permission.\u001b[0m\n                  \u001b[36m</p>\u001b[39m\n                  \u001b[36m<section\u001b[39m\n                    \u001b[33maria-busy\u001b[39m=\u001b[32m\"false\"\u001b[39m\n                    \u001b[33maria-labelledby\u001b[39m=\u001b[32m\"_r_k_\"\u001b[39m\n                    \u001b[33maria-live\u001b[39m=\u001b[32m\"polite\"\u001b[39m\n                    \u001b[33mclass\u001b[39m=\u001b[32m\"ff-state ff-state--unavailable\"\u001b[39m\n                  \u001b[36m>\u001b[39m\n                    \u001b[36m<span\u001b[39m\n                      \u001b[33mclass\u001b[39m=\u001b[32m\"ff-state__code\"\u001b[39m\n                    \u001b[36m>\u001b[39m\n                      \u001b[0mUNAVAILABLE\u001b[0m\n                    \u001b[36m</span>\u001b[39m\n                    \u001b[36m<h2\u001b[39m\n                      \u001b[33mid\u001b[39m=\u001b[32m\"_r_k_\"\u001b[39m\n                    \u001b[36m>\u001b[39m\n                      \u001b[0mProduction snapshot unavailable\u001b[0m\n                    \u001b[36m</h2>\u001b[39m\n                    \u001b[36m<div>\u001b[39m\n                      \u001b[36m<p>\u001b[39m\n                        \u001b[0mNo authenticated, session-bound, single-Project Scene and Shot source is configured.\u001b[0m\n                      \u001b[36m</p>\u001b[39m\n                    \u001b[36m</div>\u001b[39m\n                  \u001b[36m</section>\u001b[39m\n                \u001b[36m</section>\u001b[39m\n              \u001b[36m</div>\u001b[39m\n            \u001b[36m</main>\u001b[39m\n          \u001b[36m</div>\u001b[39m\n        \u001b[36m</div>\u001b[39m\n      \u001b[36m</div>\u001b[39m\n    \u001b[36m</div>\u001b[39m\n  \u001b[36m</div>\u001b[39m\n\u001b[36m</body>\u001b[39m\n    at Object.getElementError (/home/user/Documents/workspace/projects/.worktrees/frontend-wave2-product-ux-v1/frontend/node_modules/@testing-library/dom/dist/config.js:37:19)\n    at getElementError (/home/user/Documents/workspace/projects/.worktrees/frontend-wave2-product-ux-v1/frontend/node_modules/@testing-library/dom/dist/query-helpers.js:20:35)\n    at getMultipleElementsFoundError (/home/user/Documents/workspace/projects/.worktrees/frontend-wave2-product-ux-v1/frontend/node_modules/@testing-library/dom/dist/query-helpers.js:23:10)\n    at /home/user/Documents/workspace/projects/.worktrees/frontend-wave2-product-ux-v1/frontend/node_modules/@testing-library/dom/dist/query-helpers.js:55:13\n    at /home/user/Documents/workspace/projects/.worktrees/frontend-wave2-product-ux-v1/frontend/node_modules/@testing-library/dom/dist/query-helpers.js:95:19\n    at /home/user/Documents/workspace/projects/.worktrees/frontend-wave2-product-ux-v1/frontend/src/app/routeTree.test.tsx:163:19\n    at file:///home/user/Documents/workspace/projects/.worktrees/frontend-wave2-product-ux-v1/frontend/node_modules/@vitest/runner/dist/chunk-hooks.js:752:20"],"meta":{}},{"ancestorTitles":["runtime route registration and deep-link restoration"],"fullName":"runtime route registration and deep-link restoration handles Workspace API errors without inventing an empty state","status":"passed","title":"handles Workspace API errors without inventing an empty state","duration":30.679919000000154,"failureMessages":[],"meta":{}},{"ancestorTitles":["runtime route registration and deep-link restoration"],"fullName":"runtime route registration and deep-link restoration preserves the historical default API export alongside the additive platform client","status":"passed","title":"preserves the historical default API export alongside the additive platform client","duration":0.3768840000002456,"failureMessages":[],"meta":{}}],"startTime":1788848191786,"endTime":1788848194889.377,"status":"failed","message":"","name":"/home/user/Documents/workspace/projects/.worktrees/frontend-wave2-product-ux-v1/frontend/src/app/routeTree.test.tsx"},{"assertionResults":[{"ancestorTitles":["localization runtime"],"fullName":"localization runtime renders bundled English and Chinese, switches at runtime, formats values, and falls back per key","status":"passed","title":"renders bundled English and Chinese, switches at runtime, formats values, and falls back per key","duration":75.0776800000001,"failureMessages":[],"meta":{}},{"ancestorTitles":["localization runtime"],"fullName":"localization runtime uses an explicit development marker for an unknown key","status":"passed","title":"uses an explicit development marker for an unknown key","duration":2.2469229999999243,"failureMessages":[],"meta":{}},{"ancestorTitles":["localization runtime"],"fullName":"localization runtime validates required interpolation parameters and ignores extras","status":"passed","title":"validates required interpolation parameters and ignores extras","duration":2.5979950000000827,"failureMessages":[],"meta":{}},{"ancestorTitles":["localization runtime"],"fullName":"localization runtime keeps synchronous bundled copy through remote outage and invalid payloads, then accepts valid remote copy","status":"passed","title":"keeps synchronous bundled copy through remote outage and invalid payloads, then accepts valid remote copy","duration":25.23458299999993,"failureMessages":[],"meta":{}},{"ancestorTitles":["localization runtime"],"fullName":"localization runtime prevents a stale locale request from replacing the current locale","status":"passed","title":"prevents a stale locale request from replacing the current locale","duration":13.898662000000058,"failureMessages":[],"meta":{}},{"ancestorTitles":["localization runtime"],"fullName":"localization runtime loads a fresh-object provider once per unresolved locale and reuses resolved cache entries","status":"passed","title":"loads a fresh-object provider once per unresolved locale and reuses resolved cache entries","duration":20.751894999999877,"failureMessages":[],"meta":{}},{"ancestorTitles":["localization runtime"],"fullName":"localization runtime honors an injected resolved cache without refreshing it","status":"passed","title":"honors an injected resolved cache without refreshing it","duration":3.1152420000000802,"failureMessages":[],"meta":{}},{"ancestorTitles":["localization runtime"],"fullName":"localization runtime rejects validly digested remote keys and parameter contracts that diverge from English","status":"passed","title":"rejects validly digested remote keys and parameter contracts that diverge from English","duration":9.057813000000124,"failureMessages":[],"meta":{}},{"ancestorTitles":["catalog contract"],"fullName":"catalog contract provides bundled catalogs through a concrete synchronous provider boundary","status":"passed","title":"provides bundled catalogs through a concrete synchronous provider boundary","duration":0.40934100000004037,"failureMessages":[],"meta":{}},{"ancestorTitles":["catalog contract"],"fullName":"catalog contract uses the standard SHA-256 digest algorithm","status":"passed","title":"uses the standard SHA-256 digest algorithm","duration":1.0202060000001438,"failureMessages":[],"meta":{}},{"ancestorTitles":["catalog contract"],"fullName":"catalog contract rejects schema and catalog version mismatches, unknown fields, HTML, malformed locale/namespaces/digest/params, and digest tampering","status":"passed","title":"rejects schema and catalog version mismatches, unknown fields, HTML, malformed locale/namespaces/digest/params, and digest tampering","duration":0.8135050000000774,"failureMessages":[],"meta":{}},{"ancestorTitles":["catalog contract"],"fullName":"catalog contract contains malformed and prototype-key inputs and permits repeated placeholders under one parameter contract","status":"passed","title":"contains malformed and prototype-key inputs and permits repeated placeholders under one parameter contract","duration":1.7198140000000421,"failureMessages":[],"meta":{}},{"ancestorTitles":["catalog contract"],"fullName":"catalog contract guards every required source key","status":"passed","title":"guards every required source key","duration":1.1573829999999816,"failureMessages":[],"meta":{}}],"startTime":1788848190296,"endTime":1788848190453.1575,"status":"passed","message":"","name":"/home/user/Documents/workspace/projects/.worktrees/frontend-wave2-product-ux-v1/frontend/src/localization/localization.test.tsx"},{"assertionResults":[{"ancestorTitles":["ProductionBrowser Scene and Shot discovery"],"fullName":"ProductionBrowser Scene and Shot discovery browses only explicitly related Shots, preserves missing fields, and exposes no mutation or arbitrary URL","status":"passed","title":"browses only explicitly related Shots, preserves missing fields, and exposes no mutation or arbitrary URL","duration":112.01806699999997,"failureMessages":[],"meta":{}},{"ancestorTitles":["ProductionBrowser Scene and Shot discovery"],"fullName":"ProductionBrowser Scene and Shot discovery searches, filters, sorts and resets Scenes locally while retaining controls after detail close","status":"passed","title":"searches, filters, sorts and resets Scenes locally while retaining controls after detail close","duration":123.45280000000002,"failureMessages":[],"meta":{}},{"ancestorTitles":["ProductionBrowser Scene and Shot discovery"],"fullName":"ProductionBrowser Scene and Shot discovery distinguishes empty snapshots, no related Shots, bounded snapshots and missing supplied values","status":"passed","title":"distinguishes empty snapshots, no related Shots, bounded snapshots and missing supplied values","duration":60.564071999999896,"failureMessages":[],"meta":{}},{"ancestorTitles":["ProductionBrowser Scene and Shot discovery"],"fullName":"ProductionBrowser Scene and Shot discovery uses one stable Refresh/Cancel/Retry control, drops cancelled replies, and never steals moved focus","status":"passed","title":"uses one stable Refresh/Cancel/Retry control, drops cancelled replies, and never steals moved focus","duration":33.94544700000006,"failureMessages":[],"meta":{}},{"ancestorTitles":["ProductionBrowser Scene and Shot discovery"],"fullName":"ProductionBrowser Scene and Shot discovery clears content and renders nondisclosing unavailable state with opaque supplied explanation","status":"passed","title":"clears content and renders nondisclosing unavailable state with opaque supplied explanation","duration":20.123695000000225,"failureMessages":[],"meta":{}},{"ancestorTitles":["ProductionBrowser Scene and Shot discovery"],"fullName":"ProductionBrowser Scene and Shot discovery clears content and renders nondisclosing denied state with opaque supplied explanation","status":"passed","title":"clears content and renders nondisclosing denied state with opaque supplied explanation","duration":24.40294300000005,"failureMessages":[],"meta":{}},{"ancestorTitles":["ProductionBrowser Scene and Shot discovery"],"fullName":"ProductionBrowser Scene and Shot discovery clears content and renders nondisclosing unknown state with opaque supplied explanation","status":"passed","title":"clears content and renders nondisclosing unknown state with opaque supplied explanation","duration":30.884150000000318,"failureMessages":[],"meta":{}},{"ancestorTitles":["ProductionBrowser Scene and Shot discovery"],"fullName":"ProductionBrowser Scene and Shot discovery clears content and renders nondisclosing unsupported state with opaque supplied explanation","status":"passed","title":"clears content and renders nondisclosing unsupported state with opaque supplied explanation","duration":21.208967999999913,"failureMessages":[],"meta":{}},{"ancestorTitles":["ProductionBrowser Scene and Shot discovery"],"fullName":"ProductionBrowser Scene and Shot discovery clears content and renders nondisclosing error state with opaque supplied explanation","status":"passed","title":"clears content and renders nondisclosing error state with opaque supplied explanation","duration":17.360915999999634,"failureMessages":[],"meta":{}},{"ancestorTitles":["ProductionBrowser Scene and Shot discovery"],"fullName":"ProductionBrowser Scene and Shot discovery clears content and renders nondisclosing stale state with opaque supplied explanation","status":"passed","title":"clears content and renders nondisclosing stale state with opaque supplied explanation","duration":20.088830000000144,"failureMessages":[],"meta":{}},{"ancestorTitles":["ProductionBrowser Scene and Shot discovery"],"fullName":"ProductionBrowser Scene and Shot discovery fails closed on invalid relations and never retains old content","status":"passed","title":"fails closed on invalid relations and never retains old content","duration":24.96756699999969,"failureMessages":[],"meta":{}},{"ancestorTitles":["ProductionBrowser Scene and Shot discovery"],"fullName":"ProductionBrowser Scene and Shot discovery retires a valid pending reply on principalId change","status":"passed","title":"retires a valid pending reply on principalId change","duration":15.438857000000098,"failureMessages":[],"meta":{}},{"ancestorTitles":["ProductionBrowser Scene and Shot discovery"],"fullName":"ProductionBrowser Scene and Shot discovery retires a valid pending reply on tenantId change","status":"passed","title":"retires a valid pending reply on tenantId change","duration":14.998211000000083,"failureMessages":[],"meta":{}},{"ancestorTitles":["ProductionBrowser Scene and Shot discovery"],"fullName":"ProductionBrowser Scene and Shot discovery retires a valid pending reply on sessionId change","status":"passed","title":"retires a valid pending reply on sessionId change","duration":15.566373999999996,"failureMessages":[],"meta":{}},{"ancestorTitles":["ProductionBrowser Scene and Shot discovery"],"fullName":"ProductionBrowser Scene and Shot discovery retires a valid pending reply on workspaceId change","status":"passed","title":"retires a valid pending reply on workspaceId change","duration":20.65992200000028,"failureMessages":[],"meta":{}},{"ancestorTitles":["ProductionBrowser Scene and Shot discovery"],"fullName":"ProductionBrowser Scene and Shot discovery retires a valid pending reply on projectId change","status":"passed","title":"retires a valid pending reply on projectId change","duration":17.11962900000026,"failureMessages":[],"meta":{}},{"ancestorTitles":["ProductionBrowser Scene and Shot discovery"],"fullName":"ProductionBrowser Scene and Shot discovery does not query denied/unknown sources and is unavailable with no injected source","status":"passed","title":"does not query denied/unknown sources and is unavailable with no injected source","duration":11.03782100000035,"failureMessages":[],"meta":{}},{"ancestorTitles":["ProductionBrowser Scene and Shot discovery"],"fullName":"ProductionBrowser Scene and Shot discovery localizes the complete bounded workflow in Chinese while preserving supplied values literally","status":"passed","title":"localizes the complete bounded workflow in Chinese while preserving supplied values literally","duration":31.355301000000054,"failureMessages":[],"meta":{}}],"startTime":1788848190717,"endTime":1788848191333.3552,"status":"passed","message":"","name":"/home/user/Documents/workspace/projects/.worktrees/frontend-wave2-product-ux-v1/frontend/src/product/production/ProductionBrowser.test.tsx"},{"assertionResults":[{"ancestorTitles":["bounded Scene and Shot production projection"],"fullName":"bounded Scene and Shot production projection filters only supplied Scene display fields and status, then sorts stably by name and ID","status":"passed","title":"filters only supplied Scene display fields and status, then sorts stably by name and ID","duration":3.5263749999999163,"failureMessages":[],"meta":{}},{"ancestorTitles":["bounded Scene and Shot production projection"],"fullName":"bounded Scene and Shot production projection accepts an owned bounded snapshot with explicit stable Scene-to-Shot relations and safe references","status":"passed","title":"accepts an owned bounded snapshot with explicit stable Scene-to-Shot relations and safe references","duration":7.463058000000046,"failureMessages":[],"meta":{}},{"ancestorTitles":["bounded Scene and Shot production projection"],"fullName":"bounded Scene and Shot production projection rejects malformed, ambiguous, foreign, orphaned, unsafe, unbounded, or mismatched results 0","status":"passed","title":"rejects malformed, ambiguous, foreign, orphaned, unsafe, unbounded, or mismatched results 0","duration":1.9118940000000748,"failureMessages":[],"meta":{}},{"ancestorTitles":["bounded Scene and Shot production projection"],"fullName":"bounded Scene and Shot production projection rejects malformed, ambiguous, foreign, orphaned, unsafe, unbounded, or mismatched results 1","status":"passed","title":"rejects malformed, ambiguous, foreign, orphaned, unsafe, unbounded, or mismatched results 1","duration":1.4085630000001856,"failureMessages":[],"meta":{}},{"ancestorTitles":["bounded Scene and Shot production projection"],"fullName":"bounded Scene and Shot production projection rejects malformed, ambiguous, foreign, orphaned, unsafe, unbounded, or mismatched results 2","status":"passed","title":"rejects malformed, ambiguous, foreign, orphaned, unsafe, unbounded, or mismatched results 2","duration":0.6020289999999022,"failureMessages":[],"meta":{}},{"ancestorTitles":["bounded Scene and Shot production projection"],"fullName":"bounded Scene and Shot production projection rejects malformed, ambiguous, foreign, orphaned, unsafe, unbounded, or mismatched results 3","status":"passed","title":"rejects malformed, ambiguous, foreign, orphaned, unsafe, unbounded, or mismatched results 3","duration":0.5951560000000882,"failureMessages":[],"meta":{}},{"ancestorTitles":["bounded Scene and Shot production projection"],"fullName":"bounded Scene and Shot production projection rejects malformed, ambiguous, foreign, orphaned, unsafe, unbounded, or mismatched results 4","status":"passed","title":"rejects malformed, ambiguous, foreign, orphaned, unsafe, unbounded, or mismatched results 4","duration":0.47967900000003283,"failureMessages":[],"meta":{}},{"ancestorTitles":["bounded Scene and Shot production projection"],"fullName":"bounded Scene and Shot production projection rejects malformed, ambiguous, foreign, orphaned, unsafe, unbounded, or mismatched results 5","status":"passed","title":"rejects malformed, ambiguous, foreign, orphaned, unsafe, unbounded, or mismatched results 5","duration":0.6006810000001224,"failureMessages":[],"meta":{}},{"ancestorTitles":["bounded Scene and Shot production projection"],"fullName":"bounded Scene and Shot production projection rejects malformed, ambiguous, foreign, orphaned, unsafe, unbounded, or mismatched results 6","status":"passed","title":"rejects malformed, ambiguous, foreign, orphaned, unsafe, unbounded, or mismatched results 6","duration":0.7427729999999428,"failureMessages":[],"meta":{}},{"ancestorTitles":["bounded Scene and Shot production projection"],"fullName":"bounded Scene and Shot production projection rejects malformed, ambiguous, foreign, orphaned, unsafe, unbounded, or mismatched results 7","status":"passed","title":"rejects malformed, ambiguous, foreign, orphaned, unsafe, unbounded, or mismatched results 7","duration":0.5268599999999424,"failureMessages":[],"meta":{}},{"ancestorTitles":["bounded Scene and Shot production projection"],"fullName":"bounded Scene and Shot production projection rejects malformed, ambiguous, foreign, orphaned, unsafe, unbounded, or mismatched results 8","status":"passed","title":"rejects malformed, ambiguous, foreign, orphaned, unsafe, unbounded, or mismatched results 8","duration":0.6023760000000493,"failureMessages":[],"meta":{}},{"ancestorTitles":["bounded Scene and Shot production projection"],"fullName":"bounded Scene and Shot production projection rejects malformed, ambiguous, foreign, orphaned, unsafe, unbounded, or mismatched results 9","status":"passed","title":"rejects malformed, ambiguous, foreign, orphaned, unsafe, unbounded, or mismatched results 9","duration":0.6221969999999146,"failureMessages":[],"meta":{}},{"ancestorTitles":["bounded Scene and Shot production projection"],"fullName":"bounded Scene and Shot production projection rejects malformed, ambiguous, foreign, orphaned, unsafe, unbounded, or mismatched results 10","status":"passed","title":"rejects malformed, ambiguous, foreign, orphaned, unsafe, unbounded, or mismatched results 10","duration":0.3997279999998682,"failureMessages":[],"meta":{}},{"ancestorTitles":["bounded Scene and Shot production projection"],"fullName":"bounded Scene and Shot production projection rejects malformed, ambiguous, foreign, orphaned, unsafe, unbounded, or mismatched results 11","status":"passed","title":"rejects malformed, ambiguous, foreign, orphaned, unsafe, unbounded, or mismatched results 11","duration":0.4275559999998677,"failureMessages":[],"meta":{}},{"ancestorTitles":["bounded Scene and Shot production projection"],"fullName":"bounded Scene and Shot production projection rejects malformed, ambiguous, foreign, orphaned, unsafe, unbounded, or mismatched results 12","status":"passed","title":"rejects malformed, ambiguous, foreign, orphaned, unsafe, unbounded, or mismatched results 12","duration":0.3522530000000188,"failureMessages":[],"meta":{}},{"ancestorTitles":["bounded Scene and Shot production projection"],"fullName":"bounded Scene and Shot production projection rejects malformed, ambiguous, foreign, orphaned, unsafe, unbounded, or mismatched results 13","status":"passed","title":"rejects malformed, ambiguous, foreign, orphaned, unsafe, unbounded, or mismatched results 13","duration":0.37930499999993117,"failureMessages":[],"meta":{}},{"ancestorTitles":["bounded Scene and Shot production projection"],"fullName":"bounded Scene and Shot production projection rejects malformed, ambiguous, foreign, orphaned, unsafe, unbounded, or mismatched results 14","status":"passed","title":"rejects malformed, ambiguous, foreign, orphaned, unsafe, unbounded, or mismatched results 14","duration":0.33280100000001767,"failureMessages":[],"meta":{}},{"ancestorTitles":["bounded Scene and Shot production projection"],"fullName":"bounded Scene and Shot production projection rejects malformed, ambiguous, foreign, orphaned, unsafe, unbounded, or mismatched results 15","status":"passed","title":"rejects malformed, ambiguous, foreign, orphaned, unsafe, unbounded, or mismatched results 15","duration":0.34038399999985813,"failureMessages":[],"meta":{}},{"ancestorTitles":["bounded Scene and Shot production projection"],"fullName":"bounded Scene and Shot production projection rejects malformed, ambiguous, foreign, orphaned, unsafe, unbounded, or mismatched results 16","status":"passed","title":"rejects malformed, ambiguous, foreign, orphaned, unsafe, unbounded, or mismatched results 16","duration":0.32754399999998896,"failureMessages":[],"meta":{}},{"ancestorTitles":["bounded Scene and Shot production projection"],"fullName":"bounded Scene and Shot production projection rejects malformed, ambiguous, foreign, orphaned, unsafe, unbounded, or mismatched results 17","status":"passed","title":"rejects malformed, ambiguous, foreign, orphaned, unsafe, unbounded, or mismatched results 17","duration":0.32592300000010255,"failureMessages":[],"meta":{}},{"ancestorTitles":["bounded Scene and Shot production projection"],"fullName":"bounded Scene and Shot production projection rejects malformed, ambiguous, foreign, orphaned, unsafe, unbounded, or mismatched results 18","status":"passed","title":"rejects malformed, ambiguous, foreign, orphaned, unsafe, unbounded, or mismatched results 18","duration":0.3129340000000411,"failureMessages":[],"meta":{}},{"ancestorTitles":["bounded Scene and Shot production projection"],"fullName":"bounded Scene and Shot production projection rejects malformed, ambiguous, foreign, orphaned, unsafe, unbounded, or mismatched results 19","status":"passed","title":"rejects malformed, ambiguous, foreign, orphaned, unsafe, unbounded, or mismatched results 19","duration":0.7234390000000985,"failureMessages":[],"meta":{}},{"ancestorTitles":["bounded Scene and Shot production projection"],"fullName":"bounded Scene and Shot production projection rejects malformed, ambiguous, foreign, orphaned, unsafe, unbounded, or mismatched results 20","status":"passed","title":"rejects malformed, ambiguous, foreign, orphaned, unsafe, unbounded, or mismatched results 20","duration":0.5674459999997907,"failureMessages":[],"meta":{}},{"ancestorTitles":["bounded Scene and Shot production projection"],"fullName":"bounded Scene and Shot production projection rejects malformed, ambiguous, foreign, orphaned, unsafe, unbounded, or mismatched results 21","status":"passed","title":"rejects malformed, ambiguous, foreign, orphaned, unsafe, unbounded, or mismatched results 21","duration":0.5709529999999177,"failureMessages":[],"meta":{}},{"ancestorTitles":["bounded Scene and Shot production projection"],"fullName":"bounded Scene and Shot production projection rejects malformed, ambiguous, foreign, orphaned, unsafe, unbounded, or mismatched results 22","status":"passed","title":"rejects malformed, ambiguous, foreign, orphaned, unsafe, unbounded, or mismatched results 22","duration":0.3541330000000471,"failureMessages":[],"meta":{}},{"ancestorTitles":["bounded Scene and Shot production projection"],"fullName":"bounded Scene and Shot production projection rejects malformed, ambiguous, foreign, orphaned, unsafe, unbounded, or mismatched results 23","status":"passed","title":"rejects malformed, ambiguous, foreign, orphaned, unsafe, unbounded, or mismatched results 23","duration":0.4543350000001283,"failureMessages":[],"meta":{}},{"ancestorTitles":["bounded Scene and Shot production projection"],"fullName":"bounded Scene and Shot production projection preserves nondisclosing unavailable failure receipts","status":"passed","title":"preserves nondisclosing unavailable failure receipts","duration":0.5142669999997906,"failureMessages":[],"meta":{}},{"ancestorTitles":["bounded Scene and Shot production projection"],"fullName":"bounded Scene and Shot production projection preserves nondisclosing denied failure receipts","status":"passed","title":"preserves nondisclosing denied failure receipts","duration":0.24904799999990246,"failureMessages":[],"meta":{}},{"ancestorTitles":["bounded Scene and Shot production projection"],"fullName":"bounded Scene and Shot production projection preserves nondisclosing unknown failure receipts","status":"passed","title":"preserves nondisclosing unknown failure receipts","duration":0.21118799999999283,"failureMessages":[],"meta":{}},{"ancestorTitles":["bounded Scene and Shot production projection"],"fullName":"bounded Scene and Shot production projection preserves nondisclosing unsupported failure receipts","status":"passed","title":"preserves nondisclosing unsupported failure receipts","duration":0.2806630000000041,"failureMessages":[],"meta":{}},{"ancestorTitles":["bounded Scene and Shot production projection"],"fullName":"bounded Scene and Shot production projection preserves nondisclosing error failure receipts","status":"passed","title":"preserves nondisclosing error failure receipts","duration":0.23298099999988153,"failureMessages":[],"meta":{}},{"ancestorTitles":["bounded Scene and Shot production projection"],"fullName":"bounded Scene and Shot production projection preserves nondisclosing stale failure receipts","status":"passed","title":"preserves nondisclosing stale failure receipts","duration":0.2010649999999714,"failureMessages":[],"meta":{}},{"ancestorTitles":["bounded Scene and Shot production projection"],"fullName":"bounded Scene and Shot production projection keys all identity, scope, access, and source ownership inputs","status":"passed","title":"keys all identity, scope, access, and source ownership inputs","duration":0.42136299999992843,"failureMessages":[],"meta":{}},{"ancestorTitles":["bounded Scene and Shot production projection"],"fullName":"bounded Scene and Shot production projection requires exact real and simulated access projections and never treats viewability as permission","status":"passed","title":"requires exact real and simulated access projections and never treats viewability as permission","duration":0.7278440000000046,"failureMessages":[],"meta":{}},{"ancestorTitles":["explicit Production source boundaries"],"fullName":"explicit Production source boundaries defaults unavailable without transport and retains the supplied route scope without inventing identity","status":"passed","title":"defaults unavailable without transport and retains the supplied route scope without inventing identity","duration":2.2355660000000626,"failureMessages":[],"meta":{}},{"ancestorTitles":["explicit Production source boundaries"],"fullName":"explicit Production source boundaries creates simulated data only from an explicit supplied identity and never reads URL, storage, or transport","status":"passed","title":"creates simulated data only from an explicit supplied identity and never reads URL, storage, or transport","duration":1.0983420000000024,"failureMessages":[],"meta":{}}],"startTime":1788848190109,"endTime":1788848190141.0984,"status":"passed","message":"","name":"/home/user/Documents/workspace/projects/.worktrees/frontend-wave2-product-ux-v1/frontend/src/product/production/model.test.ts"}]}