{"numTotalTestSuites":20,"numPassedTestSuites":20,"numFailedTestSuites":0,"numPendingTestSuites":0,"numTotalTests":187,"numPassedTests":187,"numFailedTests":0,"numPendingTests":0,"numTodoTests":0,"snapshot":{"added":0,"failure":false,"filesAdded":0,"filesRemoved":0,"filesRemovedList":[],"filesUnmatched":0,"filesUpdated":0,"matched":0,"total":0,"unchecked":0,"uncheckedKeysByFile":[],"unmatched":0,"updated":0,"didUpdate":false},"startTime":1788848468605,"success":true,"testResults":[{"assertionResults":[{"ancestorTitles":["runtime route registration and deep-link restoration"],"fullName":"runtime route registration and deep-link restoration registers every implemented page and preserved legacy link exactly once","status":"passed","title":"registers every implemented page and preserved legacy link exactly once","duration":8.647775999999794,"failureMessages":[],"meta":{}},{"ancestorTitles":["runtime route registration and deep-link restoration"],"fullName":"runtime route registration and deep-link restoration restores Workspace, Project, and surface identity from a creative deep link and fails unauthorized commands closed","status":"passed","title":"restores Workspace, Project, and surface identity from a creative deep link and fails unauthorized commands closed","duration":533.4514350000004,"failureMessages":[],"meta":{}},{"ancestorTitles":["runtime route registration and deep-link restoration"],"fullName":"runtime route registration and deep-link restoration remounts the ProjectFrame subtree when same-route Workspace or Project parameters change","status":"passed","title":"remounts the ProjectFrame subtree when same-route Workspace or Project parameters change","duration":141.06610900000032,"failureMessages":[],"meta":{}},{"ancestorTitles":["runtime route registration and deep-link restoration"],"fullName":"runtime route registration and deep-link restoration integrates the disposable sketch on the Workflow route while invoke remains unavailable","status":"passed","title":"integrates the disposable sketch on the Workflow route while invoke remains unavailable","duration":364.8899630000001,"failureMessages":[],"meta":{}},{"ancestorTitles":["runtime route registration and deep-link restoration"],"fullName":"runtime route registration and deep-link restoration reaches the post-H7 edit route and loads explicit canonical HEAD authority","status":"passed","title":"reaches the post-H7 edit route and loads explicit canonical HEAD authority","duration":389.5494870000002,"failureMessages":[],"meta":{}},{"ancestorTitles":["runtime route registration and deep-link restoration"],"fullName":"runtime route registration and deep-link restoration renders the Workspace to Projects entry without synthesizing a Project selection","status":"passed","title":"renders the Workspace to Projects entry without synthesizing a Project selection","duration":355.52800300000035,"failureMessages":[],"meta":{}},{"ancestorTitles":["runtime route registration and deep-link restoration"],"fullName":"runtime route registration and deep-link restoration routes the existing Projects destination to the fail-closed recent-project browser without using Workspace home as its source","status":"passed","title":"routes the existing Projects destination to the fail-closed recent-project browser without using Workspace home as its source","duration":325.6034039999995,"failureMessages":[],"meta":{}},{"ancestorTitles":["runtime route registration and deep-link restoration"],"fullName":"runtime route registration and deep-link restoration routes Operations renders to the fail-closed source browser and leaves Storage behavior unchanged","status":"passed","title":"routes Operations renders to the fail-closed source browser and leaves Storage behavior unchanged","duration":362.7823890000009,"failureMessages":[],"meta":{}},{"ancestorTitles":["runtime route registration and deep-link restoration"],"fullName":"runtime route registration and deep-link restoration registers the Project Production consumer with exact route scope and no implicit fixture or request","status":"passed","title":"registers the Project Production consumer with exact route scope and no implicit fixture or request","duration":362.0652460000001,"failureMessages":[],"meta":{}},{"ancestorTitles":["runtime route registration and deep-link restoration"],"fullName":"runtime route registration and deep-link restoration handles Workspace API errors without inventing an empty state","status":"passed","title":"handles Workspace API errors without inventing an empty state","duration":27.679920000000493,"failureMessages":[],"meta":{}},{"ancestorTitles":["runtime route registration and deep-link restoration"],"fullName":"runtime route registration and deep-link restoration preserves the historical default API export alongside the additive platform client","status":"passed","title":"preserves the historical default API export alongside the additive platform client","duration":0.4688880000003337,"failureMessages":[],"meta":{}}],"startTime":1788848471410,"endTime":1788848474282.469,"status":"passed","message":"","name":"/home/user/Documents/workspace/projects/.worktrees/frontend-wave2-product-ux-v1/frontend/src/app/routeTree.test.tsx"},{"assertionResults":[{"ancestorTitles":[],"fullName":"converges direct keyboard, toolbar, inspector, command and Agent reveal on the same selection","status":"passed","title":"converges direct keyboard, toolbar, inspector, command and Agent reveal on the same selection","duration":257.154125,"failureMessages":[],"meta":{}},{"ancestorTitles":[],"fullName":"modifies a synthetic rename, applies only local presentation, and updates palette discovery","status":"passed","title":"modifies a synthetic rename, applies only local presentation, and updates palette discovery","duration":213.05902500000002,"failureMessages":[],"meta":{}},{"ancestorTitles":[],"fullName":"offers two explicit synthetic clips whose modifier selection drives shared shell contexts","status":"passed","title":"offers two explicit synthetic clips whose modifier selection drives shared shell contexts","duration":260.4933549999996,"failureMessages":[],"meta":{}},{"ancestorTitles":[],"fullName":"keeps Product UI locale independent from generated Agent conversation language","status":"passed","title":"keeps Product UI locale independent from generated Agent conversation language","duration":14.29796499999975,"failureMessages":[],"meta":{}},{"ancestorTitles":[],"fullName":"rejects stale UI proposals and resets context synchronously across project and surface changes","status":"passed","title":"rejects stale UI proposals and resets context synchronously across project and surface changes","duration":23.986496000000443,"failureMessages":[],"meta":{}},{"ancestorTitles":[],"fullName":"opens Inspector through the local Agent action, closes the dialog, and restores launcher focus","status":"passed","title":"opens Inspector through the local Agent action, closes the dialog, and restores launcher focus","duration":88.13973199999964,"failureMessages":[],"meta":{}},{"ancestorTitles":[],"fullName":"keeps technical proposal evidence closed until diagnostics are explicitly opened","status":"passed","title":"keeps technical proposal evidence closed until diagnostics are explicitly opened","duration":120.8610179999996,"failureMessages":[],"meta":{}},{"ancestorTitles":[],"fullName":"traps Agent focus and restores its launcher after Escape and backdrop dismissal","status":"passed","title":"traps Agent focus and restores its launcher after Escape and backdrop dismissal","duration":14.912758000000395,"failureMessages":[],"meta":{}},{"ancestorTitles":[],"fullName":"keeps Agent header, conversation body, and composer in independent regions","status":"passed","title":"keeps Agent header, conversation body, and composer in independent regions","duration":17.29197899999963,"failureMessages":[],"meta":{}},{"ancestorTitles":[],"fullName":"preserves internal dialog mousedown defaults, text entry and button clicks","status":"passed","title":"preserves internal dialog mousedown defaults, text entry and button clicks","duration":15.92246299999988,"failureMessages":[],"meta":{}},{"ancestorTitles":[],"fullName":"refreshes adapter projections after render, invalidates old proposals, and prunes without a render loop","status":"passed","title":"refreshes adapter projections after render, invalidates old proposals, and prunes without a render loop","duration":24.720994000000246,"failureMessages":[],"meta":{}},{"ancestorTitles":[],"fullName":"localizes shared multi-selection and unavailable commands with stable action IDs","status":"passed","title":"localizes shared multi-selection and unavailable commands with stable action IDs","duration":21.94496900000013,"failureMessages":[],"meta":{}},{"ancestorTitles":[],"fullName":"binds Canvas multi-selection to Inspector, toolbar, Command and Agent and invalidates a primary-only proposal","status":"passed","title":"binds Canvas multi-selection to Inspector, toolbar, Command and Agent and invalidates a primary-only proposal","duration":129.19017799999983,"failureMessages":[],"meta":{}},{"ancestorTitles":[],"fullName":"increases mounted provider revision across workspace, project and surface scopes with fresh empty lifetimes","status":"passed","title":"increases mounted provider revision across workspace, project and surface scopes with fresh empty lifetimes","duration":14.26571100000001,"failureMessages":[],"meta":{}},{"ancestorTitles":[],"fullName":"Slice1C pagehide persisted=false retires synchronously and pageshow starts fresh without restoring proposals","status":"passed","title":"Slice1C pagehide persisted=false retires synchronously and pageshow starts fresh without restoring proposals","duration":14.545299000000341,"failureMessages":[],"meta":{}},{"ancestorTitles":[],"fullName":"Slice1C pagehide persisted=true retires synchronously and pageshow starts fresh without restoring proposals","status":"passed","title":"Slice1C pagehide persisted=true retires synchronously and pageshow starts fresh without restoring proposals","duration":13.819714999999633,"failureMessages":[],"meta":{}},{"ancestorTitles":[],"fullName":"Slice1C actual route query and hash preserve the same live exact owner and proposal; focus is independent","status":"passed","title":"Slice1C actual route query and hash preserve the same live exact owner and proposal; focus is independent","duration":411.7415609999998,"failureMessages":[],"meta":{}},{"ancestorTitles":[],"fullName":"Slice1C actual route surface change is empty and fresh with no colliding localId carry and atomic observations","status":"passed","title":"Slice1C actual route surface change is empty and fresh with no colliding localId carry and atomic observations","duration":82.87698999999975,"failureMessages":[],"meta":{}},{"ancestorTitles":[],"fullName":"Slice1C actual route project change is empty and fresh with no colliding localId carry and atomic observations","status":"passed","title":"Slice1C actual route project change is empty and fresh with no colliding localId carry and atomic observations","duration":83.80887999999959,"failureMessages":[],"meta":{}},{"ancestorTitles":[],"fullName":"Slice1C actual route workspace change is empty and fresh with no colliding localId carry and atomic observations","status":"passed","title":"Slice1C actual route workspace change is empty and fresh with no colliding localId carry and atomic observations","duration":88.09137999999984,"failureMessages":[],"meta":{}},{"ancestorTitles":[],"fullName":"Slice1C actual Back and Forward recreate owners without historical membership","status":"passed","title":"Slice1C actual Back and Forward recreate owners without historical membership","duration":135.3861450000004,"failureMessages":[],"meta":{}},{"ancestorTitles":[],"fullName":"Slice1C aborted precommit navigation retains the actual old owner and exact valid proposal","status":"passed","title":"Slice1C aborted precommit navigation retains the actual old owner and exact valid proposal","duration":49.521144999999706,"failureMessages":[],"meta":{}},{"ancestorTitles":[],"fullName":"Slice1C committed unresolved and ERROR targets expose no old selection or adapter and late responses cannot reactivate them","status":"passed","title":"Slice1C committed unresolved and ERROR targets expose no old selection or adapter and late responses cannot reactivate them","duration":56.85327200000029,"failureMessages":[],"meta":{}},{"ancestorTitles":[],"fullName":"Slice1C malformed or missing route IDs and unsupported surface /w/w/projects/%20/canvas expose no old owner","status":"passed","title":"Slice1C malformed or missing route IDs and unsupported surface /w/w/projects/%20/canvas expose no old owner","duration":44.89524799999981,"failureMessages":[],"meta":{}},{"ancestorTitles":[],"fullName":"Slice1C malformed or missing route IDs and unsupported surface /w/%20/projects/p/canvas expose no old owner","status":"passed","title":"Slice1C malformed or missing route IDs and unsupported surface /w/%20/projects/p/canvas expose no old owner","duration":48.231236000000536,"failureMessages":[],"meta":{}},{"ancestorTitles":[],"fullName":"Slice1C malformed or missing route IDs and unsupported surface /w/w/projects/p/unsupported expose no old owner","status":"passed","title":"Slice1C malformed or missing route IDs and unsupported surface /w/w/projects/p/unsupported expose no old owner","duration":52.15452800000003,"failureMessages":[],"meta":{}},{"ancestorTitles":[],"fullName":"Slice1C malformed or missing route IDs and unsupported surface /w/w/projects/canvas expose no old owner","status":"passed","title":"Slice1C malformed or missing route IDs and unsupported surface /w/w/projects/canvas expose no old owner","duration":46.83314100000007,"failureMessages":[],"meta":{}},{"ancestorTitles":[],"fullName":"Slice1C BLOCKED unknown project is explicitly provisional and confers no canonical authorization","status":"passed","title":"Slice1C BLOCKED unknown project is explicitly provisional and confers no canonical authorization","duration":56.40716499999962,"failureMessages":[],"meta":{}},{"ancestorTitles":[],"fullName":"Slice1C StrictMode adapter and owner recreation stays usable but never resurrects a retired proposal","status":"passed","title":"Slice1C StrictMode adapter and owner recreation stays usable but never resurrects a retired proposal","duration":6.7274010000001,"failureMessages":[],"meta":{}},{"ancestorTitles":[],"fullName":"Slice1C actual route commit cancels drag before old DOM retirement without partial geometry commit","status":"passed","title":"Slice1C actual route commit cancels drag before old DOM retirement without partial geometry commit","duration":84.27552199999991,"failureMessages":[],"meta":{}},{"ancestorTitles":[],"fullName":"Slice1C actual route commit cancels marquee before old DOM retirement without partial geometry commit","status":"passed","title":"Slice1C actual route commit cancels marquee before old DOM retirement without partial geometry commit","duration":83.04912999999942,"failureMessages":[],"meta":{}},{"ancestorTitles":[],"fullName":"Slice1C actual route commit cancels pan before old DOM retirement without partial geometry commit","status":"passed","title":"Slice1C actual route commit cancels pan before old DOM retirement without partial geometry commit","duration":92.8434870000001,"failureMessages":[],"meta":{}},{"ancestorTitles":[],"fullName":"palette enters search, clamps enabled arrows, owns result Home/End and scrolls focused buttons","status":"passed","title":"palette enters search, clamps enabled arrows, owns result Home/End and scrolls focused buttons","duration":12.878195999999662,"failureMessages":[],"meta":{}},{"ancestorTitles":[],"fullName":"palette preserves editing and modified keys; input Enter is inert and native result click executes once","status":"passed","title":"palette preserves editing and modified keys; input Enter is inert and native result click executes once","duration":9.686412000000018,"failureMessages":[],"meta":{}},{"ancestorTitles":[],"fullName":"palette reconciles filter, no-match, all-unavailable and removed or disabled active results","status":"passed","title":"palette reconciles filter, no-match, all-unavailable and removed or disabled active results","duration":10.191757000000507,"failureMessages":[],"meta":{}},{"ancestorTitles":[],"fullName":"palette resolves replacement by stable ID despite label and order changes","status":"passed","title":"palette resolves replacement by stable ID despite label and order changes","duration":7.796726999999919,"failureMessages":[],"meta":{}},{"ancestorTitles":[],"fullName":"palette blocks simulated IME navigation, activation and Escape (events)","status":"passed","title":"palette blocks simulated IME navigation, activation and Escape (events)","duration":12.123239999999896,"failureMessages":[],"meta":{}},{"ancestorTitles":[],"fullName":"palette blocks simulated IME navigation, activation and Escape (native)","status":"passed","title":"palette blocks simulated IME navigation, activation and Escape (native)","duration":7.458904000000075,"failureMessages":[],"meta":{}},{"ancestorTitles":[],"fullName":"palette blocks simulated IME navigation, activation and Escape (legacy)","status":"passed","title":"palette blocks simulated IME navigation, activation and Escape (legacy)","duration":7.430586999999832,"failureMessages":[],"meta":{}},{"ancestorTitles":[],"fullName":"palette has localized purpose, one live status and external unavailable descriptions in en","status":"passed","title":"palette has localized purpose, one live status and external unavailable descriptions in en","duration":6.433289999999943,"failureMessages":[],"meta":{}},{"ancestorTitles":[],"fullName":"palette has localized purpose, one live status and external unavailable descriptions in zh-CN","status":"passed","title":"palette has localized purpose, one live status and external unavailable descriptions in zh-CN","duration":6.077199000000292,"failureMessages":[],"meta":{}},{"ancestorTitles":[],"fullName":"palette retains dialog Tab boundary trap, Escape and launcher restoration","status":"passed","title":"palette retains dialog Tab boundary trap, Escape and launcher restoration","duration":41.54482000000007,"failureMessages":[],"meta":{}},{"ancestorTitles":[],"fullName":"palette selection projections reject retained closures and dispatch current primary/query without focus selection changes","status":"passed","title":"palette selection projections reject retained closures and dispatch current primary/query without focus selection changes","duration":13.084949000000051,"failureMessages":[],"meta":{}},{"ancestorTitles":[],"fullName":"palette suppresses a simulated composing Space release after composition ends","status":"passed","title":"palette suppresses a simulated composing Space release after composition ends","duration":4.872012000000723,"failureMessages":[],"meta":{}},{"ancestorTitles":[],"fullName":"retained Selection commands reject changed revisions before dispatch, including untargeted actions","status":"passed","title":"retained Selection commands reject changed revisions before dispatch, including untargeted actions","duration":12.096701999999823,"failureMessages":[],"meta":{}},{"ancestorTitles":[],"fullName":"V5 discovers Canvas history in the shared palette, reconciles Inspector and keeps canonical actions disabled","status":"passed","title":"V5 discovers Canvas history in the shared palette, reconciles Inspector and keeps canonical actions disabled","duration":126.21833100000003,"failureMessages":[],"meta":{}},{"ancestorTitles":[],"fullName":"V5 retained contextual history checks live adapter availability even before a new render","status":"passed","title":"V5 retained contextual history checks live adapter availability even before a new render","duration":1.6674530000000232,"failureMessages":[],"meta":{}}],"startTime":1788848472053,"endTime":1788848475001.6675,"status":"passed","message":"","name":"/home/user/Documents/workspace/projects/.worktrees/frontend-wave2-product-ux-v1/frontend/src/interaction/InteractionShell.test.tsx"},{"assertionResults":[{"ancestorTitles":["product selection and intent boundary"],"fullName":"product selection and intent boundary owns structural multiselection and rejects unknown presentation IDs","status":"passed","title":"owns structural multiselection and rejects unknown presentation IDs","duration":7.051785000000109,"failureMessages":[],"meta":{}},{"ancestorTitles":["product selection and intent boundary"],"fullName":"product selection and intent boundary keeps an explicit primary while multi-selection can contract, and invalidates a proposal on time or selection","status":"passed","title":"keeps an explicit primary while multi-selection can contract, and invalidates a proposal on time or selection","duration":3.5397279999999682,"failureMessages":[],"meta":{}},{"ancestorTitles":["product selection and intent boundary"],"fullName":"product selection and intent boundary lowers the same rename intent identically from every invocation source","status":"passed","title":"lowers the same rename intent identically from every invocation source","duration":2.052466000000095,"failureMessages":[],"meta":{}},{"ancestorTitles":["product selection and intent boundary"],"fullName":"product selection and intent boundary rejects canonical requests before invoking any surface adapter","status":"passed","title":"rejects canonical requests before invoking any surface adapter","duration":1.6301630000000387,"failureMessages":[],"meta":{}},{"ancestorTitles":["product selection and intent boundary"],"fullName":"product selection and intent boundary preserves selection while hiding inspector and resets in a fresh scope","status":"passed","title":"preserves selection while hiding inspector and resets in a fresh scope","duration":0.43944299999998293,"failureMessages":[],"meta":{}},{"ancestorTitles":["product selection and intent boundary"],"fullName":"product selection and intent boundary interprets supplied local title and rejects stale proposals even after selection returns","status":"passed","title":"interprets supplied local title and rejects stale proposals even after selection returns","duration":0.7073179999999866,"failureMessages":[],"meta":{}},{"ancestorTitles":["product selection and intent boundary"],"fullName":"product selection and intent boundary fails closed for unknown interpretation, cross-store proposal and wrong categories","status":"passed","title":"fails closed for unknown interpretation, cross-store proposal and wrong categories","duration":0.4787740000001577,"failureMessages":[],"meta":{}},{"ancestorTitles":["product selection and intent boundary"],"fullName":"product selection and intent boundary bounds explicit simulated time and projects revision questions without fabricating facts","status":"passed","title":"bounds explicit simulated time and projects revision questions without fabricating facts","duration":0.44342299999993884,"failureMessages":[],"meta":{}},{"ancestorTitles":["scoped ordered selection invariants"],"fullName":"scoped ordered selection invariants replaces in input order, toggles additions, removes primary, and clears with true no-ops","status":"passed","title":"replaces in input order, toggles additions, removes primary, and clears with true no-ops","duration":1.947979000000032,"failureMessages":[],"meta":{}},{"ancestorTitles":["scoped ordered selection invariants"],"fullName":"scoped ordered selection invariants rejects wrong scope, kind, unknown, edge, stale revision and lifetime without changing membership","status":"passed","title":"rejects wrong scope, kind, unknown, edge, stale revision and lifetime without changing membership","duration":0.7861239999999725,"failureMessages":[],"meta":{}},{"ancestorTitles":["scoped ordered selection invariants"],"fullName":"scoped ordered selection invariants reconciles changed projections and missing objects before Agent apply; leave rotates lifetime","status":"passed","title":"reconciles changed projections and missing objects before Agent apply; leave rotates lifetime","duration":1.3227240000001075,"failureMessages":[],"meta":{}},{"ancestorTitles":["scoped ordered selection invariants"],"fullName":"scoped ordered selection invariants does not invalidate on inspector, Agent, reveal, or unchanged local geometry/title","status":"passed","title":"does not invalidate on inspector, Agent, reveal, or unchanged local geometry/title","duration":0.3697869999998602,"failureMessages":[],"meta":{}},{"ancestorTitles":[],"fullName":"keeps published snapshots immutable and rejects a second active adapter","status":"passed","title":"keeps published snapshots immutable and rejects a second active adapter","duration":1.101479000000154,"failureMessages":[],"meta":{}},{"ancestorTitles":[],"fullName":"distinguishes presentation kinds sharing a local ID and rejects ambiguous ID-only operations","status":"passed","title":"distinguishes presentation kinds sharing a local ID and rejects ambiguous ID-only operations","duration":0.5108909999999014,"failureMessages":[],"meta":{}},{"ancestorTitles":[],"fullName":"increments revision for a primary-only change and preserves ordered membership on a repeated no-op","status":"passed","title":"increments revision for a primary-only change and preserves ordered membership on a repeated no-op","duration":0.8941149999998288,"failureMessages":[],"meta":{}},{"ancestorTitles":[],"fullName":"Slice1C retirement invalidates ownership synchronously and rejects retained mutations and proposals","status":"passed","title":"Slice1C retirement invalidates ownership synchronously and rejects retained mutations and proposals","duration":1.0116289999998571,"failureMessages":[],"meta":{}},{"ancestorTitles":[],"fullName":"V5 dispatch enforces live history availability without selection and rejects canonical and other surfaces","status":"passed","title":"V5 dispatch enforces live history availability without selection and rejects canonical and other surfaces","duration":0.9833759999999074,"failureMessages":[],"meta":{}}],"startTime":1788848469788,"endTime":1788848469813.9834,"status":"passed","message":"","name":"/home/user/Documents/workspace/projects/.worktrees/frontend-wave2-product-ux-v1/frontend/src/interaction/model.test.ts"},{"assertionResults":[{"ancestorTitles":["localization runtime"],"fullName":"localization runtime renders bundled English and Chinese, switches at runtime, formats values, and falls back per key","status":"passed","title":"renders bundled English and Chinese, switches at runtime, formats values, and falls back per key","duration":75.89565100000004,"failureMessages":[],"meta":{}},{"ancestorTitles":["localization runtime"],"fullName":"localization runtime uses an explicit development marker for an unknown key","status":"passed","title":"uses an explicit development marker for an unknown key","duration":2.2402589999999236,"failureMessages":[],"meta":{}},{"ancestorTitles":["localization runtime"],"fullName":"localization runtime validates required interpolation parameters and ignores extras","status":"passed","title":"validates required interpolation parameters and ignores extras","duration":2.564930000000004,"failureMessages":[],"meta":{}},{"ancestorTitles":["localization runtime"],"fullName":"localization runtime keeps synchronous bundled copy through remote outage and invalid payloads, then accepts valid remote copy","status":"passed","title":"keeps synchronous bundled copy through remote outage and invalid payloads, then accepts valid remote copy","duration":27.24594400000001,"failureMessages":[],"meta":{}},{"ancestorTitles":["localization runtime"],"fullName":"localization runtime prevents a stale locale request from replacing the current locale","status":"passed","title":"prevents a stale locale request from replacing the current locale","duration":26.34071300000005,"failureMessages":[],"meta":{}},{"ancestorTitles":["localization runtime"],"fullName":"localization runtime loads a fresh-object provider once per unresolved locale and reuses resolved cache entries","status":"passed","title":"loads a fresh-object provider once per unresolved locale and reuses resolved cache entries","duration":30.841387000000168,"failureMessages":[],"meta":{}},{"ancestorTitles":["localization runtime"],"fullName":"localization runtime honors an injected resolved cache without refreshing it","status":"passed","title":"honors an injected resolved cache without refreshing it","duration":10.414009000000078,"failureMessages":[],"meta":{}},{"ancestorTitles":["localization runtime"],"fullName":"localization runtime rejects validly digested remote keys and parameter contracts that diverge from English","status":"passed","title":"rejects validly digested remote keys and parameter contracts that diverge from English","duration":12.411700999999994,"failureMessages":[],"meta":{}},{"ancestorTitles":["catalog contract"],"fullName":"catalog contract provides bundled catalogs through a concrete synchronous provider boundary","status":"passed","title":"provides bundled catalogs through a concrete synchronous provider boundary","duration":0.5248979999998937,"failureMessages":[],"meta":{}},{"ancestorTitles":["catalog contract"],"fullName":"catalog contract uses the standard SHA-256 digest algorithm","status":"passed","title":"uses the standard SHA-256 digest algorithm","duration":2.1648159999999734,"failureMessages":[],"meta":{}},{"ancestorTitles":["catalog contract"],"fullName":"catalog contract rejects schema and catalog version mismatches, unknown fields, HTML, malformed locale/namespaces/digest/params, and digest tampering","status":"passed","title":"rejects schema and catalog version mismatches, unknown fields, HTML, malformed locale/namespaces/digest/params, and digest tampering","duration":1.226556999999957,"failureMessages":[],"meta":{}},{"ancestorTitles":["catalog contract"],"fullName":"catalog contract contains malformed and prototype-key inputs and permits repeated placeholders under one parameter contract","status":"passed","title":"contains malformed and prototype-key inputs and permits repeated placeholders under one parameter contract","duration":2.566246000000092,"failureMessages":[],"meta":{}},{"ancestorTitles":["catalog contract"],"fullName":"catalog contract guards every required source key","status":"passed","title":"guards every required source key","duration":1.7717620000000807,"failureMessages":[],"meta":{}}],"startTime":1788848470140,"endTime":1788848470337.7717,"status":"passed","message":"","name":"/home/user/Documents/workspace/projects/.worktrees/frontend-wave2-product-ux-v1/frontend/src/localization/localization.test.tsx"},{"assertionResults":[{"ancestorTitles":["shared application shell"],"fullName":"shared application shell switches Product UI locale from the shell selector","status":"passed","title":"switches Product UI locale from the shell selector","duration":90.06148399999984,"failureMessages":[],"meta":{}},{"ancestorTitles":["shared application shell"],"fullName":"shared application shell allows remote copy replacement without changing protected command availability","status":"passed","title":"allows remote copy replacement without changing protected command availability","duration":69.03335399999969,"failureMessages":[],"meta":{}},{"ancestorTitles":["shared application shell"],"fullName":"shared application shell exposes keyboard-reachable navigation and named panel controls","status":"passed","title":"exposes keyboard-reachable navigation and named panel controls","duration":48.34456300000011,"failureMessages":[],"meta":{}},{"ancestorTitles":["shared application shell"],"fullName":"shared application shell opens a palette whose protected commands remain disabled","status":"passed","title":"opens a palette whose protected commands remain disabled","duration":30.507751999999982,"failureMessages":[],"meta":{}},{"ancestorTitles":[],"fullName":"uses only horizontal Studio and leaves text-entry shortcuts alone","status":"passed","title":"uses only horizontal Studio and leaves text-entry shortcuts alone","duration":16.703041000000212,"failureMessages":[],"meta":{}},{"ancestorTitles":["real AppShell unavailable descriptions in 'en'"],"fullName":"real AppShell unavailable descriptions in 'en' localizes real missing access before and after the fail-closed adapter resolves","status":"passed","title":"localizes real missing access before and after the fail-closed adapter resolves","duration":51.62273400000004,"failureMessages":[],"meta":{}},{"ancestorTitles":["real AppShell unavailable descriptions in 'en'"],"fullName":"real AppShell unavailable descriptions in 'en' localizes the unresolved project explanation","status":"passed","title":"localizes the unresolved project explanation","duration":27.24315400000023,"failureMessages":[],"meta":{}},{"ancestorTitles":["real AppShell unavailable descriptions in 'en'"],"fullName":"real AppShell unavailable descriptions in 'en' localizes the hidden surface explanation ahead of unresolved project and access reasons","status":"passed","title":"localizes the hidden surface explanation ahead of unresolved project and access reasons","duration":34.734334999999646,"failureMessages":[],"meta":{}},{"ancestorTitles":["real AppShell unavailable descriptions in 'en'"],"fullName":"real AppShell unavailable descriptions in 'en' preserves opaque server explanation verbatim: Denied by workspace policy P-42.","status":"passed","title":"preserves opaque server explanation verbatim: Denied by workspace policy P-42.","duration":29.052529999999933,"failureMessages":[],"meta":{}},{"ancestorTitles":["real AppShell unavailable descriptions in 'en'"],"fullName":"real AppShell unavailable descriptions in 'en' preserves opaque server explanation verbatim: This surface is not discoverable at its current maturity.","status":"passed","title":"preserves opaque server explanation verbatim: This surface is not discoverable at its current maturity.","duration":31.92318800000021,"failureMessages":[],"meta":{}},{"ancestorTitles":["real AppShell unavailable descriptions in 'en'"],"fullName":"real AppShell unavailable descriptions in 'en' preserves opaque server explanation verbatim: A server-resolved Project context is required.","status":"passed","title":"preserves opaque server explanation verbatim: A server-resolved Project context is required.","duration":25.319263999999748,"failureMessages":[],"meta":{}},{"ancestorTitles":["real AppShell unavailable descriptions in 'en'"],"fullName":"real AppShell unavailable descriptions in 'en' preserves opaque server explanation verbatim: Effective access is not available from the server. This action is disabled.","status":"passed","title":"preserves opaque server explanation verbatim: Effective access is not available from the server. This action is disabled.","duration":29.499475000000075,"failureMessages":[],"meta":{}},{"ancestorTitles":["real AppShell unavailable descriptions in 'en'"],"fullName":"real AppShell unavailable descriptions in 'en' keeps canonical actions disabled with localized copy even for available access","status":"passed","title":"keeps canonical actions disabled with localized copy even for available access","duration":24.773433000000296,"failureMessages":[],"meta":{}},{"ancestorTitles":["real AppShell unavailable descriptions in 'zh-CN'"],"fullName":"real AppShell unavailable descriptions in 'zh-CN' localizes real missing access before and after the fail-closed adapter resolves","status":"passed","title":"localizes real missing access before and after the fail-closed adapter resolves","duration":46.67218700000012,"failureMessages":[],"meta":{}},{"ancestorTitles":["real AppShell unavailable descriptions in 'zh-CN'"],"fullName":"real AppShell unavailable descriptions in 'zh-CN' localizes the unresolved project explanation","status":"passed","title":"localizes the unresolved project explanation","duration":32.793846999999914,"failureMessages":[],"meta":{}},{"ancestorTitles":["real AppShell unavailable descriptions in 'zh-CN'"],"fullName":"real AppShell unavailable descriptions in 'zh-CN' localizes the hidden surface explanation ahead of unresolved project and access reasons","status":"passed","title":"localizes the hidden surface explanation ahead of unresolved project and access reasons","duration":31.46807200000012,"failureMessages":[],"meta":{}},{"ancestorTitles":["real AppShell unavailable descriptions in 'zh-CN'"],"fullName":"real AppShell unavailable descriptions in 'zh-CN' preserves opaque server explanation verbatim: Denied by workspace policy P-42.","status":"passed","title":"preserves opaque server explanation verbatim: Denied by workspace policy P-42.","duration":23.63522299999977,"failureMessages":[],"meta":{}},{"ancestorTitles":["real AppShell unavailable descriptions in 'zh-CN'"],"fullName":"real AppShell unavailable descriptions in 'zh-CN' preserves opaque server explanation verbatim: This surface is not discoverable at its current maturity.","status":"passed","title":"preserves opaque server explanation verbatim: This surface is not discoverable at its current maturity.","duration":23.289072000000033,"failureMessages":[],"meta":{}},{"ancestorTitles":["real AppShell unavailable descriptions in 'zh-CN'"],"fullName":"real AppShell unavailable descriptions in 'zh-CN' preserves opaque server explanation verbatim: A server-resolved Project context is required.","status":"passed","title":"preserves opaque server explanation verbatim: A server-resolved Project context is required.","duration":25.575522999999976,"failureMessages":[],"meta":{}},{"ancestorTitles":["real AppShell unavailable descriptions in 'zh-CN'"],"fullName":"real AppShell unavailable descriptions in 'zh-CN' preserves opaque server explanation verbatim: Effective access is not available from the server. This action is disabled.","status":"passed","title":"preserves opaque server explanation verbatim: Effective access is not available from the server. This action is disabled.","duration":21.91760000000022,"failureMessages":[],"meta":{}},{"ancestorTitles":["real AppShell unavailable descriptions in 'zh-CN'"],"fullName":"real AppShell unavailable descriptions in 'zh-CN' keeps canonical actions disabled with localized copy even for available access","status":"passed","title":"keeps canonical actions disabled with localized copy even for available access","duration":28.501630000000205,"failureMessages":[],"meta":{}},{"ancestorTitles":["shared notification entry"],"fullName":"shared notification entry has exactly one fail-closed entry on workspace","status":"passed","title":"has exactly one fail-closed entry on workspace","duration":11.152691000000232,"failureMessages":[],"meta":{}},{"ancestorTitles":["shared notification entry"],"fullName":"shared notification entry has exactly one fail-closed entry on project-overview","status":"passed","title":"has exactly one fail-closed entry on project-overview","duration":9.818473000000267,"failureMessages":[],"meta":{}},{"ancestorTitles":["shared notification entry"],"fullName":"shared notification entry has exactly one fail-closed entry on nle","status":"passed","title":"has exactly one fail-closed entry on nle","duration":9.555887999999868,"failureMessages":[],"meta":{}},{"ancestorTitles":["shared notification entry"],"fullName":"shared notification entry has exactly one fail-closed entry on canvas","status":"passed","title":"has exactly one fail-closed entry on canvas","duration":9.03803999999991,"failureMessages":[],"meta":{}},{"ancestorTitles":["shared notification entry"],"fullName":"shared notification entry has exactly one fail-closed entry on storyboard","status":"passed","title":"has exactly one fail-closed entry on storyboard","duration":12.116785000000164,"failureMessages":[],"meta":{}},{"ancestorTitles":["shared notification entry"],"fullName":"shared notification entry has exactly one fail-closed entry on screenplay","status":"passed","title":"has exactly one fail-closed entry on screenplay","duration":9.309945999999854,"failureMessages":[],"meta":{}},{"ancestorTitles":["shared notification entry"],"fullName":"shared notification entry has exactly one fail-closed entry on agent","status":"passed","title":"has exactly one fail-closed entry on agent","duration":9.04529199999979,"failureMessages":[],"meta":{}},{"ancestorTitles":["shared notification entry"],"fullName":"shared notification entry has exactly one fail-closed entry on workflow","status":"passed","title":"has exactly one fail-closed entry on workflow","duration":8.926720999999816,"failureMessages":[],"meta":{}},{"ancestorTitles":["shared notification entry"],"fullName":"shared notification entry has exactly one fail-closed entry on recipe","status":"passed","title":"has exactly one fail-closed entry on recipe","duration":9.21557299999995,"failureMessages":[],"meta":{}},{"ancestorTitles":["shared notification entry"],"fullName":"shared notification entry has exactly one fail-closed entry on review","status":"passed","title":"has exactly one fail-closed entry on review","duration":12.893227000000024,"failureMessages":[],"meta":{}},{"ancestorTitles":["shared notification entry"],"fullName":"shared notification entry has exactly one fail-closed entry on production","status":"passed","title":"has exactly one fail-closed entry on production","duration":9.011997999999949,"failureMessages":[],"meta":{}},{"ancestorTitles":["shared notification entry"],"fullName":"shared notification entry has exactly one fail-closed entry on operations","status":"passed","title":"has exactly one fail-closed entry on operations","duration":8.211503999999877,"failureMessages":[],"meta":{}},{"ancestorTitles":["shared notification entry"],"fullName":"shared notification entry has exactly one fail-closed entry on admin","status":"passed","title":"has exactly one fail-closed entry on admin","duration":8.204012000000148,"failureMessages":[],"meta":{}},{"ancestorTitles":["shared notification entry"],"fullName":"shared notification entry has exactly one fail-closed entry on developer","status":"passed","title":"has exactly one fail-closed entry on developer","duration":8.302664000000277,"failureMessages":[],"meta":{}},{"ancestorTitles":["shared notification entry"],"fullName":"shared notification entry keeps inbox identity independent of project and preserves Selection on opening, detail and read","status":"passed","title":"keeps inbox identity independent of project and preserves Selection on opening, detail and read","duration":117.07188499999984,"failureMessages":[],"meta":{}},{"ancestorTitles":["session-local command palette shortcut"],"fullName":"session-local command palette shortcut applies, cancels and resets the shortcut while preserving focus, drafts and shared selection actions","status":"passed","title":"applies, cancels and resets the shortcut while preserving focus, drafts and shared selection actions","duration":92.31890399999975,"failureMessages":[],"meta":{}},{"ancestorTitles":["session-local command palette shortcut"],"fullName":"session-local command palette shortcut leaves native editing and handled gestures alone, including an active composition without a key flag","status":"passed","title":"leaves native editing and handled gestures alone, including an active composition without a key flag","duration":22.585595999999896,"failureMessages":[],"meta":{}},{"ancestorTitles":["session-local command palette shortcut"],"fullName":"session-local command palette shortcut keeps modal ownership for shortcuts and behind-modal activation and hands focus to a shared Agent action","status":"passed","title":"keeps modal ownership for shortcuts and behind-modal activation and hands focus to a shared Agent action","duration":52.10971500000005,"failureMessages":[],"meta":{}},{"ancestorTitles":["session-local command palette shortcut"],"fullName":"session-local command palette shortcut repairs an unsupported initial shortcut and retains native dialog focus in 'en'","status":"passed","title":"repairs an unsupported initial shortcut and retains native dialog focus in 'en'","duration":53.701564999999846,"failureMessages":[],"meta":{}},{"ancestorTitles":["session-local command palette shortcut"],"fullName":"session-local command palette shortcut repairs an unsupported initial shortcut and retains native dialog focus in 'zh-CN'","status":"passed","title":"repairs an unsupported initial shortcut and retains native dialog focus in 'zh-CN'","duration":48.747499999999945,"failureMessages":[],"meta":{}},{"ancestorTitles":["session-local command palette shortcut"],"fullName":"session-local command palette shortcut rejects initial and edited collisions without replacing other commands or silently resetting","status":"passed","title":"rejects initial and edited collisions without replacing other commands or silently resetting","duration":72.31150500000012,"failureMessages":[],"meta":{}},{"ancestorTitles":["session-local command palette shortcut"],"fullName":"session-local command palette shortcut retires only local remapping and editor state across scope, owner and mount lifetimes","status":"passed","title":"retires only local remapping and editor state across scope, owner and mount lifetimes","duration":234.10474999999997,"failureMessages":[],"meta":{}},{"ancestorTitles":["session-local command palette shortcut"],"fullName":"session-local command palette shortcut uses the supported caller binding for both discovery and exact keyboard activation","status":"passed","title":"uses the supported caller binding for both discovery and exact keyboard activation","duration":22.821993999999904,"failureMessages":[],"meta":{}}],"startTime":1788848470712,"endTime":1788848472306.822,"status":"passed","message":"","name":"/home/user/Documents/workspace/projects/.worktrees/frontend-wave2-product-ux-v1/frontend/src/components/app-shell/AppShell.test.tsx"},{"assertionResults":[{"ancestorTitles":["ProductionBrowser Scene and Shot discovery"],"fullName":"ProductionBrowser Scene and Shot discovery browses only explicitly related Shots, preserves missing fields, and exposes no mutation or arbitrary URL","status":"passed","title":"browses only explicitly related Shots, preserves missing fields, and exposes no mutation or arbitrary URL","duration":117.67168700000002,"failureMessages":[],"meta":{}},{"ancestorTitles":["ProductionBrowser Scene and Shot discovery"],"fullName":"ProductionBrowser Scene and Shot discovery searches, filters, sorts and resets Scenes locally while retaining controls after detail close","status":"passed","title":"searches, filters, sorts and resets Scenes locally while retaining controls after detail close","duration":120.45674899999995,"failureMessages":[],"meta":{}},{"ancestorTitles":["ProductionBrowser Scene and Shot discovery"],"fullName":"ProductionBrowser Scene and Shot discovery distinguishes empty snapshots, no related Shots, bounded snapshots and missing supplied values","status":"passed","title":"distinguishes empty snapshots, no related Shots, bounded snapshots and missing supplied values","duration":50.46854099999973,"failureMessages":[],"meta":{}},{"ancestorTitles":["ProductionBrowser Scene and Shot discovery"],"fullName":"ProductionBrowser Scene and Shot discovery uses one stable Refresh/Cancel/Retry control, drops cancelled replies, and never steals moved focus","status":"passed","title":"uses one stable Refresh/Cancel/Retry control, drops cancelled replies, and never steals moved focus","duration":32.97545600000012,"failureMessages":[],"meta":{}},{"ancestorTitles":["ProductionBrowser Scene and Shot discovery"],"fullName":"ProductionBrowser Scene and Shot discovery clears content and renders nondisclosing unavailable state with opaque supplied explanation","status":"passed","title":"clears content and renders nondisclosing unavailable state with opaque supplied explanation","duration":24.526370999999926,"failureMessages":[],"meta":{}},{"ancestorTitles":["ProductionBrowser Scene and Shot discovery"],"fullName":"ProductionBrowser Scene and Shot discovery clears content and renders nondisclosing denied state with opaque supplied explanation","status":"passed","title":"clears content and renders nondisclosing denied state with opaque supplied explanation","duration":31.37593199999992,"failureMessages":[],"meta":{}},{"ancestorTitles":["ProductionBrowser Scene and Shot discovery"],"fullName":"ProductionBrowser Scene and Shot discovery clears content and renders nondisclosing unknown state with opaque supplied explanation","status":"passed","title":"clears content and renders nondisclosing unknown state with opaque supplied explanation","duration":23.591765000000123,"failureMessages":[],"meta":{}},{"ancestorTitles":["ProductionBrowser Scene and Shot discovery"],"fullName":"ProductionBrowser Scene and Shot discovery clears content and renders nondisclosing unsupported state with opaque supplied explanation","status":"passed","title":"clears content and renders nondisclosing unsupported state with opaque supplied explanation","duration":20.79448100000036,"failureMessages":[],"meta":{}},{"ancestorTitles":["ProductionBrowser Scene and Shot discovery"],"fullName":"ProductionBrowser Scene and Shot discovery clears content and renders nondisclosing error state with opaque supplied explanation","status":"passed","title":"clears content and renders nondisclosing error state with opaque supplied explanation","duration":20.642285999999785,"failureMessages":[],"meta":{}},{"ancestorTitles":["ProductionBrowser Scene and Shot discovery"],"fullName":"ProductionBrowser Scene and Shot discovery clears content and renders nondisclosing stale state with opaque supplied explanation","status":"passed","title":"clears content and renders nondisclosing stale state with opaque supplied explanation","duration":19.7359849999998,"failureMessages":[],"meta":{}},{"ancestorTitles":["ProductionBrowser Scene and Shot discovery"],"fullName":"ProductionBrowser Scene and Shot discovery fails closed on invalid relations and never retains old content","status":"passed","title":"fails closed on invalid relations and never retains old content","duration":22.086339999999836,"failureMessages":[],"meta":{}},{"ancestorTitles":["ProductionBrowser Scene and Shot discovery"],"fullName":"ProductionBrowser Scene and Shot discovery retires a valid pending reply on principalId change","status":"passed","title":"retires a valid pending reply on principalId change","duration":14.813053000000309,"failureMessages":[],"meta":{}},{"ancestorTitles":["ProductionBrowser Scene and Shot discovery"],"fullName":"ProductionBrowser Scene and Shot discovery retires a valid pending reply on tenantId change","status":"passed","title":"retires a valid pending reply on tenantId change","duration":14.802080999999816,"failureMessages":[],"meta":{}},{"ancestorTitles":["ProductionBrowser Scene and Shot discovery"],"fullName":"ProductionBrowser Scene and Shot discovery retires a valid pending reply on sessionId change","status":"passed","title":"retires a valid pending reply on sessionId change","duration":12.482254000000012,"failureMessages":[],"meta":{}},{"ancestorTitles":["ProductionBrowser Scene and Shot discovery"],"fullName":"ProductionBrowser Scene and Shot discovery retires a valid pending reply on workspaceId change","status":"passed","title":"retires a valid pending reply on workspaceId change","duration":13.971541000000343,"failureMessages":[],"meta":{}},{"ancestorTitles":["ProductionBrowser Scene and Shot discovery"],"fullName":"ProductionBrowser Scene and Shot discovery retires a valid pending reply on projectId change","status":"passed","title":"retires a valid pending reply on projectId change","duration":17.247719999999845,"failureMessages":[],"meta":{}},{"ancestorTitles":["ProductionBrowser Scene and Shot discovery"],"fullName":"ProductionBrowser Scene and Shot discovery retires pending replies on adapter/access replacement and unmount","status":"passed","title":"retires pending replies on adapter/access replacement and unmount","duration":9.957527999999911,"failureMessages":[],"meta":{}},{"ancestorTitles":["ProductionBrowser Scene and Shot discovery"],"fullName":"ProductionBrowser Scene and Shot discovery does not query denied/unknown sources and is unavailable with no injected source","status":"passed","title":"does not query denied/unknown sources and is unavailable with no injected source","duration":10.859918000000107,"failureMessages":[],"meta":{}},{"ancestorTitles":["ProductionBrowser Scene and Shot discovery"],"fullName":"ProductionBrowser Scene and Shot discovery localizes the complete bounded workflow in Chinese while preserving supplied values literally","status":"passed","title":"localizes the complete bounded workflow in Chinese while preserving supplied values literally","duration":33.79060000000027,"failureMessages":[],"meta":{}}],"startTime":1788848470480,"endTime":1788848471093.7905,"status":"passed","message":"","name":"/home/user/Documents/workspace/projects/.worktrees/frontend-wave2-product-ux-v1/frontend/src/product/production/ProductionBrowser.test.tsx"},{"assertionResults":[{"ancestorTitles":["bounded Scene and Shot production projection"],"fullName":"bounded Scene and Shot production projection filters only supplied Scene display fields and status, then sorts stably by name and ID","status":"passed","title":"filters only supplied Scene display fields and status, then sorts stably by name and ID","duration":7.158192000000099,"failureMessages":[],"meta":{}},{"ancestorTitles":["bounded Scene and Shot production projection"],"fullName":"bounded Scene and Shot production projection accepts an owned bounded snapshot with explicit stable Scene-to-Shot relations and safe references","status":"passed","title":"accepts an owned bounded snapshot with explicit stable Scene-to-Shot relations and safe references","duration":11.476169000000027,"failureMessages":[],"meta":{}},{"ancestorTitles":["bounded Scene and Shot production projection"],"fullName":"bounded Scene and Shot production projection rejects malformed, ambiguous, foreign, orphaned, unsafe, unbounded, or mismatched results 0","status":"passed","title":"rejects malformed, ambiguous, foreign, orphaned, unsafe, unbounded, or mismatched results 0","duration":2.743255999999974,"failureMessages":[],"meta":{}},{"ancestorTitles":["bounded Scene and Shot production projection"],"fullName":"bounded Scene and Shot production projection rejects malformed, ambiguous, foreign, orphaned, unsafe, unbounded, or mismatched results 1","status":"passed","title":"rejects malformed, ambiguous, foreign, orphaned, unsafe, unbounded, or mismatched results 1","duration":1.411068000000114,"failureMessages":[],"meta":{}},{"ancestorTitles":["bounded Scene and Shot production projection"],"fullName":"bounded Scene and Shot production projection rejects malformed, ambiguous, foreign, orphaned, unsafe, unbounded, or mismatched results 2","status":"passed","title":"rejects malformed, ambiguous, foreign, orphaned, unsafe, unbounded, or mismatched results 2","duration":0.5915079999999762,"failureMessages":[],"meta":{}},{"ancestorTitles":["bounded Scene and Shot production projection"],"fullName":"bounded Scene and Shot production projection rejects malformed, ambiguous, foreign, orphaned, unsafe, unbounded, or mismatched results 3","status":"passed","title":"rejects malformed, ambiguous, foreign, orphaned, unsafe, unbounded, or mismatched results 3","duration":0.658685000000105,"failureMessages":[],"meta":{}},{"ancestorTitles":["bounded Scene and Shot production projection"],"fullName":"bounded Scene and Shot production projection rejects malformed, ambiguous, foreign, orphaned, unsafe, unbounded, or mismatched results 4","status":"passed","title":"rejects malformed, ambiguous, foreign, orphaned, unsafe, unbounded, or mismatched results 4","duration":0.5416239999999561,"failureMessages":[],"meta":{}},{"ancestorTitles":["bounded Scene and Shot production projection"],"fullName":"bounded Scene and Shot production projection rejects malformed, ambiguous, foreign, orphaned, unsafe, unbounded, or mismatched results 5","status":"passed","title":"rejects malformed, ambiguous, foreign, orphaned, unsafe, unbounded, or mismatched results 5","duration":0.6889369999998962,"failureMessages":[],"meta":{}},{"ancestorTitles":["bounded Scene and Shot production projection"],"fullName":"bounded Scene and Shot production projection rejects malformed, ambiguous, foreign, orphaned, unsafe, unbounded, or mismatched results 6","status":"passed","title":"rejects malformed, ambiguous, foreign, orphaned, unsafe, unbounded, or mismatched results 6","duration":0.8516070000000582,"failureMessages":[],"meta":{}},{"ancestorTitles":["bounded Scene and Shot production projection"],"fullName":"bounded Scene and Shot production projection rejects malformed, ambiguous, foreign, orphaned, unsafe, unbounded, or mismatched results 7","status":"passed","title":"rejects malformed, ambiguous, foreign, orphaned, unsafe, unbounded, or mismatched results 7","duration":0.6121730000002117,"failureMessages":[],"meta":{}},{"ancestorTitles":["bounded Scene and Shot production projection"],"fullName":"bounded Scene and Shot production projection rejects malformed, ambiguous, foreign, orphaned, unsafe, unbounded, or mismatched results 8","status":"passed","title":"rejects malformed, ambiguous, foreign, orphaned, unsafe, unbounded, or mismatched results 8","duration":0.6861519999999928,"failureMessages":[],"meta":{}},{"ancestorTitles":["bounded Scene and Shot production projection"],"fullName":"bounded Scene and Shot production projection rejects malformed, ambiguous, foreign, orphaned, unsafe, unbounded, or mismatched results 9","status":"passed","title":"rejects malformed, ambiguous, foreign, orphaned, unsafe, unbounded, or mismatched results 9","duration":0.7327170000000933,"failureMessages":[],"meta":{}},{"ancestorTitles":["bounded Scene and Shot production projection"],"fullName":"bounded Scene and Shot production projection rejects malformed, ambiguous, foreign, orphaned, unsafe, unbounded, or mismatched results 10","status":"passed","title":"rejects malformed, ambiguous, foreign, orphaned, unsafe, unbounded, or mismatched results 10","duration":0.44643599999994876,"failureMessages":[],"meta":{}},{"ancestorTitles":["bounded Scene and Shot production projection"],"fullName":"bounded Scene and Shot production projection rejects malformed, ambiguous, foreign, orphaned, unsafe, unbounded, or mismatched results 11","status":"passed","title":"rejects malformed, ambiguous, foreign, orphaned, unsafe, unbounded, or mismatched results 11","duration":0.4969260000000304,"failureMessages":[],"meta":{}},{"ancestorTitles":["bounded Scene and Shot production projection"],"fullName":"bounded Scene and Shot production projection rejects malformed, ambiguous, foreign, orphaned, unsafe, unbounded, or mismatched results 12","status":"passed","title":"rejects malformed, ambiguous, foreign, orphaned, unsafe, unbounded, or mismatched results 12","duration":0.38657800000009956,"failureMessages":[],"meta":{}},{"ancestorTitles":["bounded Scene and Shot production projection"],"fullName":"bounded Scene and Shot production projection rejects malformed, ambiguous, foreign, orphaned, unsafe, unbounded, or mismatched results 13","status":"passed","title":"rejects malformed, ambiguous, foreign, orphaned, unsafe, unbounded, or mismatched results 13","duration":0.435231000000158,"failureMessages":[],"meta":{}},{"ancestorTitles":["bounded Scene and Shot production projection"],"fullName":"bounded Scene and Shot production projection rejects malformed, ambiguous, foreign, orphaned, unsafe, unbounded, or mismatched results 14","status":"passed","title":"rejects malformed, ambiguous, foreign, orphaned, unsafe, unbounded, or mismatched results 14","duration":0.37662299999988136,"failureMessages":[],"meta":{}},{"ancestorTitles":["bounded Scene and Shot production projection"],"fullName":"bounded Scene and Shot production projection rejects malformed, ambiguous, foreign, orphaned, unsafe, unbounded, or mismatched results 15","status":"passed","title":"rejects malformed, ambiguous, foreign, orphaned, unsafe, unbounded, or mismatched results 15","duration":0.38978100000008453,"failureMessages":[],"meta":{}},{"ancestorTitles":["bounded Scene and Shot production projection"],"fullName":"bounded Scene and Shot production projection rejects malformed, ambiguous, foreign, orphaned, unsafe, unbounded, or mismatched results 16","status":"passed","title":"rejects malformed, ambiguous, foreign, orphaned, unsafe, unbounded, or mismatched results 16","duration":0.3699180000000979,"failureMessages":[],"meta":{}},{"ancestorTitles":["bounded Scene and Shot production projection"],"fullName":"bounded Scene and Shot production projection rejects malformed, ambiguous, foreign, orphaned, unsafe, unbounded, or mismatched results 17","status":"passed","title":"rejects malformed, ambiguous, foreign, orphaned, unsafe, unbounded, or mismatched results 17","duration":0.32442700000001423,"failureMessages":[],"meta":{}},{"ancestorTitles":["bounded Scene and Shot production projection"],"fullName":"bounded Scene and Shot production projection rejects malformed, ambiguous, foreign, orphaned, unsafe, unbounded, or mismatched results 18","status":"passed","title":"rejects malformed, ambiguous, foreign, orphaned, unsafe, unbounded, or mismatched results 18","duration":0.31235399999991387,"failureMessages":[],"meta":{}},{"ancestorTitles":["bounded Scene and Shot production projection"],"fullName":"bounded Scene and Shot production projection rejects malformed, ambiguous, foreign, orphaned, unsafe, unbounded, or mismatched results 19","status":"passed","title":"rejects malformed, ambiguous, foreign, orphaned, unsafe, unbounded, or mismatched results 19","duration":0.7154709999999795,"failureMessages":[],"meta":{}},{"ancestorTitles":["bounded Scene and Shot production projection"],"fullName":"bounded Scene and Shot production projection rejects malformed, ambiguous, foreign, orphaned, unsafe, unbounded, or mismatched results 20","status":"passed","title":"rejects malformed, ambiguous, foreign, orphaned, unsafe, unbounded, or mismatched results 20","duration":0.5265449999999419,"failureMessages":[],"meta":{}},{"ancestorTitles":["bounded Scene and Shot production projection"],"fullName":"bounded Scene and Shot production projection rejects malformed, ambiguous, foreign, orphaned, unsafe, unbounded, or mismatched results 21","status":"passed","title":"rejects malformed, ambiguous, foreign, orphaned, unsafe, unbounded, or mismatched results 21","duration":0.5693370000001323,"failureMessages":[],"meta":{}},{"ancestorTitles":["bounded Scene and Shot production projection"],"fullName":"bounded Scene and Shot production projection rejects malformed, ambiguous, foreign, orphaned, unsafe, unbounded, or mismatched results 22","status":"passed","title":"rejects malformed, ambiguous, foreign, orphaned, unsafe, unbounded, or mismatched results 22","duration":0.360381999999845,"failureMessages":[],"meta":{}},{"ancestorTitles":["bounded Scene and Shot production projection"],"fullName":"bounded Scene and Shot production projection rejects malformed, ambiguous, foreign, orphaned, unsafe, unbounded, or mismatched results 23","status":"passed","title":"rejects malformed, ambiguous, foreign, orphaned, unsafe, unbounded, or mismatched results 23","duration":0.46636599999987993,"failureMessages":[],"meta":{}},{"ancestorTitles":["bounded Scene and Shot production projection"],"fullName":"bounded Scene and Shot production projection preserves nondisclosing unavailable failure receipts","status":"passed","title":"preserves nondisclosing unavailable failure receipts","duration":0.496988999999985,"failureMessages":[],"meta":{}},{"ancestorTitles":["bounded Scene and Shot production projection"],"fullName":"bounded Scene and Shot production projection preserves nondisclosing denied failure receipts","status":"passed","title":"preserves nondisclosing denied failure receipts","duration":0.24581499999999323,"failureMessages":[],"meta":{}},{"ancestorTitles":["bounded Scene and Shot production projection"],"fullName":"bounded Scene and Shot production projection preserves nondisclosing unknown failure receipts","status":"passed","title":"preserves nondisclosing unknown failure receipts","duration":0.21745599999985643,"failureMessages":[],"meta":{}},{"ancestorTitles":["bounded Scene and Shot production projection"],"fullName":"bounded Scene and Shot production projection preserves nondisclosing unsupported failure receipts","status":"passed","title":"preserves nondisclosing unsupported failure receipts","duration":0.2854979999999614,"failureMessages":[],"meta":{}},{"ancestorTitles":["bounded Scene and Shot production projection"],"fullName":"bounded Scene and Shot production projection preserves nondisclosing error failure receipts","status":"passed","title":"preserves nondisclosing error failure receipts","duration":0.23327900000003865,"failureMessages":[],"meta":{}},{"ancestorTitles":["bounded Scene and Shot production projection"],"fullName":"bounded Scene and Shot production projection preserves nondisclosing stale failure receipts","status":"passed","title":"preserves nondisclosing stale failure receipts","duration":0.20302700000002005,"failureMessages":[],"meta":{}},{"ancestorTitles":["bounded Scene and Shot production projection"],"fullName":"bounded Scene and Shot production projection keys all identity, scope, access, and source ownership inputs","status":"passed","title":"keys all identity, scope, access, and source ownership inputs","duration":0.41898700000001554,"failureMessages":[],"meta":{}},{"ancestorTitles":["bounded Scene and Shot production projection"],"fullName":"bounded Scene and Shot production projection requires exact real and simulated access projections and never treats viewability as permission","status":"passed","title":"requires exact real and simulated access projections and never treats viewability as permission","duration":0.7283440000001065,"failureMessages":[],"meta":{}},{"ancestorTitles":["explicit Production source boundaries"],"fullName":"explicit Production source boundaries defaults unavailable without transport and retains the supplied route scope without inventing identity","status":"passed","title":"defaults unavailable without transport and retains the supplied route scope without inventing identity","duration":2.212906999999859,"failureMessages":[],"meta":{}},{"ancestorTitles":["explicit Production source boundaries"],"fullName":"explicit Production source boundaries creates simulated data only from an explicit supplied identity and never reads URL, storage, or transport","status":"passed","title":"creates simulated data only from an explicit supplied identity and never reads URL, storage, or transport","duration":1.089825000000019,"failureMessages":[],"meta":{}}],"startTime":1788848470000,"endTime":1788848470042.0898,"status":"passed","message":"","name":"/home/user/Documents/workspace/projects/.worktrees/frontend-wave2-product-ux-v1/frontend/src/product/production/model.test.ts"}]}