<?xml version="1.0" encoding="UTF-8"?>
<testsuite name="com.example.platform.sandbox.CleanupFailurePropagationTest" tests="25" skipped="0" failures="0" errors="0" timestamp="2026-09-08T20:57:45.783Z" hostname="localhost.localdomain" time="0.094">
  <properties/>
  <testcase name="failed_force_does_not_abort_later_force_or_root()" classname="com.example.platform.sandbox.CleanupFailurePropagationTest" time="0.043"/>
  <testcase name="container_preliminary_live_survivor_can_resolve_without_sticky_error()" classname="com.example.platform.sandbox.CleanupFailurePropagationTest" time="0.011"/>
  <testcase name="root_observation_uncertainty_is_a_blocking_survivor()" classname="com.example.platform.sandbox.CleanupFailurePropagationTest" time="0.001"/>
  <testcase name="conflicting_same_pid_never_replaces_retained_object()" classname="com.example.platform.sandbox.CleanupFailurePropagationTest" time="0.001"/>
  <testcase name="interrupted_wait_preserves_failure_and_continues_force()" classname="com.example.platform.sandbox.CleanupFailurePropagationTest" time="0.001"/>
  <testcase name="rejected_signal_while_live_stays_failed_after_force()" classname="com.example.platform.sandbox.CleanupFailurePropagationTest" time="0.001"/>
  <testcase name="unknown_retained_identity_fails_closed()" classname="com.example.platform.sandbox.CleanupFailurePropagationTest" time="0.001"/>
  <testcase name="descendant_remains_live()" classname="com.example.platform.sandbox.CleanupFailurePropagationTest" time="0.001"/>
  <testcase name="failed_enumeration_still_cleans_retained_handles_and_root()" classname="com.example.platform.sandbox.CleanupFailurePropagationTest" time="0.001"/>
  <testcase name="partial_enumeration_preserves_already_observed_handles()" classname="com.example.platform.sandbox.CleanupFailurePropagationTest" time="0.002"/>
  <testcase name="bubblewrap_aggregator_preserves_error_with_empty_survivors()" classname="com.example.platform.sandbox.CleanupFailurePropagationTest" time="0.012"/>
  <testcase name="local_primary_and_cleanup_failures_remain_separate()" classname="com.example.platform.sandbox.CleanupFailurePropagationTest" time="0.001"/>
  <testcase name="root_remains_live()" classname="com.example.platform.sandbox.CleanupFailurePropagationTest" time="0.0"/>
  <testcase name="matching_same_pid_keeps_retained_object()" classname="com.example.platform.sandbox.CleanupFailurePropagationTest" time="0.0"/>
  <testcase name="failed_signal_with_empty_survivors_stays_failed()" classname="com.example.platform.sandbox.CleanupFailurePropagationTest" time="0.0"/>
  <testcase name="container_aggregator_preserves_error_with_empty_survivors()" classname="com.example.platform.sandbox.CleanupFailurePropagationTest" time="0.0"/>
  <testcase name="exited_retained_handle_does_not_require_live_process_info()" classname="com.example.platform.sandbox.CleanupFailurePropagationTest" time="0.0"/>
  <testcase name="root_signal_exception_does_not_prevent_descendant_force()" classname="com.example.platform.sandbox.CleanupFailurePropagationTest" time="0.0"/>
  <testcase name="failed_observation_does_not_abort_root_or_other_owned_objects()" classname="com.example.platform.sandbox.CleanupFailurePropagationTest" time="0.0"/>
  <testcase name="container_final_error_with_live_helper_is_not_detached_success()" classname="com.example.platform.sandbox.CleanupFailurePropagationTest" time="0.001"/>
  <testcase name="container_two_pass_known_live_helper_contract_is_preserved()" classname="com.example.platform.sandbox.CleanupFailurePropagationTest" time="0.0"/>
  <testcase name="failed_retained_identity_observation_still_cleans_other_objects()" classname="com.example.platform.sandbox.CleanupFailurePropagationTest" time="0.001"/>
  <testcase name="transient_observation_error_is_retained_after_confirmed_exit()" classname="com.example.platform.sandbox.CleanupFailurePropagationTest" time="0.0"/>
  <testcase name="rejected_signal_after_exit_is_not_a_failure()" classname="com.example.platform.sandbox.CleanupFailurePropagationTest" time="0.001"/>
  <testcase name="container_preserves_preliminary_error_after_successful_final_cleanup()" classname="com.example.platform.sandbox.CleanupFailurePropagationTest" time="0.001"/>
  <system-out><![CDATA[]]></system-out>
  <system-err><![CDATA[]]></system-err>
</testsuite>
