<?xml version="1.0" encoding="UTF-8"?>
<testsuite name="com.example.platform.sandbox.CleanupReliabilityTest" tests="2" skipped="0" failures="0" errors="0" timestamp="2026-09-08T20:57:45.879Z" hostname="localhost.localdomain" time="0.545">
  <properties/>
  <testcase name="descendant_signal_exception_does_not_abort_remaining_cleanup()" classname="com.example.platform.sandbox.CleanupReliabilityTest" time="0.521"/>
  <testcase name="root_completion_lag_uses_existing_grace()" classname="com.example.platform.sandbox.CleanupReliabilityTest" time="0.023"/>
  <system-out><![CDATA[]]></system-out>
  <system-err><![CDATA[]]></system-err>
</testsuite>
